CRITICAL - 2022-08-12 00:01:00 --> preg_match() expects parameter 2 to be string, array given
in SYSTEMPATH\Validation\Validation.php on line 283.
 1 [internal function]: CodeIgniter\Debug\Exceptions->errorHandler(2, 'preg_match() expects parameter 2 to be string, array given', 'SYSTEMPATH\\Validation\\Validation.php', 283, [...])
 2 SYSTEMPATH\Validation\Validation.php(283): preg_match('/(.*?)\\[(.*)\\]/', [...], null)
 3 SYSTEMPATH\Validation\Validation.php(173): CodeIgniter\Validation\Validation->processRules('0', '0', null, [...], [...])
 4 SYSTEMPATH\Controller.php(140): CodeIgniter\Validation\Validation->run()
 5 APPPATH\Controllers\Admin\User.php(54): CodeIgniter\Controller->validate([...])
 6 SYSTEMPATH\CodeIgniter.php(896): App\Controllers\Admin\User->add('1')
 7 SYSTEMPATH\CodeIgniter.php(466): CodeIgniter\CodeIgniter->runController(Object(App\Controllers\Admin\User))
 8 SYSTEMPATH\CodeIgniter.php(349): CodeIgniter\CodeIgniter->handleRequest(null, Object(Config\Cache), false)
 9 FCPATH\index.php(55): CodeIgniter\CodeIgniter->run()
CRITICAL - 2022-08-12 00:01:56 --> preg_match() expects parameter 2 to be string, array given
in SYSTEMPATH\Validation\Validation.php on line 283.
 1 [internal function]: CodeIgniter\Debug\Exceptions->errorHandler(2, 'preg_match() expects parameter 2 to be string, array given', 'SYSTEMPATH\\Validation\\Validation.php', 283, [...])
 2 SYSTEMPATH\Validation\Validation.php(283): preg_match('/(.*?)\\[(.*)\\]/', [...], null)
 3 SYSTEMPATH\Validation\Validation.php(173): CodeIgniter\Validation\Validation->processRules('0', '0', null, [...], [...])
 4 SYSTEMPATH\Controller.php(140): CodeIgniter\Validation\Validation->run()
 5 APPPATH\Controllers\Admin\User.php(54): CodeIgniter\Controller->validate([...])
 6 SYSTEMPATH\CodeIgniter.php(896): App\Controllers\Admin\User->add('1')
 7 SYSTEMPATH\CodeIgniter.php(466): CodeIgniter\CodeIgniter->runController(Object(App\Controllers\Admin\User))
 8 SYSTEMPATH\CodeIgniter.php(349): CodeIgniter\CodeIgniter->handleRequest(null, Object(Config\Cache), false)
 9 FCPATH\index.php(55): CodeIgniter\CodeIgniter->run()
CRITICAL - 2022-08-12 00:02:38 --> preg_match() expects parameter 2 to be string, array given
in SYSTEMPATH\Validation\Validation.php on line 283.
 1 [internal function]: CodeIgniter\Debug\Exceptions->errorHandler(2, 'preg_match() expects parameter 2 to be string, array given', 'SYSTEMPATH\\Validation\\Validation.php', 283, [...])
 2 SYSTEMPATH\Validation\Validation.php(283): preg_match('/(.*?)\\[(.*)\\]/', [...], null)
 3 SYSTEMPATH\Validation\Validation.php(173): CodeIgniter\Validation\Validation->processRules('0', '0', null, [...], [...])
 4 SYSTEMPATH\Controller.php(140): CodeIgniter\Validation\Validation->run()
 5 APPPATH\Controllers\Admin\User.php(54): CodeIgniter\Controller->validate([...])
 6 SYSTEMPATH\CodeIgniter.php(896): App\Controllers\Admin\User->add()
 7 SYSTEMPATH\CodeIgniter.php(466): CodeIgniter\CodeIgniter->runController(Object(App\Controllers\Admin\User))
 8 SYSTEMPATH\CodeIgniter.php(349): CodeIgniter\CodeIgniter->handleRequest(null, Object(Config\Cache), false)
 9 FCPATH\index.php(55): CodeIgniter\CodeIgniter->run()
CRITICAL - 2022-08-12 00:03:40 --> preg_match() expects parameter 2 to be string, array given
in SYSTEMPATH\Validation\Validation.php on line 283.
 1 [internal function]: CodeIgniter\Debug\Exceptions->errorHandler(2, 'preg_match() expects parameter 2 to be string, array given', 'SYSTEMPATH\\Validation\\Validation.php', 283, [...])
 2 SYSTEMPATH\Validation\Validation.php(283): preg_match('/(.*?)\\[(.*)\\]/', [...], null)
 3 SYSTEMPATH\Validation\Validation.php(173): CodeIgniter\Validation\Validation->processRules('0', '0', null, [...], [...])
 4 SYSTEMPATH\Controller.php(140): CodeIgniter\Validation\Validation->run()
 5 APPPATH\Controllers\Admin\User.php(54): CodeIgniter\Controller->validate([...])
 6 SYSTEMPATH\CodeIgniter.php(896): App\Controllers\Admin\User->add('1')
 7 SYSTEMPATH\CodeIgniter.php(466): CodeIgniter\CodeIgniter->runController(Object(App\Controllers\Admin\User))
 8 SYSTEMPATH\CodeIgniter.php(349): CodeIgniter\CodeIgniter->handleRequest(null, Object(Config\Cache), false)
 9 FCPATH\index.php(55): CodeIgniter\CodeIgniter->run()
CRITICAL - 2022-08-12 00:04:50 --> preg_match() expects parameter 2 to be string, array given
in SYSTEMPATH\Validation\Validation.php on line 283.
 1 [internal function]: CodeIgniter\Debug\Exceptions->errorHandler(2, 'preg_match() expects parameter 2 to be string, array given', 'SYSTEMPATH\\Validation\\Validation.php', 283, [...])
 2 SYSTEMPATH\Validation\Validation.php(283): preg_match('/(.*?)\\[(.*)\\]/', [...], null)
 3 SYSTEMPATH\Validation\Validation.php(173): CodeIgniter\Validation\Validation->processRules('0', '0', null, [...], [...])
 4 SYSTEMPATH\Controller.php(140): CodeIgniter\Validation\Validation->run()
 5 APPPATH\Controllers\Admin\User.php(54): CodeIgniter\Controller->validate([...])
 6 SYSTEMPATH\CodeIgniter.php(896): App\Controllers\Admin\User->add('1')
 7 SYSTEMPATH\CodeIgniter.php(466): CodeIgniter\CodeIgniter->runController(Object(App\Controllers\Admin\User))
 8 SYSTEMPATH\CodeIgniter.php(349): CodeIgniter\CodeIgniter->handleRequest(null, Object(Config\Cache), false)
 9 FCPATH\index.php(55): CodeIgniter\CodeIgniter->run()
CRITICAL - 2022-08-12 00:04:58 --> preg_match() expects parameter 2 to be string, array given
in SYSTEMPATH\Validation\Validation.php on line 283.
 1 [internal function]: CodeIgniter\Debug\Exceptions->errorHandler(2, 'preg_match() expects parameter 2 to be string, array given', 'SYSTEMPATH\\Validation\\Validation.php', 283, [...])
 2 SYSTEMPATH\Validation\Validation.php(283): preg_match('/(.*?)\\[(.*)\\]/', [...], null)
 3 SYSTEMPATH\Validation\Validation.php(173): CodeIgniter\Validation\Validation->processRules('0', '0', null, [...], [...])
 4 SYSTEMPATH\Controller.php(140): CodeIgniter\Validation\Validation->run()
 5 APPPATH\Controllers\Admin\User.php(54): CodeIgniter\Controller->validate([...])
 6 SYSTEMPATH\CodeIgniter.php(896): App\Controllers\Admin\User->add('1')
 7 SYSTEMPATH\CodeIgniter.php(466): CodeIgniter\CodeIgniter->runController(Object(App\Controllers\Admin\User))
 8 SYSTEMPATH\CodeIgniter.php(349): CodeIgniter\CodeIgniter->handleRequest(null, Object(Config\Cache), false)
 9 FCPATH\index.php(55): CodeIgniter\CodeIgniter->run()
