CRITICAL - 2022-09-07 05:59:46 -->  route cannot be found while reverse-routing.
in SYSTEMPATH\HTTP\RedirectResponse.php on line 56.
 1 SYSTEMPATH\HTTP\RedirectResponse.php(56): CodeIgniter\HTTP\Exceptions\HTTPException::forInvalidRedirectRoute('ROOTPATH\\public')
 2 APPPATH\Controllers\Admin\Nominee.php(228): CodeIgniter\HTTP\RedirectResponse->route(false)
 3 SYSTEMPATH\CodeIgniter.php(896): App\Controllers\Admin\Nominee->view()
 4 SYSTEMPATH\CodeIgniter.php(466): CodeIgniter\CodeIgniter->runController(Object(App\Controllers\Admin\Nominee))
 5 SYSTEMPATH\CodeIgniter.php(349): CodeIgniter\CodeIgniter->handleRequest(null, Object(Config\Cache), false)
 6 FCPATH\index.php(55): CodeIgniter\CodeIgniter->run()
CRITICAL - 2022-09-07 06:10:57 -->  route cannot be found while reverse-routing.
in SYSTEMPATH\HTTP\RedirectResponse.php on line 56.
 1 SYSTEMPATH\HTTP\RedirectResponse.php(56): CodeIgniter\HTTP\Exceptions\HTTPException::forInvalidRedirectRoute('ROOTPATH\\public')
 2 APPPATH\Controllers\Admin\Nominee.php(227): CodeIgniter\HTTP\RedirectResponse->route(false)
 3 SYSTEMPATH\CodeIgniter.php(896): App\Controllers\Admin\Nominee->view()
 4 SYSTEMPATH\CodeIgniter.php(466): CodeIgniter\CodeIgniter->runController(Object(App\Controllers\Admin\Nominee))
 5 SYSTEMPATH\CodeIgniter.php(349): CodeIgniter\CodeIgniter->handleRequest(null, Object(Config\Cache), false)
 6 FCPATH\index.php(55): CodeIgniter\CodeIgniter->run()
CRITICAL - 2022-09-07 06:14:43 --> syntax error, unexpected '->' (T_OBJECT_OPERATOR), expecting identifier (T_STRING) or variable (T_VARIABLE) or '{' or '$'
in APPPATH\Controllers\Admin\Nominee.php on line 227.
 1 SYSTEMPATH\Autoloader\Autoloader.php(261): CodeIgniter\Autoloader\Autoloader->includeFile('APPPATH\\Controllers\\Admin\\Nominee.php')
 2 SYSTEMPATH\Autoloader\Autoloader.php(239): CodeIgniter\Autoloader\Autoloader->loadInNamespace('App\\Controllers\\Admin\\Nominee')
 3 [internal function]: CodeIgniter\Autoloader\Autoloader->loadClass('App\\Controllers\\Admin\\Nominee')
 4 [internal function]: spl_autoload_call('App\\Controllers\\Admin\\Nominee')
 5 SYSTEMPATH\CodeIgniter.php(846): class_exists('\\App\\Controllers\\Admin\\Nominee', true)
 6 SYSTEMPATH\CodeIgniter.php(453): CodeIgniter\CodeIgniter->startController()
 7 SYSTEMPATH\CodeIgniter.php(349): CodeIgniter\CodeIgniter->handleRequest(null, Object(Config\Cache), false)
 8 FCPATH\index.php(55): CodeIgniter\CodeIgniter->run()
CRITICAL - 2022-09-07 06:14:59 -->  route cannot be found while reverse-routing.
in SYSTEMPATH\HTTP\RedirectResponse.php on line 56.
 1 SYSTEMPATH\HTTP\RedirectResponse.php(56): CodeIgniter\HTTP\Exceptions\HTTPException::forInvalidRedirectRoute('ROOTPATH\\public')
 2 APPPATH\Controllers\Admin\Nominee.php(227): CodeIgniter\HTTP\RedirectResponse->route(false)
 3 SYSTEMPATH\CodeIgniter.php(896): App\Controllers\Admin\Nominee->view()
 4 SYSTEMPATH\CodeIgniter.php(466): CodeIgniter\CodeIgniter->runController(Object(App\Controllers\Admin\Nominee))
 5 SYSTEMPATH\CodeIgniter.php(349): CodeIgniter\CodeIgniter->handleRequest(null, Object(Config\Cache), false)
 6 FCPATH\index.php(55): CodeIgniter\CodeIgniter->run()
CRITICAL - 2022-09-07 06:24:17 --> count(): Parameter must be an array or an object that implements Countable
in APPPATH\Controllers\Admin\Nominee.php on line 233.
 1 [internal function]: CodeIgniter\Debug\Exceptions->errorHandler(2, 'count(): Parameter must be an array or an object that implements Countable', 'APPPATH\\Controllers\\Admin\\Nominee.php', 233, [...])
 2 APPPATH\Controllers\Admin\Nominee.php(233): count(Object(CodeIgniter\Database\MySQLi\Result))
 3 SYSTEMPATH\CodeIgniter.php(896): App\Controllers\Admin\Nominee->view('2')
 4 SYSTEMPATH\CodeIgniter.php(466): CodeIgniter\CodeIgniter->runController(Object(App\Controllers\Admin\Nominee))
 5 SYSTEMPATH\CodeIgniter.php(349): CodeIgniter\CodeIgniter->handleRequest(null, Object(Config\Cache), false)
 6 FCPATH\index.php(55): CodeIgniter\CodeIgniter->run()
CRITICAL - 2022-09-07 06:25:25 --> Undefined index: comment
in APPPATH\Controllers\Admin\Nominee.php on line 235.
 1 APPPATH\Controllers\Admin\Nominee.php(235): CodeIgniter\Debug\Exceptions->errorHandler(8, 'Undefined index: comment', 'APPPATH\\Controllers\\Admin\\Nominee.php', 235, [...])
 2 SYSTEMPATH\CodeIgniter.php(896): App\Controllers\Admin\Nominee->view('2')
 3 SYSTEMPATH\CodeIgniter.php(466): CodeIgniter\CodeIgniter->runController(Object(App\Controllers\Admin\Nominee))
 4 SYSTEMPATH\CodeIgniter.php(349): CodeIgniter\CodeIgniter->handleRequest(null, Object(Config\Cache), false)
 5 FCPATH\index.php(55): CodeIgniter\CodeIgniter->run()
CRITICAL - 2022-09-07 06:27:25 --> Undefined index: comments
in APPPATH\Views\admin\nominee\view.php on line 121.
 1 APPPATH\Views\admin\nominee\view.php(121): CodeIgniter\Debug\Exceptions->errorHandler(8, 'Undefined index: comments', 'APPPATH\\Views\\admin\\nominee\\view.php', 121, [...])
 2 SYSTEMPATH\View\View.php(213): include('APPPATH\\Views\\admin\\nominee\\view.php')
 3 SYSTEMPATH\View\View.php(216): CodeIgniter\View\View->CodeIgniter\View\{closure}()
 4 SYSTEMPATH\Common.php(1135): CodeIgniter\View\View->render('admin/nominee/view', [], true)
 5 APPPATH\Controllers\Admin\Nominee.php(253): view('admin/nominee/view', [...])
 6 SYSTEMPATH\CodeIgniter.php(896): App\Controllers\Admin\Nominee->view('2')
 7 SYSTEMPATH\CodeIgniter.php(466): CodeIgniter\CodeIgniter->runController(Object(App\Controllers\Admin\Nominee))
 8 SYSTEMPATH\CodeIgniter.php(349): CodeIgniter\CodeIgniter->handleRequest(null, Object(Config\Cache), false)
 9 FCPATH\index.php(55): CodeIgniter\CodeIgniter->run()
CRITICAL - 2022-09-07 08:51:45 --> Trying to access array offset on value of type null
in APPPATH\Controllers\Admin\Nominee.php on line 190.
 1 APPPATH\Controllers\Admin\Nominee.php(190): CodeIgniter\Debug\Exceptions->errorHandler(8, 'Trying to access array offset on value of type null', 'APPPATH\\Controllers\\Admin\\Nominee.php', 190, [...])
 2 SYSTEMPATH\CodeIgniter.php(896): App\Controllers\Admin\Nominee->view()
 3 SYSTEMPATH\CodeIgniter.php(466): CodeIgniter\CodeIgniter->runController(Object(App\Controllers\Admin\Nominee))
 4 SYSTEMPATH\CodeIgniter.php(349): CodeIgniter\CodeIgniter->handleRequest(null, Object(Config\Cache), false)
 5 FCPATH\index.php(55): CodeIgniter\CodeIgniter->run()
CRITICAL - 2022-09-07 08:51:48 --> Trying to access array offset on value of type null
in APPPATH\Controllers\Admin\Nominee.php on line 190.
 1 APPPATH\Controllers\Admin\Nominee.php(190): CodeIgniter\Debug\Exceptions->errorHandler(8, 'Trying to access array offset on value of type null', 'APPPATH\\Controllers\\Admin\\Nominee.php', 190, [...])
 2 SYSTEMPATH\CodeIgniter.php(896): App\Controllers\Admin\Nominee->view('4')
 3 SYSTEMPATH\CodeIgniter.php(466): CodeIgniter\CodeIgniter->runController(Object(App\Controllers\Admin\Nominee))
 4 SYSTEMPATH\CodeIgniter.php(349): CodeIgniter\CodeIgniter->handleRequest(null, Object(Config\Cache), false)
 5 FCPATH\index.php(55): CodeIgniter\CodeIgniter->run()
CRITICAL - 2022-09-07 08:51:57 --> Trying to access array offset on value of type null
in APPPATH\Controllers\Admin\Nominee.php on line 190.
 1 APPPATH\Controllers\Admin\Nominee.php(190): CodeIgniter\Debug\Exceptions->errorHandler(8, 'Trying to access array offset on value of type null', 'APPPATH\\Controllers\\Admin\\Nominee.php', 190, [...])
 2 SYSTEMPATH\CodeIgniter.php(896): App\Controllers\Admin\Nominee->view('4')
 3 SYSTEMPATH\CodeIgniter.php(466): CodeIgniter\CodeIgniter->runController(Object(App\Controllers\Admin\Nominee))
 4 SYSTEMPATH\CodeIgniter.php(349): CodeIgniter\CodeIgniter->handleRequest(null, Object(Config\Cache), false)
 5 FCPATH\index.php(55): CodeIgniter\CodeIgniter->run()
