ERROR - 2022-09-30 00:30:51 --> Unknown column 'rating' in 'field list'
CRITICAL - 2022-09-30 00:30:51 --> Unknown column 'rating' in 'field list'
in SYSTEMPATH\Database\MySQLi\Connection.php on line 292.
 1 SYSTEMPATH\Database\MySQLi\Connection.php(292): mysqli->query('SELECT AVG(rating) as avg_rating
FROM `users`
WHERE `ratings`.`nominee_id` = \'6\'', 0)
 2 SYSTEMPATH\Database\BaseConnection.php(695): CodeIgniter\Database\MySQLi\Connection->execute('SELECT AVG(rating) as avg_rating
FROM `users`
WHERE `ratings`.`nominee_id` = \'6\'')
 3 SYSTEMPATH\Database\BaseConnection.php(609): CodeIgniter\Database\BaseConnection->simpleQuery('SELECT AVG(rating) as avg_rating
FROM `users`
WHERE `ratings`.`nominee_id` = \'6\'')
 4 SYSTEMPATH\Database\BaseBuilder.php(1585): CodeIgniter\Database\BaseConnection->query('SELECT AVG(rating) as avg_rating
FROM `users`
WHERE `ratings`.`nominee_id` = :ratings.nominee_id:', [...], false)
 5 SYSTEMPATH\Model.php(771): CodeIgniter\Database\BaseBuilder->get()
 6 APPPATH\Models\NomineeModel.php(71): CodeIgniter\Model->__call('get', [])
 7 APPPATH\Controllers\Admin\Nominee.php(223): App\Models\NomineeModel->getNomineeAverageRating('6')
 8 SYSTEMPATH\CodeIgniter.php(896): App\Controllers\Admin\Nominee->view('6')
 9 SYSTEMPATH\CodeIgniter.php(466): CodeIgniter\CodeIgniter->runController(Object(App\Controllers\Admin\Nominee))
10 SYSTEMPATH\CodeIgniter.php(349): CodeIgniter\CodeIgniter->handleRequest(null, Object(Config\Cache), false)
11 FCPATH\index.php(55): CodeIgniter\CodeIgniter->run()
ERROR - 2022-09-30 00:32:24 --> Unknown column 'rating' in 'field list'
CRITICAL - 2022-09-30 00:32:24 --> Unknown column 'rating' in 'field list'
in SYSTEMPATH\Database\MySQLi\Connection.php on line 292.
 1 SYSTEMPATH\Database\MySQLi\Connection.php(292): mysqli->query('SELECT AVG(rating) as avg_rating
FROM `users`
WHERE `ratings`.`nominee_id` = \'6\'', 0)
 2 SYSTEMPATH\Database\BaseConnection.php(695): CodeIgniter\Database\MySQLi\Connection->execute('SELECT AVG(rating) as avg_rating
FROM `users`
WHERE `ratings`.`nominee_id` = \'6\'')
 3 SYSTEMPATH\Database\BaseConnection.php(609): CodeIgniter\Database\BaseConnection->simpleQuery('SELECT AVG(rating) as avg_rating
FROM `users`
WHERE `ratings`.`nominee_id` = \'6\'')
 4 SYSTEMPATH\Database\BaseBuilder.php(1585): CodeIgniter\Database\BaseConnection->query('SELECT AVG(rating) as avg_rating
FROM `users`
WHERE `ratings`.`nominee_id` = :ratings.nominee_id:', [...], false)
 5 SYSTEMPATH\Model.php(771): CodeIgniter\Database\BaseBuilder->get()
 6 APPPATH\Models\NomineeModel.php(71): CodeIgniter\Model->__call('get', [])
 7 APPPATH\Controllers\Admin\Nominee.php(223): App\Models\NomineeModel->getNomineeAverageRating('6')
 8 SYSTEMPATH\CodeIgniter.php(896): App\Controllers\Admin\Nominee->view('6')
 9 SYSTEMPATH\CodeIgniter.php(466): CodeIgniter\CodeIgniter->runController(Object(App\Controllers\Admin\Nominee))
10 SYSTEMPATH\CodeIgniter.php(349): CodeIgniter\CodeIgniter->handleRequest(null, Object(Config\Cache), false)
11 FCPATH\index.php(55): CodeIgniter\CodeIgniter->run()
ERROR - 2022-09-30 00:35:06 --> Unknown column 'ratings.rating' in 'field list'
CRITICAL - 2022-09-30 00:35:06 --> Unknown column 'ratings.rating' in 'field list'
in SYSTEMPATH\Database\MySQLi\Connection.php on line 292.
 1 SYSTEMPATH\Database\MySQLi\Connection.php(292): mysqli->query('SELECT AVG(ratings.rating) as avg_rating
FROM `users`
WHERE `ratings`.`nominee_id` = \'6\'', 0)
 2 SYSTEMPATH\Database\BaseConnection.php(695): CodeIgniter\Database\MySQLi\Connection->execute('SELECT AVG(ratings.rating) as avg_rating
FROM `users`
WHERE `ratings`.`nominee_id` = \'6\'')
 3 SYSTEMPATH\Database\BaseConnection.php(609): CodeIgniter\Database\BaseConnection->simpleQuery('SELECT AVG(ratings.rating) as avg_rating
FROM `users`
WHERE `ratings`.`nominee_id` = \'6\'')
 4 SYSTEMPATH\Database\BaseBuilder.php(1585): CodeIgniter\Database\BaseConnection->query('SELECT AVG(ratings.rating) as avg_rating
FROM `users`
WHERE `ratings`.`nominee_id` = :ratings.nominee_id:', [...], false)
 5 SYSTEMPATH\Model.php(771): CodeIgniter\Database\BaseBuilder->get()
 6 APPPATH\Models\NomineeModel.php(71): CodeIgniter\Model->__call('get', [])
 7 APPPATH\Controllers\Admin\Nominee.php(223): App\Models\NomineeModel->getNomineeAverageRating('6')
 8 SYSTEMPATH\CodeIgniter.php(896): App\Controllers\Admin\Nominee->view('6')
 9 SYSTEMPATH\CodeIgniter.php(466): CodeIgniter\CodeIgniter->runController(Object(App\Controllers\Admin\Nominee))
10 SYSTEMPATH\CodeIgniter.php(349): CodeIgniter\CodeIgniter->handleRequest(null, Object(Config\Cache), false)
11 FCPATH\index.php(55): CodeIgniter\CodeIgniter->run()
ERROR - 2022-09-30 00:35:08 --> Unknown column 'ratings.rating' in 'field list'
CRITICAL - 2022-09-30 00:35:08 --> Unknown column 'ratings.rating' in 'field list'
in SYSTEMPATH\Database\MySQLi\Connection.php on line 292.
 1 SYSTEMPATH\Database\MySQLi\Connection.php(292): mysqli->query('SELECT AVG(ratings.rating) as avg_rating
FROM `users`
WHERE `ratings`.`nominee_id` = \'6\'', 0)
 2 SYSTEMPATH\Database\BaseConnection.php(695): CodeIgniter\Database\MySQLi\Connection->execute('SELECT AVG(ratings.rating) as avg_rating
FROM `users`
WHERE `ratings`.`nominee_id` = \'6\'')
 3 SYSTEMPATH\Database\BaseConnection.php(609): CodeIgniter\Database\BaseConnection->simpleQuery('SELECT AVG(ratings.rating) as avg_rating
FROM `users`
WHERE `ratings`.`nominee_id` = \'6\'')
 4 SYSTEMPATH\Database\BaseBuilder.php(1585): CodeIgniter\Database\BaseConnection->query('SELECT AVG(ratings.rating) as avg_rating
FROM `users`
WHERE `ratings`.`nominee_id` = :ratings.nominee_id:', [...], false)
 5 SYSTEMPATH\Model.php(771): CodeIgniter\Database\BaseBuilder->get()
 6 APPPATH\Models\NomineeModel.php(71): CodeIgniter\Model->__call('get', [])
 7 APPPATH\Controllers\Admin\Nominee.php(223): App\Models\NomineeModel->getNomineeAverageRating('6')
 8 SYSTEMPATH\CodeIgniter.php(896): App\Controllers\Admin\Nominee->view('6')
 9 SYSTEMPATH\CodeIgniter.php(466): CodeIgniter\CodeIgniter->runController(Object(App\Controllers\Admin\Nominee))
10 SYSTEMPATH\CodeIgniter.php(349): CodeIgniter\CodeIgniter->handleRequest(null, Object(Config\Cache), false)
11 FCPATH\index.php(55): CodeIgniter\CodeIgniter->run()
ERROR - 2022-09-30 00:35:09 --> Unknown column 'ratings.rating' in 'field list'
CRITICAL - 2022-09-30 00:35:09 --> Unknown column 'ratings.rating' in 'field list'
in SYSTEMPATH\Database\MySQLi\Connection.php on line 292.
 1 SYSTEMPATH\Database\MySQLi\Connection.php(292): mysqli->query('SELECT AVG(ratings.rating) as avg_rating
FROM `users`
WHERE `ratings`.`nominee_id` = \'6\'', 0)
 2 SYSTEMPATH\Database\BaseConnection.php(695): CodeIgniter\Database\MySQLi\Connection->execute('SELECT AVG(ratings.rating) as avg_rating
FROM `users`
WHERE `ratings`.`nominee_id` = \'6\'')
 3 SYSTEMPATH\Database\BaseConnection.php(609): CodeIgniter\Database\BaseConnection->simpleQuery('SELECT AVG(ratings.rating) as avg_rating
FROM `users`
WHERE `ratings`.`nominee_id` = \'6\'')
 4 SYSTEMPATH\Database\BaseBuilder.php(1585): CodeIgniter\Database\BaseConnection->query('SELECT AVG(ratings.rating) as avg_rating
FROM `users`
WHERE `ratings`.`nominee_id` = :ratings.nominee_id:', [...], false)
 5 SYSTEMPATH\Model.php(771): CodeIgniter\Database\BaseBuilder->get()
 6 APPPATH\Models\NomineeModel.php(71): CodeIgniter\Model->__call('get', [])
 7 APPPATH\Controllers\Admin\Nominee.php(223): App\Models\NomineeModel->getNomineeAverageRating('6')
 8 SYSTEMPATH\CodeIgniter.php(896): App\Controllers\Admin\Nominee->view('6')
 9 SYSTEMPATH\CodeIgniter.php(466): CodeIgniter\CodeIgniter->runController(Object(App\Controllers\Admin\Nominee))
10 SYSTEMPATH\CodeIgniter.php(349): CodeIgniter\CodeIgniter->handleRequest(null, Object(Config\Cache), false)
11 FCPATH\index.php(55): CodeIgniter\CodeIgniter->run()
ERROR - 2022-09-30 00:35:28 --> Unknown table 'sunpharma.ratings'
CRITICAL - 2022-09-30 00:35:28 --> Unknown table 'sunpharma.ratings'
in SYSTEMPATH\Database\MySQLi\Connection.php on line 292.
 1 SYSTEMPATH\Database\MySQLi\Connection.php(292): mysqli->query('SELECT `ratings`.*, AVG(rating) as avg_rating
FROM `users`
WHERE `ratings`.`nominee_id` = \'6\'', 0)
 2 SYSTEMPATH\Database\BaseConnection.php(695): CodeIgniter\Database\MySQLi\Connection->execute('SELECT `ratings`.*, AVG(rating) as avg_rating
FROM `users`
WHERE `ratings`.`nominee_id` = \'6\'')
 3 SYSTEMPATH\Database\BaseConnection.php(609): CodeIgniter\Database\BaseConnection->simpleQuery('SELECT `ratings`.*, AVG(rating) as avg_rating
FROM `users`
WHERE `ratings`.`nominee_id` = \'6\'')
 4 SYSTEMPATH\Database\BaseBuilder.php(1585): CodeIgniter\Database\BaseConnection->query('SELECT `ratings`.*, AVG(rating) as avg_rating
FROM `users`
WHERE `ratings`.`nominee_id` = :ratings.nominee_id:', [...], false)
 5 SYSTEMPATH\Model.php(771): CodeIgniter\Database\BaseBuilder->get()
 6 APPPATH\Models\NomineeModel.php(71): CodeIgniter\Model->__call('get', [])
 7 APPPATH\Controllers\Admin\Nominee.php(223): App\Models\NomineeModel->getNomineeAverageRating('6')
 8 SYSTEMPATH\CodeIgniter.php(896): App\Controllers\Admin\Nominee->view('6')
 9 SYSTEMPATH\CodeIgniter.php(466): CodeIgniter\CodeIgniter->runController(Object(App\Controllers\Admin\Nominee))
10 SYSTEMPATH\CodeIgniter.php(349): CodeIgniter\CodeIgniter->handleRequest(null, Object(Config\Cache), false)
11 FCPATH\index.php(55): CodeIgniter\CodeIgniter->run()
CRITICAL - 2022-09-30 00:36:46 --> Undefined variable: average_rating
in APPPATH\Views\admin\nominee\view.php on line 8.
 1 APPPATH\Views\admin\nominee\view.php(8): CodeIgniter\Debug\Exceptions->errorHandler(8, 'Undefined variable: average_rating', 'APPPATH\\Views\\admin\\nominee\\view.php', 8, [...])
 2 SYSTEMPATH\View\View.php(213): include('APPPATH\\Views\\admin\\nominee\\view.php')
 3 SYSTEMPATH\View\View.php(216): CodeIgniter\View\View->CodeIgniter\View\{closure}()
 4 SYSTEMPATH\Common.php(1135): CodeIgniter\View\View->render('admin/nominee/view', [], true)
 5 APPPATH\Controllers\Admin\Nominee.php(288): view('admin/nominee/view', [...])
 6 SYSTEMPATH\CodeIgniter.php(896): App\Controllers\Admin\Nominee->view('6')
 7 SYSTEMPATH\CodeIgniter.php(466): CodeIgniter\CodeIgniter->runController(Object(App\Controllers\Admin\Nominee))
 8 SYSTEMPATH\CodeIgniter.php(349): CodeIgniter\CodeIgniter->handleRequest(null, Object(Config\Cache), false)
 9 FCPATH\index.php(55): CodeIgniter\CodeIgniter->run()
CRITICAL - 2022-09-30 01:08:06 --> Undefined variable: average_rating
in APPPATH\Views\admin\nominee\view.php on line 8.
 1 APPPATH\Views\admin\nominee\view.php(8): CodeIgniter\Debug\Exceptions->errorHandler(8, 'Undefined variable: average_rating', 'APPPATH\\Views\\admin\\nominee\\view.php', 8, [...])
 2 SYSTEMPATH\View\View.php(213): include('APPPATH\\Views\\admin\\nominee\\view.php')
 3 SYSTEMPATH\View\View.php(216): CodeIgniter\View\View->CodeIgniter\View\{closure}()
 4 SYSTEMPATH\Common.php(1135): CodeIgniter\View\View->render('admin/nominee/view', [], true)
 5 APPPATH\Controllers\Admin\Nominee.php(288): view('admin/nominee/view', [...])
 6 SYSTEMPATH\CodeIgniter.php(896): App\Controllers\Admin\Nominee->view('6')
 7 SYSTEMPATH\CodeIgniter.php(466): CodeIgniter\CodeIgniter->runController(Object(App\Controllers\Admin\Nominee))
 8 SYSTEMPATH\CodeIgniter.php(349): CodeIgniter\CodeIgniter->handleRequest(null, Object(Config\Cache), false)
 9 FCPATH\index.php(55): CodeIgniter\CodeIgniter->run()
ERROR - 2022-09-30 01:08:34 --> Unknown column 'rating' in 'field list'
CRITICAL - 2022-09-30 01:08:34 --> Unknown column 'rating' in 'field list'
in SYSTEMPATH\Database\MySQLi\Connection.php on line 292.
 1 SYSTEMPATH\Database\MySQLi\Connection.php(292): mysqli->query('SELECT AVG(rating) as avg_rating
FROM `users`
WHERE `ratings`.`nominee_id` = \'6\'', 0)
 2 SYSTEMPATH\Database\BaseConnection.php(695): CodeIgniter\Database\MySQLi\Connection->execute('SELECT AVG(rating) as avg_rating
FROM `users`
WHERE `ratings`.`nominee_id` = \'6\'')
 3 SYSTEMPATH\Database\BaseConnection.php(609): CodeIgniter\Database\BaseConnection->simpleQuery('SELECT AVG(rating) as avg_rating
FROM `users`
WHERE `ratings`.`nominee_id` = \'6\'')
 4 SYSTEMPATH\Database\BaseBuilder.php(1585): CodeIgniter\Database\BaseConnection->query('SELECT AVG(rating) as avg_rating
FROM `users`
WHERE `ratings`.`nominee_id` = :ratings.nominee_id:', [...], false)
 5 SYSTEMPATH\Model.php(771): CodeIgniter\Database\BaseBuilder->get()
 6 APPPATH\Models\NomineeModel.php(71): CodeIgniter\Model->__call('get', [])
 7 APPPATH\Controllers\Admin\Nominee.php(223): App\Models\NomineeModel->getNomineeAverageRating('6')
 8 SYSTEMPATH\CodeIgniter.php(896): App\Controllers\Admin\Nominee->view('6')
 9 SYSTEMPATH\CodeIgniter.php(466): CodeIgniter\CodeIgniter->runController(Object(App\Controllers\Admin\Nominee))
10 SYSTEMPATH\CodeIgniter.php(349): CodeIgniter\CodeIgniter->handleRequest(null, Object(Config\Cache), false)
11 FCPATH\index.php(55): CodeIgniter\CodeIgniter->run()
CRITICAL - 2022-09-30 01:11:48 --> Cannot use object of type CodeIgniter\Database\MySQLi\Result as array
in APPPATH\Controllers\Admin\Nominee.php on line 225.
 1 SYSTEMPATH\CodeIgniter.php(896): App\Controllers\Admin\Nominee->view('6')
 2 SYSTEMPATH\CodeIgniter.php(466): CodeIgniter\CodeIgniter->runController(Object(App\Controllers\Admin\Nominee))
 3 SYSTEMPATH\CodeIgniter.php(349): CodeIgniter\CodeIgniter->handleRequest(null, Object(Config\Cache), false)
 4 FCPATH\index.php(55): CodeIgniter\CodeIgniter->run()
CRITICAL - 2022-09-30 01:44:32 --> Class 'App\Controllers\Admin\AwardsModel' not found
in APPPATH\Controllers\Admin\Awards.php on line 17.
 1 SYSTEMPATH\CodeIgniter.php(896): App\Controllers\Admin\Awards->index()
 2 SYSTEMPATH\CodeIgniter.php(466): CodeIgniter\CodeIgniter->runController(Object(App\Controllers\Admin\Awards))
 3 SYSTEMPATH\CodeIgniter.php(349): CodeIgniter\CodeIgniter->handleRequest(null, Object(Config\Cache), false)
 4 FCPATH\index.php(55): CodeIgniter\CodeIgniter->run()
CRITICAL - 2022-09-30 01:45:27 --> Undefined index: created_date
in APPPATH\Views\admin\awards\list.php on line 50.
 1 APPPATH\Views\admin\awards\list.php(50): CodeIgniter\Debug\Exceptions->errorHandler(8, 'Undefined index: created_date', 'APPPATH\\Views\\admin\\awards\\list.php', 50, [...])
 2 SYSTEMPATH\View\View.php(213): include('APPPATH\\Views\\admin\\awards\\list.php')
 3 SYSTEMPATH\View\View.php(216): CodeIgniter\View\View->CodeIgniter\View\{closure}()
 4 SYSTEMPATH\Common.php(1135): CodeIgniter\View\View->render('admin/awards/list', [], true)
 5 APPPATH\Controllers\Admin\Awards.php(27): view('admin/awards/list', [...])
 6 SYSTEMPATH\CodeIgniter.php(896): App\Controllers\Admin\Awards->index()
 7 SYSTEMPATH\CodeIgniter.php(466): CodeIgniter\CodeIgniter->runController(Object(App\Controllers\Admin\Awards))
 8 SYSTEMPATH\CodeIgniter.php(349): CodeIgniter\CodeIgniter->handleRequest(null, Object(Config\Cache), false)
 9 FCPATH\index.php(55): CodeIgniter\CodeIgniter->run()
CRITICAL - 2022-09-30 02:11:00 --> Undefined variable: categoryModel
in APPPATH\Controllers\Admin\Awards.php on line 25.
 1 APPPATH\Controllers\Admin\Awards.php(25): CodeIgniter\Debug\Exceptions->errorHandler(8, 'Undefined variable: categoryModel', 'APPPATH\\Controllers\\Admin\\Awards.php', 25, [...])
 2 SYSTEMPATH\CodeIgniter.php(896): App\Controllers\Admin\Awards->index()
 3 SYSTEMPATH\CodeIgniter.php(466): CodeIgniter\CodeIgniter->runController(Object(App\Controllers\Admin\Awards))
 4 SYSTEMPATH\CodeIgniter.php(349): CodeIgniter\CodeIgniter->handleRequest(null, Object(Config\Cache), false)
 5 FCPATH\index.php(55): CodeIgniter\CodeIgniter->run()
CRITICAL - 2022-09-30 02:12:26 --> syntax error, unexpected '$data' (T_VARIABLE)
in APPPATH\Controllers\Admin\Awards.php on line 21.
 1 SYSTEMPATH\Autoloader\Autoloader.php(261): CodeIgniter\Autoloader\Autoloader->includeFile('APPPATH\\Controllers\\Admin\\Awards.php')
 2 SYSTEMPATH\Autoloader\Autoloader.php(239): CodeIgniter\Autoloader\Autoloader->loadInNamespace('App\\Controllers\\Admin\\Awards')
 3 [internal function]: CodeIgniter\Autoloader\Autoloader->loadClass('App\\Controllers\\Admin\\Awards')
 4 [internal function]: spl_autoload_call('App\\Controllers\\Admin\\Awards')
 5 SYSTEMPATH\CodeIgniter.php(846): class_exists('\\App\\Controllers\\Admin\\Awards', true)
 6 SYSTEMPATH\CodeIgniter.php(453): CodeIgniter\CodeIgniter->startController()
 7 SYSTEMPATH\CodeIgniter.php(349): CodeIgniter\CodeIgniter->handleRequest(null, Object(Config\Cache), false)
 8 FCPATH\index.php(55): CodeIgniter\CodeIgniter->run()
CRITICAL - 2022-09-30 02:12:50 --> Call to undefined function set_select()
in APPPATH\Views\admin\awards\list.php on line 20.
 1 SYSTEMPATH\View\View.php(213): include()
 2 SYSTEMPATH\View\View.php(216): CodeIgniter\View\View->CodeIgniter\View\{closure}()
 3 SYSTEMPATH\Common.php(1135): CodeIgniter\View\View->render('admin/awards/list', [], true)
 4 APPPATH\Controllers\Admin\Awards.php(33): view('admin/awards/list', [...])
 5 SYSTEMPATH\CodeIgniter.php(896): App\Controllers\Admin\Awards->index()
 6 SYSTEMPATH\CodeIgniter.php(466): CodeIgniter\CodeIgniter->runController(Object(App\Controllers\Admin\Awards))
 7 SYSTEMPATH\CodeIgniter.php(349): CodeIgniter\CodeIgniter->handleRequest(null, Object(Config\Cache), false)
 8 FCPATH\index.php(55): CodeIgniter\CodeIgniter->run()
CRITICAL - 2022-09-30 02:17:42 --> Too few arguments to function App\Models\CategoryModel::getCategoriesByType(), 0 passed in C:\xampp\htdocs\sunpharma\app\Controllers\Admin\Awards.php on line 30 and exactly 1 expected
in APPPATH\Models\CategoryModel.php on line 37.
 1 APPPATH\Controllers\Admin\Awards.php(30): App\Models\CategoryModel->getCategoriesByType()
 2 SYSTEMPATH\CodeIgniter.php(896): App\Controllers\Admin\Awards->index()
 3 SYSTEMPATH\CodeIgniter.php(466): CodeIgniter\CodeIgniter->runController(Object(App\Controllers\Admin\Awards))
 4 SYSTEMPATH\CodeIgniter.php(349): CodeIgniter\CodeIgniter->handleRequest(null, Object(Config\Cache), false)
 5 FCPATH\index.php(55): CodeIgniter\CodeIgniter->run()
CRITICAL - 2022-09-30 02:18:58 --> Call to a member function getResultArray() on array
in APPPATH\Controllers\Admin\Awards.php on line 31.
 1 SYSTEMPATH\CodeIgniter.php(896): App\Controllers\Admin\Awards->index()
 2 SYSTEMPATH\CodeIgniter.php(466): CodeIgniter\CodeIgniter->runController(Object(App\Controllers\Admin\Awards))
 3 SYSTEMPATH\CodeIgniter.php(349): CodeIgniter\CodeIgniter->handleRequest(null, Object(Config\Cache), false)
 4 FCPATH\index.php(55): CodeIgniter\CodeIgniter->run()
CRITICAL - 2022-09-30 02:27:57 --> Undefined index: created_date
in APPPATH\Views\admin\awards\list.php on line 68.
 1 APPPATH\Views\admin\awards\list.php(68): CodeIgniter\Debug\Exceptions->errorHandler(8, 'Undefined index: created_date', 'APPPATH\\Views\\admin\\awards\\list.php', 68, [...])
 2 SYSTEMPATH\View\View.php(213): include('APPPATH\\Views\\admin\\awards\\list.php')
 3 SYSTEMPATH\View\View.php(216): CodeIgniter\View\View->CodeIgniter\View\{closure}()
 4 SYSTEMPATH\Common.php(1135): CodeIgniter\View\View->render('admin/awards/list', [], true)
 5 APPPATH\Controllers\Admin\Awards.php(37): view('admin/awards/list', [...])
 6 SYSTEMPATH\CodeIgniter.php(896): App\Controllers\Admin\Awards->index()
 7 SYSTEMPATH\CodeIgniter.php(466): CodeIgniter\CodeIgniter->runController(Object(App\Controllers\Admin\Awards))
 8 SYSTEMPATH\CodeIgniter.php(349): CodeIgniter\CodeIgniter->handleRequest(null, Object(Config\Cache), false)
 9 FCPATH\index.php(55): CodeIgniter\CodeIgniter->run()
ERROR - 2022-09-30 02:47:06 --> Not unique table/alias: 'ratings'
CRITICAL - 2022-09-30 02:47:06 --> Not unique table/alias: 'ratings'
in SYSTEMPATH\Database\MySQLi\Connection.php on line 292.
 1 SYSTEMPATH\Database\MySQLi\Connection.php(292): mysqli->query('SELECT `category`.`name` as `category_name`, `users`.`firstname`, `users`.`lastname`, `users`.`phone`, `users`.`email`, `users`.`address`, AVG(ratings.rating) as average_rating
FROM `ratings`
JOIN `users` ON `users`.`id` = `ratings`.`nominee_id` AND `users`.`role`="2" AND `users`.`status`="Approved"
JOIN `nominee_details` ON `nominee_details`.`nominee_id` = `users`.`id`
JOIN `ratings` ON `ratings`.`nominee_id` = `users`.`id`', 0)
 2 SYSTEMPATH\Database\BaseConnection.php(695): CodeIgniter\Database\MySQLi\Connection->execute('SELECT `category`.`name` as `category_name`, `users`.`firstname`, `users`.`lastname`, `users`.`phone`, `users`.`email`, `users`.`address`, AVG(ratings.rating) as average_rating
FROM `ratings`
JOIN `users` ON `users`.`id` = `ratings`.`nominee_id` AND `users`.`role`="2" AND `users`.`status`="Approved"
JOIN `nominee_details` ON `nominee_details`.`nominee_id` = `users`.`id`
JOIN `ratings` ON `ratings`.`nominee_id` = `users`.`id`')
 3 SYSTEMPATH\Database\BaseConnection.php(609): CodeIgniter\Database\BaseConnection->simpleQuery('SELECT `category`.`name` as `category_name`, `users`.`firstname`, `users`.`lastname`, `users`.`phone`, `users`.`email`, `users`.`address`, AVG(ratings.rating) as average_rating
FROM `ratings`
JOIN `users` ON `users`.`id` = `ratings`.`nominee_id` AND `users`.`role`="2" AND `users`.`status`="Approved"
JOIN `nominee_details` ON `nominee_details`.`nominee_id` = `users`.`id`
JOIN `ratings` ON `ratings`.`nominee_id` = `users`.`id`')
 4 SYSTEMPATH\Database\BaseBuilder.php(1585): CodeIgniter\Database\BaseConnection->query('SELECT `category`.`name` as `category_name`, `users`.`firstname`, `users`.`lastname`, `users`.`phone`, `users`.`email`, `users`.`address`, AVG(ratings.rating) as average_rating
FROM `ratings`
JOIN `users` ON `users`.`id` = `ratings`.`nominee_id` AND `users`.`role`="2" AND `users`.`status`="Approved"
JOIN `nominee_details` ON `nominee_details`.`nominee_id` = `users`.`id`
JOIN `ratings` ON `ratings`.`nominee_id` = `users`.`id`', [], false)
 5 SYSTEMPATH\Model.php(771): CodeIgniter\Database\BaseBuilder->get()
 6 APPPATH\Models\AwardsModel.php(26): CodeIgniter\Model->__call('get', [])
 7 APPPATH\Controllers\Admin\Awards.php(33): App\Models\AwardsModel->getLists()
 8 SYSTEMPATH\CodeIgniter.php(896): App\Controllers\Admin\Awards->index()
 9 SYSTEMPATH\CodeIgniter.php(466): CodeIgniter\CodeIgniter->runController(Object(App\Controllers\Admin\Awards))
10 SYSTEMPATH\CodeIgniter.php(349): CodeIgniter\CodeIgniter->handleRequest(null, Object(Config\Cache), false)
11 FCPATH\index.php(55): CodeIgniter\CodeIgniter->run()
ERROR - 2022-09-30 02:47:55 --> Not unique table/alias: 'ratings'
CRITICAL - 2022-09-30 02:47:55 --> Not unique table/alias: 'ratings'
in SYSTEMPATH\Database\MySQLi\Connection.php on line 292.
 1 SYSTEMPATH\Database\MySQLi\Connection.php(292): mysqli->query('SELECT `category`.`name` as `category_name`, `users`.`firstname`, `users`.`lastname`, `users`.`phone`, `users`.`email`, `users`.`address`, AVG(ratings.rating) as average_rating
FROM `ratings`
JOIN `nominee_details` ON `nominee_details`.`nominee_id` = `users`.`id`
JOIN `ratings` ON `ratings`.`nominee_id` = `users`.`id`
JOIN `users` ON `users`.`id` = `ratings`.`nominee_id` AND `users`.`role`="2" AND `users`.`status`="Approved"', 0)
 2 SYSTEMPATH\Database\BaseConnection.php(695): CodeIgniter\Database\MySQLi\Connection->execute('SELECT `category`.`name` as `category_name`, `users`.`firstname`, `users`.`lastname`, `users`.`phone`, `users`.`email`, `users`.`address`, AVG(ratings.rating) as average_rating
FROM `ratings`
JOIN `nominee_details` ON `nominee_details`.`nominee_id` = `users`.`id`
JOIN `ratings` ON `ratings`.`nominee_id` = `users`.`id`
JOIN `users` ON `users`.`id` = `ratings`.`nominee_id` AND `users`.`role`="2" AND `users`.`status`="Approved"')
 3 SYSTEMPATH\Database\BaseConnection.php(609): CodeIgniter\Database\BaseConnection->simpleQuery('SELECT `category`.`name` as `category_name`, `users`.`firstname`, `users`.`lastname`, `users`.`phone`, `users`.`email`, `users`.`address`, AVG(ratings.rating) as average_rating
FROM `ratings`
JOIN `nominee_details` ON `nominee_details`.`nominee_id` = `users`.`id`
JOIN `ratings` ON `ratings`.`nominee_id` = `users`.`id`
JOIN `users` ON `users`.`id` = `ratings`.`nominee_id` AND `users`.`role`="2" AND `users`.`status`="Approved"')
 4 SYSTEMPATH\Database\BaseBuilder.php(1585): CodeIgniter\Database\BaseConnection->query('SELECT `category`.`name` as `category_name`, `users`.`firstname`, `users`.`lastname`, `users`.`phone`, `users`.`email`, `users`.`address`, AVG(ratings.rating) as average_rating
FROM `ratings`
JOIN `nominee_details` ON `nominee_details`.`nominee_id` = `users`.`id`
JOIN `ratings` ON `ratings`.`nominee_id` = `users`.`id`
JOIN `users` ON `users`.`id` = `ratings`.`nominee_id` AND `users`.`role`="2" AND `users`.`status`="Approved"', [], false)
 5 SYSTEMPATH\Model.php(771): CodeIgniter\Database\BaseBuilder->get()
 6 APPPATH\Models\AwardsModel.php(27): CodeIgniter\Model->__call('get', [])
 7 APPPATH\Controllers\Admin\Awards.php(33): App\Models\AwardsModel->getLists()
 8 SYSTEMPATH\CodeIgniter.php(896): App\Controllers\Admin\Awards->index()
 9 SYSTEMPATH\CodeIgniter.php(466): CodeIgniter\CodeIgniter->runController(Object(App\Controllers\Admin\Awards))
10 SYSTEMPATH\CodeIgniter.php(349): CodeIgniter\CodeIgniter->handleRequest(null, Object(Config\Cache), false)
11 FCPATH\index.php(55): CodeIgniter\CodeIgniter->run()
ERROR - 2022-09-30 03:14:58 --> Not unique table/alias: 'ratings'
CRITICAL - 2022-09-30 03:14:58 --> Not unique table/alias: 'ratings'
in SYSTEMPATH\Database\MySQLi\Connection.php on line 292.
 1 SYSTEMPATH\Database\MySQLi\Connection.php(292): mysqli->query('SELECT `category`.`name` as `category_name`, SUM(ratings.rating) as rating, `users`.`firstname`, `users`.`dob`, `users`.`id`
FROM `ratings`
JOIN `nominee_details` ON `nominee_details`.`category_id` = `category`.`id`
JOIN `users` ON `users`.`id` = `nominee_details`.`nominee_id` AND `users`.`role`="2"
JOIN `ratings` ON `ratings`.`nominee_id` = `users`.`id`
WHERE `nominee_details`.`category_id` = \'2\'
GROUP BY `ratings`.`nominee_id`', 0)
 2 SYSTEMPATH\Database\BaseConnection.php(695): CodeIgniter\Database\MySQLi\Connection->execute('SELECT `category`.`name` as `category_name`, SUM(ratings.rating) as rating, `users`.`firstname`, `users`.`dob`, `users`.`id`
FROM `ratings`
JOIN `nominee_details` ON `nominee_details`.`category_id` = `category`.`id`
JOIN `users` ON `users`.`id` = `nominee_details`.`nominee_id` AND `users`.`role`="2"
JOIN `ratings` ON `ratings`.`nominee_id` = `users`.`id`
WHERE `nominee_details`.`category_id` = \'2\'
GROUP BY `ratings`.`nominee_id`')
 3 SYSTEMPATH\Database\BaseConnection.php(609): CodeIgniter\Database\BaseConnection->simpleQuery('SELECT `category`.`name` as `category_name`, SUM(ratings.rating) as rating, `users`.`firstname`, `users`.`dob`, `users`.`id`
FROM `ratings`
JOIN `nominee_details` ON `nominee_details`.`category_id` = `category`.`id`
JOIN `users` ON `users`.`id` = `nominee_details`.`nominee_id` AND `users`.`role`="2"
JOIN `ratings` ON `ratings`.`nominee_id` = `users`.`id`
WHERE `nominee_details`.`category_id` = \'2\'
GROUP BY `ratings`.`nominee_id`')
 4 SYSTEMPATH\Database\BaseBuilder.php(1585): CodeIgniter\Database\BaseConnection->query('SELECT `category`.`name` as `category_name`, SUM(ratings.rating) as rating, `users`.`firstname`, `users`.`dob`, `users`.`id`
FROM `ratings`
JOIN `nominee_details` ON `nominee_details`.`category_id` = `category`.`id`
JOIN `users` ON `users`.`id` = `nominee_details`.`nominee_id` AND `users`.`role`="2"
JOIN `ratings` ON `ratings`.`nominee_id` = `users`.`id`
WHERE `nominee_details`.`category_id` = :nominee_details.category_id:
GROUP BY `ratings`.`nominee_id`', [...], false)
 5 SYSTEMPATH\Model.php(771): CodeIgniter\Database\BaseBuilder->get()
 6 APPPATH\Models\AwardsModel.php(29): CodeIgniter\Model->__call('get', [])
 7 APPPATH\Controllers\Admin\Awards.php(33): App\Models\AwardsModel->getLists()
 8 SYSTEMPATH\CodeIgniter.php(896): App\Controllers\Admin\Awards->index()
 9 SYSTEMPATH\CodeIgniter.php(466): CodeIgniter\CodeIgniter->runController(Object(App\Controllers\Admin\Awards))
10 SYSTEMPATH\CodeIgniter.php(349): CodeIgniter\CodeIgniter->handleRequest(null, Object(Config\Cache), false)
11 FCPATH\index.php(55): CodeIgniter\CodeIgniter->run()
CRITICAL - 2022-09-30 03:15:12 --> You must set the database table to be used with your query.
in SYSTEMPATH\Database\BaseConnection.php on line 874.
 1 SYSTEMPATH\Model.php(586): CodeIgniter\Database\BaseConnection->table('ROOTPATH\\public')
 2 SYSTEMPATH\Model.php(763): CodeIgniter\Model->builder()
 3 APPPATH\Models\AwardsModel.php(22): CodeIgniter\Model->__call('table', [...])
 4 APPPATH\Controllers\Admin\Awards.php(33): App\Models\AwardsModel->getLists()
 5 SYSTEMPATH\CodeIgniter.php(896): App\Controllers\Admin\Awards->index()
 6 SYSTEMPATH\CodeIgniter.php(466): CodeIgniter\CodeIgniter->runController(Object(App\Controllers\Admin\Awards))
 7 SYSTEMPATH\CodeIgniter.php(349): CodeIgniter\CodeIgniter->handleRequest(null, Object(Config\Cache), false)
 8 FCPATH\index.php(55): CodeIgniter\CodeIgniter->run()
CRITICAL - 2022-09-30 03:31:10 --> Undefined index: average_rating
in APPPATH\Views\admin\awards\list.php on line 68.
 1 APPPATH\Views\admin\awards\list.php(68): CodeIgniter\Debug\Exceptions->errorHandler(8, 'Undefined index: average_rating', 'APPPATH\\Views\\admin\\awards\\list.php', 68, [...])
 2 SYSTEMPATH\View\View.php(213): include('APPPATH\\Views\\admin\\awards\\list.php')
 3 SYSTEMPATH\View\View.php(216): CodeIgniter\View\View->CodeIgniter\View\{closure}()
 4 SYSTEMPATH\Common.php(1135): CodeIgniter\View\View->render('admin/awards/list', [], true)
 5 APPPATH\Controllers\Admin\Awards.php(37): view('admin/awards/list', [...])
 6 SYSTEMPATH\CodeIgniter.php(896): App\Controllers\Admin\Awards->index()
 7 SYSTEMPATH\CodeIgniter.php(466): CodeIgniter\CodeIgniter->runController(Object(App\Controllers\Admin\Awards))
 8 SYSTEMPATH\CodeIgniter.php(349): CodeIgniter\CodeIgniter->handleRequest(null, Object(Config\Cache), false)
 9 FCPATH\index.php(55): CodeIgniter\CodeIgniter->run()
