CRITICAL - 2022-09-26 07:39:58 --> Trying to access array offset on value of type null
in APPPATH\Views\frontend\header.php on line 73.
 1 APPPATH\Views\frontend\header.php(73): CodeIgniter\Debug\Exceptions->errorHandler(8, 'Trying to access array offset on value of type null', 'APPPATH\\Views\\frontend\\header.php', 73, [...])
 2 SYSTEMPATH\View\View.php(213): include('APPPATH\\Views\\frontend\\header.php')
 3 SYSTEMPATH\View\View.php(216): CodeIgniter\View\View->CodeIgniter\View\{closure}()
 4 SYSTEMPATH\Common.php(1135): CodeIgniter\View\View->render('frontend/header', [], true)
 5 APPPATH\Controllers\Nomination.php(177): view('frontend/header', [...])
 6 SYSTEMPATH\CodeIgniter.php(896): App\Controllers\Nomination->spsfn('yes')
 7 SYSTEMPATH\CodeIgniter.php(466): CodeIgniter\CodeIgniter->runController(Object(App\Controllers\Nomination))
 8 SYSTEMPATH\CodeIgniter.php(349): CodeIgniter\CodeIgniter->handleRequest(null, Object(Config\Cache), false)
 9 FCPATH\index.php(55): CodeIgniter\CodeIgniter->run()
CRITICAL - 2022-09-26 07:40:20 --> Trying to access array offset on value of type null
in APPPATH\Views\frontend\header.php on line 73.
 1 APPPATH\Views\frontend\header.php(73): CodeIgniter\Debug\Exceptions->errorHandler(8, 'Trying to access array offset on value of type null', 'APPPATH\\Views\\frontend\\header.php', 73, [...])
 2 SYSTEMPATH\View\View.php(213): include('APPPATH\\Views\\frontend\\header.php')
 3 SYSTEMPATH\View\View.php(216): CodeIgniter\View\View->CodeIgniter\View\{closure}()
 4 SYSTEMPATH\Common.php(1135): CodeIgniter\View\View->render('frontend/header', [], true)
 5 APPPATH\Controllers\DirectoryResearchAwardees.php(14): view('frontend/header', [...])
 6 SYSTEMPATH\CodeIgniter.php(896): App\Controllers\DirectoryResearchAwardees->index()
 7 SYSTEMPATH\CodeIgniter.php(466): CodeIgniter\CodeIgniter->runController(Object(App\Controllers\DirectoryResearchAwardees))
 8 SYSTEMPATH\CodeIgniter.php(349): CodeIgniter\CodeIgniter->handleRequest(null, Object(Config\Cache), false)
 9 FCPATH\index.php(55): CodeIgniter\CodeIgniter->run()
CRITICAL - 2022-09-26 07:43:47 --> Trying to access array offset on value of type null
in APPPATH\Views\frontend\header.php on line 73.
 1 APPPATH\Views\frontend\header.php(73): CodeIgniter\Debug\Exceptions->errorHandler(8, 'Trying to access array offset on value of type null', 'APPPATH\\Views\\frontend\\header.php', 73, [...])
 2 SYSTEMPATH\View\View.php(213): include('APPPATH\\Views\\frontend\\header.php')
 3 SYSTEMPATH\View\View.php(216): CodeIgniter\View\View->CodeIgniter\View\{closure}()
 4 SYSTEMPATH\Common.php(1135): CodeIgniter\View\View->render('frontend/header', [], true)
 5 APPPATH\Controllers\Nomination.php(178): view('frontend/header', [...])
 6 SYSTEMPATH\CodeIgniter.php(896): App\Controllers\Nomination->spsfn('yes')
 7 SYSTEMPATH\CodeIgniter.php(466): CodeIgniter\CodeIgniter->runController(Object(App\Controllers\Nomination))
 8 SYSTEMPATH\CodeIgniter.php(349): CodeIgniter\CodeIgniter->handleRequest(null, Object(Config\Cache), false)
 9 FCPATH\index.php(55): CodeIgniter\CodeIgniter->run()
