CRITICAL - 2022-11-28 12:08:54 --> round(): Passing null to parameter #1 ($num) of type int|float is deprecated
in APPPATH/Views/admin/nominee/view.php on line 8.
 1 [internal function]: CodeIgniter\Debug\Exceptions->errorHandler()
 2 APPPATH/Views/admin/nominee/view.php(8): round()
 3 SYSTEMPATH/View/View.php(213): include('APPPATH/Views/admin/nominee/view.php')
 4 SYSTEMPATH/View/View.php(216): CodeIgniter\View\View->CodeIgniter\View\{closure}()
 5 SYSTEMPATH/Common.php(1135): CodeIgniter\View\View->render()
 6 APPPATH/Controllers/Admin/Nominee.php(294): view()
 7 SYSTEMPATH/CodeIgniter.php(896): App\Controllers\Admin\Nominee->view()
 8 SYSTEMPATH/CodeIgniter.php(466): CodeIgniter\CodeIgniter->runController()
 9 SYSTEMPATH/CodeIgniter.php(349): CodeIgniter\CodeIgniter->handleRequest()
10 FCPATH/index.php(55): CodeIgniter\CodeIgniter->run()
CRITICAL - 2022-11-28 12:19:19 --> Call to undefined method App\Models\NominationTypesModel::getActiveNomination
in SYSTEMPATH/Model.php on line 773.
 1 APPPATH/Controllers/Home.php(19): CodeIgniter\Model->__call()
 2 SYSTEMPATH/CodeIgniter.php(896): App\Controllers\Home->index()
 3 SYSTEMPATH/CodeIgniter.php(466): CodeIgniter\CodeIgniter->runController()
 4 SYSTEMPATH/CodeIgniter.php(349): CodeIgniter\CodeIgniter->handleRequest()
 5 FCPATH/index.php(55): CodeIgniter\CodeIgniter->run()
CRITICAL - 2022-11-28 12:19:23 --> Call to undefined function App\Controllers\render()
in APPPATH/Controllers/DirectoryScienceScholars.php on line 15.
 1 SYSTEMPATH/CodeIgniter.php(896): App\Controllers\DirectoryScienceScholars->index()
 2 SYSTEMPATH/CodeIgniter.php(466): CodeIgniter\CodeIgniter->runController()
 3 SYSTEMPATH/CodeIgniter.php(349): CodeIgniter\CodeIgniter->handleRequest()
 4 FCPATH/index.php(55): CodeIgniter\CodeIgniter->run()
CRITICAL - 2022-11-28 12:19:25 --> Call to undefined function App\Controllers\render()
in APPPATH/Controllers/Home.php on line 118.
 1 SYSTEMPATH/CodeIgniter.php(896): App\Controllers\Home->contact()
 2 SYSTEMPATH/CodeIgniter.php(466): CodeIgniter\CodeIgniter->runController()
 3 SYSTEMPATH/CodeIgniter.php(349): CodeIgniter\CodeIgniter->handleRequest()
 4 FCPATH/index.php(55): CodeIgniter\CodeIgniter->run()
CRITICAL - 2022-11-28 12:19:26 --> Call to undefined function App\Controllers\render()
in APPPATH/Controllers/Home.php on line 81.
 1 SYSTEMPATH/CodeIgniter.php(896): App\Controllers\Home->aboutus()
 2 SYSTEMPATH/CodeIgniter.php(466): CodeIgniter\CodeIgniter->runController()
 3 SYSTEMPATH/CodeIgniter.php(349): CodeIgniter\CodeIgniter->handleRequest()
 4 FCPATH/index.php(55): CodeIgniter\CodeIgniter->run()
CRITICAL - 2022-11-28 12:19:29 --> Call to undefined function App\Controllers\render()
in APPPATH/Controllers/Home.php on line 81.
 1 SYSTEMPATH/CodeIgniter.php(896): App\Controllers\Home->aboutus()
 2 SYSTEMPATH/CodeIgniter.php(466): CodeIgniter\CodeIgniter->runController()
 3 SYSTEMPATH/CodeIgniter.php(349): CodeIgniter\CodeIgniter->handleRequest()
 4 FCPATH/index.php(55): CodeIgniter\CodeIgniter->run()
CRITICAL - 2022-11-28 12:19:35 --> Call to undefined function App\Controllers\render()
in APPPATH/Controllers/Home.php on line 68.
 1 SYSTEMPATH/CodeIgniter.php(896): App\Controllers\Home->index()
 2 SYSTEMPATH/CodeIgniter.php(466): CodeIgniter\CodeIgniter->runController()
 3 SYSTEMPATH/CodeIgniter.php(349): CodeIgniter\CodeIgniter->handleRequest()
 4 FCPATH/index.php(55): CodeIgniter\CodeIgniter->run()
CRITICAL - 2022-11-28 12:19:40 --> Call to undefined function App\Controllers\render()
in APPPATH/Controllers/Home.php on line 68.
 1 SYSTEMPATH/CodeIgniter.php(896): App\Controllers\Home->index()
 2 SYSTEMPATH/CodeIgniter.php(466): CodeIgniter\CodeIgniter->runController()
 3 SYSTEMPATH/CodeIgniter.php(349): CodeIgniter\CodeIgniter->handleRequest()
 4 FCPATH/index.php(55): CodeIgniter\CodeIgniter->run()
CRITICAL - 2022-11-28 12:20:13 --> Call to undefined function App\Controllers\render()
in APPPATH/Controllers/Home.php on line 68.
 1 SYSTEMPATH/CodeIgniter.php(896): App\Controllers\Home->index()
 2 SYSTEMPATH/CodeIgniter.php(466): CodeIgniter\CodeIgniter->runController()
 3 SYSTEMPATH/CodeIgniter.php(349): CodeIgniter\CodeIgniter->handleRequest()
 4 FCPATH/index.php(55): CodeIgniter\CodeIgniter->run()
CRITICAL - 2022-11-28 12:20:19 --> Call to undefined function App\Controllers\render()
in APPPATH/Controllers/Home.php on line 68.
 1 SYSTEMPATH/CodeIgniter.php(896): App\Controllers\Home->index()
 2 SYSTEMPATH/CodeIgniter.php(466): CodeIgniter\CodeIgniter->runController()
 3 SYSTEMPATH/CodeIgniter.php(349): CodeIgniter\CodeIgniter->handleRequest()
 4 FCPATH/index.php(55): CodeIgniter\CodeIgniter->run()
CRITICAL - 2022-11-28 12:20:27 --> Call to undefined function App\Controllers\render()
in APPPATH/Controllers/Home.php on line 68.
 1 SYSTEMPATH/CodeIgniter.php(896): App\Controllers\Home->index()
 2 SYSTEMPATH/CodeIgniter.php(466): CodeIgniter\CodeIgniter->runController()
 3 SYSTEMPATH/CodeIgniter.php(349): CodeIgniter\CodeIgniter->handleRequest()
 4 FCPATH/index.php(55): CodeIgniter\CodeIgniter->run()
CRITICAL - 2022-11-28 12:20:42 --> Call to undefined function App\Controllers\render()
in APPPATH/Controllers/Home.php on line 68.
 1 SYSTEMPATH/CodeIgniter.php(896): App\Controllers\Home->index()
 2 SYSTEMPATH/CodeIgniter.php(466): CodeIgniter\CodeIgniter->runController()
 3 SYSTEMPATH/CodeIgniter.php(349): CodeIgniter\CodeIgniter->handleRequest()
 4 FCPATH/index.php(55): CodeIgniter\CodeIgniter->run()
CRITICAL - 2022-11-28 12:59:25 --> Undefined array key "user_id"
in APPPATH/Views/frontend/preview.php on line 57.
 1 APPPATH/Views/frontend/preview.php(57): CodeIgniter\Debug\Exceptions->errorHandler()
 2 SYSTEMPATH/View/View.php(213): include('APPPATH/Views/frontend/preview.php')
 3 SYSTEMPATH/View/View.php(216): CodeIgniter\View\View->CodeIgniter\View\{closure}()
 4 SYSTEMPATH/Common.php(1135): CodeIgniter\View\View->render()
 5 APPPATH/Helpers/render_helper.php(10): view()
 6 APPPATH/Controllers/Nomination.php(771): render()
 7 SYSTEMPATH/CodeIgniter.php(896): App\Controllers\Nomination->view()
 8 SYSTEMPATH/CodeIgniter.php(466): CodeIgniter\CodeIgniter->runController()
 9 SYSTEMPATH/CodeIgniter.php(349): CodeIgniter\CodeIgniter->handleRequest()
10 FCPATH/index.php(55): CodeIgniter\CodeIgniter->run()
CRITICAL - 2022-11-28 19:18:09 --> view(): Argument #2 ($data) must be of type array, string given, called in /var/www/html/sunpharma/app/Controllers/User.php on line 110
in SYSTEMPATH/Common.php on line 1121.
 1 APPPATH/Controllers/User.php(110): view()
 2 SYSTEMPATH/CodeIgniter.php(896): App\Controllers\User->sendMail()
 3 SYSTEMPATH/CodeIgniter.php(466): CodeIgniter\CodeIgniter->runController()
 4 SYSTEMPATH/CodeIgniter.php(349): CodeIgniter\CodeIgniter->handleRequest()
 5 FCPATH/index.php(55): CodeIgniter\CodeIgniter->run()
CRITICAL - 2022-11-28 19:19:00 --> Invalid file: email/mail.php
in SYSTEMPATH/Exceptions/FrameworkException.php on line 33.
 1 SYSTEMPATH/View/View.php(201): CodeIgniter\Exceptions\FrameworkException::forInvalidFile()
 2 SYSTEMPATH/Common.php(1135): CodeIgniter\View\View->render()
 3 APPPATH/Controllers/User.php(110): view()
 4 SYSTEMPATH/CodeIgniter.php(896): App\Controllers\User->sendMail()
 5 SYSTEMPATH/CodeIgniter.php(466): CodeIgniter\CodeIgniter->runController()
 6 SYSTEMPATH/CodeIgniter.php(349): CodeIgniter\CodeIgniter->handleRequest()
 7 FCPATH/index.php(55): CodeIgniter\CodeIgniter->run()
CRITICAL - 2022-11-28 22:19:08 --> Trying to access array offset on value of type null
in APPPATH/Controllers/Admin/Nominee.php on line 41.
 1 APPPATH/Controllers/Admin/Nominee.php(41): CodeIgniter\Debug\Exceptions->errorHandler()
 2 SYSTEMPATH/CodeIgniter.php(896): App\Controllers\Admin\Nominee->index()
 3 SYSTEMPATH/CodeIgniter.php(466): CodeIgniter\CodeIgniter->runController()
 4 SYSTEMPATH/CodeIgniter.php(349): CodeIgniter\CodeIgniter->handleRequest()
 5 FCPATH/index.php(55): CodeIgniter\CodeIgniter->run()
CRITICAL - 2022-11-28 22:23:11 --> Trying to access array offset on value of type null
in APPPATH/Controllers/Admin/Nominee.php on line 41.
 1 APPPATH/Controllers/Admin/Nominee.php(41): CodeIgniter\Debug\Exceptions->errorHandler()
 2 SYSTEMPATH/CodeIgniter.php(896): App\Controllers\Admin\Nominee->index()
 3 SYSTEMPATH/CodeIgniter.php(466): CodeIgniter\CodeIgniter->runController()
 4 SYSTEMPATH/CodeIgniter.php(349): CodeIgniter\CodeIgniter->handleRequest()
 5 FCPATH/index.php(55): CodeIgniter\CodeIgniter->run()
CRITICAL - 2022-11-28 22:25:53 --> Cannot use object of type CodeIgniter\Database\MySQLi\Result as array
in APPPATH/Controllers/Admin/Nominee.php on line 43.
 1 SYSTEMPATH/CodeIgniter.php(896): App\Controllers\Admin\Nominee->index()
 2 SYSTEMPATH/CodeIgniter.php(466): CodeIgniter\CodeIgniter->runController()
 3 SYSTEMPATH/CodeIgniter.php(349): CodeIgniter\CodeIgniter->handleRequest()
 4 FCPATH/index.php(55): CodeIgniter\CodeIgniter->run()
CRITICAL - 2022-11-28 22:29:15 --> Cannot use object of type CodeIgniter\Database\MySQLi\Result as array
in APPPATH/Controllers/Admin/Nominee.php on line 44.
 1 SYSTEMPATH/CodeIgniter.php(896): App\Controllers\Admin\Nominee->index()
 2 SYSTEMPATH/CodeIgniter.php(466): CodeIgniter\CodeIgniter->runController()
 3 SYSTEMPATH/CodeIgniter.php(349): CodeIgniter\CodeIgniter->handleRequest()
 4 FCPATH/index.php(55): CodeIgniter\CodeIgniter->run()
CRITICAL - 2022-11-28 22:57:05 --> Trying to access array offset on value of type null
in APPPATH/Controllers/User.php on line 27.
 1 APPPATH/Controllers/User.php(27): CodeIgniter\Debug\Exceptions->errorHandler()
 2 SYSTEMPATH/CodeIgniter.php(896): App\Controllers\User->login()
 3 SYSTEMPATH/CodeIgniter.php(466): CodeIgniter\CodeIgniter->runController()
 4 SYSTEMPATH/CodeIgniter.php(349): CodeIgniter\CodeIgniter->handleRequest()
 5 FCPATH/index.php(55): CodeIgniter\CodeIgniter->run()
CRITICAL - 2022-11-28 23:08:46 --> Could not move file phpjqbRcw to uploads/events/ ()
in SYSTEMPATH/HTTP/Files/UploadedFile.php on line 149.
 1 SYSTEMPATH/HTTP/Files/UploadedFile.php(149): CodeIgniter\HTTP\Exceptions\HTTPException::forMoveFailed()
 2 APPPATH/Controllers/Admin/Nomination.php(124): CodeIgniter\HTTP\Files\UploadedFile->move()
 3 SYSTEMPATH/CodeIgniter.php(896): App\Controllers\Admin\Nomination->add()
 4 SYSTEMPATH/CodeIgniter.php(466): CodeIgniter\CodeIgniter->runController()
 5 SYSTEMPATH/CodeIgniter.php(349): CodeIgniter\CodeIgniter->handleRequest()
 6 FCPATH/index.php(55): CodeIgniter\CodeIgniter->run()
CRITICAL - 2022-11-28 23:13:24 --> Could not move file phpSFYW1Y to uploads/events/ ()
in SYSTEMPATH/HTTP/Files/UploadedFile.php on line 149.
 1 SYSTEMPATH/HTTP/Files/UploadedFile.php(149): CodeIgniter\HTTP\Exceptions\HTTPException::forMoveFailed()
 2 APPPATH/Controllers/Admin/Nomination.php(124): CodeIgniter\HTTP\Files\UploadedFile->move()
 3 SYSTEMPATH/CodeIgniter.php(896): App\Controllers\Admin\Nomination->add()
 4 SYSTEMPATH/CodeIgniter.php(466): CodeIgniter\CodeIgniter->runController()
 5 SYSTEMPATH/CodeIgniter.php(349): CodeIgniter\CodeIgniter->handleRequest()
 6 FCPATH/index.php(55): CodeIgniter\CodeIgniter->run()
CRITICAL - 2022-11-28 23:24:18 --> Undefined variable $title
in APPPATH/Views/email/mail.php on line 277.
 1 APPPATH/Views/email/mail.php(277): CodeIgniter\Debug\Exceptions->errorHandler()
 2 SYSTEMPATH/View/View.php(213): include('APPPATH/Views/email/mail.php')
 3 SYSTEMPATH/View/View.php(216): CodeIgniter\View\View->CodeIgniter\View\{closure}()
 4 SYSTEMPATH/Common.php(1135): CodeIgniter\View\View->render()
 5 APPPATH/Controllers/Nomination.php(799): view()
 6 APPPATH/Controllers/Nomination.php(443): App\Controllers\Nomination->sendMail()
 7 SYSTEMPATH/CodeIgniter.php(896): App\Controllers\Nomination->ssan()
 8 SYSTEMPATH/CodeIgniter.php(466): CodeIgniter\CodeIgniter->runController()
 9 SYSTEMPATH/CodeIgniter.php(349): CodeIgniter\CodeIgniter->handleRequest()
10 FCPATH/index.php(55): CodeIgniter\CodeIgniter->run()
CRITICAL - 2022-11-28 23:28:35 --> unlink(/var/www/html/sunpharma/writable/debugbar/debugbar_1669699573.927271.json): No such file or directory
in SYSTEMPATH/Debug/Toolbar/Collectors/History.php on line 76.
 1 [internal function]: CodeIgniter\Debug\Exceptions->errorHandler()
 2 SYSTEMPATH/Debug/Toolbar/Collectors/History.php(76): unlink()
 3 SYSTEMPATH/Debug/Toolbar.php(495): CodeIgniter\Debug\Toolbar\Collectors\History->setFiles()
 4 SYSTEMPATH/Debug/Toolbar.php(472): CodeIgniter\Debug\Toolbar->format()
 5 APPPATH/Config/Events.php(46): CodeIgniter\Debug\Toolbar->respond()
 6 SYSTEMPATH/Events/Events.php(149): CodeIgniter\Events\Events::Config\{closure}()
 7 SYSTEMPATH/CodeIgniter.php(326): CodeIgniter\Events\Events::trigger()
 8 FCPATH/index.php(55): CodeIgniter\CodeIgniter->run()
CRITICAL - 2022-11-28 23:28:38 --> Undefined variable $user
in APPPATH/Views/admin/awards/list.php on line 130.
 1 APPPATH/Views/admin/awards/list.php(130): CodeIgniter\Debug\Exceptions->errorHandler()
 2 SYSTEMPATH/View/View.php(213): include('APPPATH/Views/admin/awards/list.php')
 3 SYSTEMPATH/View/View.php(216): CodeIgniter\View\View->CodeIgniter\View\{closure}()
 4 SYSTEMPATH/Common.php(1135): CodeIgniter\View\View->render()
 5 APPPATH/Controllers/Admin/Awards.php(70): view()
 6 SYSTEMPATH/CodeIgniter.php(896): App\Controllers\Admin\Awards->index()
 7 SYSTEMPATH/CodeIgniter.php(466): CodeIgniter\CodeIgniter->runController()
 8 SYSTEMPATH/CodeIgniter.php(349): CodeIgniter\CodeIgniter->handleRequest()
 9 FCPATH/index.php(55): CodeIgniter\CodeIgniter->run()
CRITICAL - 2022-11-28 23:35:22 --> Path cannot be empty
in APPPATH/Controllers/Nomination.php on line 524.
 1 APPPATH/Controllers/Nomination.php(524): file_get_contents()
 2 SYSTEMPATH/CodeIgniter.php(896): App\Controllers\Nomination->ssan()
 3 SYSTEMPATH/CodeIgniter.php(466): CodeIgniter\CodeIgniter->runController()
 4 SYSTEMPATH/CodeIgniter.php(349): CodeIgniter\CodeIgniter->handleRequest()
 5 FCPATH/index.php(55): CodeIgniter\CodeIgniter->run()
CRITICAL - 2022-11-28 23:49:07 --> Undefined variable $user
in APPPATH/Views/admin/awards/list.php on line 130.
 1 APPPATH/Views/admin/awards/list.php(130): CodeIgniter\Debug\Exceptions->errorHandler()
 2 SYSTEMPATH/View/View.php(213): include('APPPATH/Views/admin/awards/list.php')
 3 SYSTEMPATH/View/View.php(216): CodeIgniter\View\View->CodeIgniter\View\{closure}()
 4 SYSTEMPATH/Common.php(1135): CodeIgniter\View\View->render()
 5 APPPATH/Controllers/Admin/Awards.php(70): view()
 6 SYSTEMPATH/CodeIgniter.php(896): App\Controllers\Admin\Awards->index()
 7 SYSTEMPATH/CodeIgniter.php(466): CodeIgniter\CodeIgniter->runController()
 8 SYSTEMPATH/CodeIgniter.php(349): CodeIgniter\CodeIgniter->handleRequest()
 9 FCPATH/index.php(55): CodeIgniter\CodeIgniter->run()
