CRITICAL - 2022-08-11 02:34:14 --> Undefined variable: request
in APPPATH\Controllers\Admin\User.php on line 49.
 1 APPPATH\Controllers\Admin\User.php(49): CodeIgniter\Debug\Exceptions->errorHandler(8, 'Undefined variable: request', 'APPPATH\\Controllers\\Admin\\User.php', 49, [...])
 2 SYSTEMPATH\CodeIgniter.php(896): App\Controllers\Admin\User->add()
 3 SYSTEMPATH\CodeIgniter.php(466): CodeIgniter\CodeIgniter->runController(Object(App\Controllers\Admin\User))
 4 SYSTEMPATH\CodeIgniter.php(349): CodeIgniter\CodeIgniter->handleRequest(null, Object(Config\Cache), false)
 5 FCPATH\index.php(55): CodeIgniter\CodeIgniter->run()
CRITICAL - 2022-08-11 02:35:28 --> Undefined variable: validation
in APPPATH\Views\admin\user\add.php on line 12.
 1 APPPATH\Views\admin\user\add.php(12): CodeIgniter\Debug\Exceptions->errorHandler(8, 'Undefined variable: validation', 'APPPATH\\Views\\admin\\user\\add.php', 12, [...])
 2 SYSTEMPATH\View\View.php(213): include('APPPATH\\Views\\admin\\user\\add.php')
 3 SYSTEMPATH\View\View.php(216): CodeIgniter\View\View->CodeIgniter\View\{closure}()
 4 SYSTEMPATH\Common.php(1135): CodeIgniter\View\View->render('admin/user/add', [], true)
 5 APPPATH\Controllers\Admin\User.php(56): view('admin/user/add', [...])
 6 SYSTEMPATH\CodeIgniter.php(896): App\Controllers\Admin\User->add()
 7 SYSTEMPATH\CodeIgniter.php(466): CodeIgniter\CodeIgniter->runController(Object(App\Controllers\Admin\User))
 8 SYSTEMPATH\CodeIgniter.php(349): CodeIgniter\CodeIgniter->handleRequest(null, Object(Config\Cache), false)
 9 FCPATH\index.php(55): CodeIgniter\CodeIgniter->run()
CRITICAL - 2022-08-11 02:36:05 --> Undefined variable: validation
in APPPATH\Views\admin\user\add.php on line 12.
 1 APPPATH\Views\admin\user\add.php(12): CodeIgniter\Debug\Exceptions->errorHandler(8, 'Undefined variable: validation', 'APPPATH\\Views\\admin\\user\\add.php', 12, [...])
 2 SYSTEMPATH\View\View.php(213): include('APPPATH\\Views\\admin\\user\\add.php')
 3 SYSTEMPATH\View\View.php(216): CodeIgniter\View\View->CodeIgniter\View\{closure}()
 4 SYSTEMPATH\Common.php(1135): CodeIgniter\View\View->render('admin/user/add', [], true)
 5 APPPATH\Controllers\Admin\User.php(57): view('admin/user/add', [...])
 6 SYSTEMPATH\CodeIgniter.php(896): App\Controllers\Admin\User->add()
 7 SYSTEMPATH\CodeIgniter.php(466): CodeIgniter\CodeIgniter->runController(Object(App\Controllers\Admin\User))
 8 SYSTEMPATH\CodeIgniter.php(349): CodeIgniter\CodeIgniter->handleRequest(null, Object(Config\Cache), false)
 9 FCPATH\index.php(55): CodeIgniter\CodeIgniter->run()
CRITICAL - 2022-08-11 02:57:53 --> Array to string conversion
in APPPATH\Views\admin\user\add.php on line 12.
 1 APPPATH\Views\admin\user\add.php(12): CodeIgniter\Debug\Exceptions->errorHandler(8, 'Array to string conversion', 'APPPATH\\Views\\admin\\user\\add.php', 12, [...])
 2 SYSTEMPATH\View\View.php(213): include('APPPATH\\Views\\admin\\user\\add.php')
 3 SYSTEMPATH\View\View.php(216): CodeIgniter\View\View->CodeIgniter\View\{closure}()
 4 SYSTEMPATH\Common.php(1135): CodeIgniter\View\View->render('admin/user/add', [], true)
 5 APPPATH\Controllers\Admin\User.php(59): view('admin/user/add', [...])
 6 SYSTEMPATH\CodeIgniter.php(896): App\Controllers\Admin\User->add()
 7 SYSTEMPATH\CodeIgniter.php(466): CodeIgniter\CodeIgniter->runController(Object(App\Controllers\Admin\User))
 8 SYSTEMPATH\CodeIgniter.php(349): CodeIgniter\CodeIgniter->handleRequest(null, Object(Config\Cache), false)
 9 FCPATH\index.php(55): CodeIgniter\CodeIgniter->run()
CRITICAL - 2022-08-11 03:02:30 --> Call to a member function getError() on bool
in APPPATH\Views\admin\user\add.php on line 12.
 1 SYSTEMPATH\View\View.php(213): include()
 2 SYSTEMPATH\View\View.php(216): CodeIgniter\View\View->CodeIgniter\View\{closure}()
 3 SYSTEMPATH\Common.php(1135): CodeIgniter\View\View->render('admin/user/add', [], true)
 4 APPPATH\Controllers\Admin\User.php(63): view('admin/user/add', [...])
 5 SYSTEMPATH\CodeIgniter.php(896): App\Controllers\Admin\User->add()
 6 SYSTEMPATH\CodeIgniter.php(466): CodeIgniter\CodeIgniter->runController(Object(App\Controllers\Admin\User))
 7 SYSTEMPATH\CodeIgniter.php(349): CodeIgniter\CodeIgniter->handleRequest(null, Object(Config\Cache), false)
 8 FCPATH\index.php(55): CodeIgniter\CodeIgniter->run()
CRITICAL - 2022-08-11 03:02:53 --> Call to a member function listErrors() on bool
in APPPATH\Views\admin\user\add.php on line 12.
 1 SYSTEMPATH\View\View.php(213): include()
 2 SYSTEMPATH\View\View.php(216): CodeIgniter\View\View->CodeIgniter\View\{closure}()
 3 SYSTEMPATH\Common.php(1135): CodeIgniter\View\View->render('admin/user/add', [], true)
 4 APPPATH\Controllers\Admin\User.php(63): view('admin/user/add', [...])
 5 SYSTEMPATH\CodeIgniter.php(896): App\Controllers\Admin\User->add()
 6 SYSTEMPATH\CodeIgniter.php(466): CodeIgniter\CodeIgniter->runController(Object(App\Controllers\Admin\User))
 7 SYSTEMPATH\CodeIgniter.php(349): CodeIgniter\CodeIgniter->handleRequest(null, Object(Config\Cache), false)
 8 FCPATH\index.php(55): CodeIgniter\CodeIgniter->run()
CRITICAL - 2022-08-11 03:03:31 --> Undefined variable: validation
in APPPATH\Views\admin\user\add.php on line 12.
 1 APPPATH\Views\admin\user\add.php(12): CodeIgniter\Debug\Exceptions->errorHandler(8, 'Undefined variable: validation', 'APPPATH\\Views\\admin\\user\\add.php', 12, [...])
 2 SYSTEMPATH\View\View.php(213): include('APPPATH\\Views\\admin\\user\\add.php')
 3 SYSTEMPATH\View\View.php(216): CodeIgniter\View\View->CodeIgniter\View\{closure}()
 4 SYSTEMPATH\Common.php(1135): CodeIgniter\View\View->render('admin/user/add', [], true)
 5 APPPATH\Controllers\Admin\User.php(63): view('admin/user/add', [...])
 6 SYSTEMPATH\CodeIgniter.php(896): App\Controllers\Admin\User->add()
 7 SYSTEMPATH\CodeIgniter.php(466): CodeIgniter\CodeIgniter->runController(Object(App\Controllers\Admin\User))
 8 SYSTEMPATH\CodeIgniter.php(349): CodeIgniter\CodeIgniter->handleRequest(null, Object(Config\Cache), false)
 9 FCPATH\index.php(55): CodeIgniter\CodeIgniter->run()
CRITICAL - 2022-08-11 03:06:59 --> Call to a member function listErrors() on null
in APPPATH\Views\admin\user\add.php on line 12.
 1 SYSTEMPATH\View\View.php(213): include()
 2 SYSTEMPATH\View\View.php(216): CodeIgniter\View\View->CodeIgniter\View\{closure}()
 3 SYSTEMPATH\Common.php(1135): CodeIgniter\View\View->render('admin/user/add', [], true)
 4 APPPATH\Controllers\Admin\User.php(59): view('admin/user/add', [...])
 5 SYSTEMPATH\CodeIgniter.php(896): App\Controllers\Admin\User->add()
 6 SYSTEMPATH\CodeIgniter.php(466): CodeIgniter\CodeIgniter->runController(Object(App\Controllers\Admin\User))
 7 SYSTEMPATH\CodeIgniter.php(349): CodeIgniter\CodeIgniter->handleRequest(null, Object(Config\Cache), false)
 8 FCPATH\index.php(55): CodeIgniter\CodeIgniter->run()
CRITICAL - 2022-08-11 03:08:58 --> syntax error, unexpected ')'
in APPPATH\Controllers\Admin\User.php on line 47.
 1 SYSTEMPATH\Autoloader\Autoloader.php(261): CodeIgniter\Autoloader\Autoloader->includeFile('APPPATH\\Controllers\\Admin\\User.php')
 2 SYSTEMPATH\Autoloader\Autoloader.php(239): CodeIgniter\Autoloader\Autoloader->loadInNamespace('App\\Controllers\\Admin\\User')
 3 [internal function]: CodeIgniter\Autoloader\Autoloader->loadClass('App\\Controllers\\Admin\\User')
 4 [internal function]: spl_autoload_call('App\\Controllers\\Admin\\User')
 5 SYSTEMPATH\CodeIgniter.php(846): class_exists('\\App\\Controllers\\Admin\\User', true)
 6 SYSTEMPATH\CodeIgniter.php(453): CodeIgniter\CodeIgniter->startController()
 7 SYSTEMPATH\CodeIgniter.php(349): CodeIgniter\CodeIgniter->handleRequest(null, Object(Config\Cache), false)
 8 FCPATH\index.php(55): CodeIgniter\CodeIgniter->run()
