ERROR - 2022-09-22 21:22:45 --> MySQL server has gone away
CRITICAL - 2022-09-22 21:22:45 --> MySQL server has gone away
in SYSTEMPATH\Database\MySQLi\Connection.php on line 292.
 1 SYSTEMPATH\Database\MySQLi\Connection.php(292): mysqli->query('SELECT `users`.*, `nominee_details`.*
FROM `users`
JOIN `nominee_details` ON `nominee_details`.`nominee_id` = `users`.`id`
WHERE `users`.`role` = \'2\'
AND `users`.`id` = \'no\'', 0)
 2 SYSTEMPATH\Database\BaseConnection.php(695): CodeIgniter\Database\MySQLi\Connection->execute('SELECT `users`.*, `nominee_details`.*
FROM `users`
JOIN `nominee_details` ON `nominee_details`.`nominee_id` = `users`.`id`
WHERE `users`.`role` = \'2\'
AND `users`.`id` = \'no\'')
 3 SYSTEMPATH\Database\BaseConnection.php(609): CodeIgniter\Database\BaseConnection->simpleQuery('SELECT `users`.*, `nominee_details`.*
FROM `users`
JOIN `nominee_details` ON `nominee_details`.`nominee_id` = `users`.`id`
WHERE `users`.`role` = \'2\'
AND `users`.`id` = \'no\'')
 4 SYSTEMPATH\Database\BaseBuilder.php(1585): CodeIgniter\Database\BaseConnection->query('SELECT `users`.*, `nominee_details`.*
FROM `users`
JOIN `nominee_details` ON `nominee_details`.`nominee_id` = `users`.`id`
WHERE `users`.`role` = :users.role:
AND `users`.`id` = :users.id:', [...], false)
 5 SYSTEMPATH\Model.php(771): CodeIgniter\Database\BaseBuilder->get()
 6 APPPATH\Models\UserModel.php(83): CodeIgniter\Model->__call('get', [])
 7 APPPATH\Controllers\Nomination.php(39): App\Models\UserModel->getUserData('no')
 8 SYSTEMPATH\CodeIgniter.php(896): App\Controllers\Nomination->spsfn('no')
 9 SYSTEMPATH\CodeIgniter.php(466): CodeIgniter\CodeIgniter->runController(Object(App\Controllers\Nomination))
10 SYSTEMPATH\CodeIgniter.php(349): CodeIgniter\CodeIgniter->handleRequest(null, Object(Config\Cache), false)
11 FCPATH\index.php(55): CodeIgniter\CodeIgniter->run()
CRITICAL - 2022-09-22 22:40:29 --> syntax error, unexpected '?>'
in APPPATH\Views\frontend\spsfn.php on line 277.
 1 SYSTEMPATH\View\View.php(216): CodeIgniter\View\View->CodeIgniter\View\{closure}()
 2 SYSTEMPATH\Common.php(1135): CodeIgniter\View\View->render('frontend/spsfn', [], true)
 3 APPPATH\Controllers\Nomination.php(176): view('frontend/spsfn', [...])
 4 SYSTEMPATH\CodeIgniter.php(896): App\Controllers\Nomination->spsfn()
 5 SYSTEMPATH\CodeIgniter.php(466): CodeIgniter\CodeIgniter->runController(Object(App\Controllers\Nomination))
 6 SYSTEMPATH\CodeIgniter.php(349): CodeIgniter\CodeIgniter->handleRequest(null, Object(Config\Cache), false)
 7 FCPATH\index.php(55): CodeIgniter\CodeIgniter->run()
CRITICAL - 2022-09-22 23:06:45 --> syntax error, unexpected ';'
in APPPATH\Views\frontend\spsfn.php on line 80.
 1 SYSTEMPATH\View\View.php(216): CodeIgniter\View\View->CodeIgniter\View\{closure}()
 2 SYSTEMPATH\Common.php(1135): CodeIgniter\View\View->render('frontend/spsfn', [], true)
 3 APPPATH\Controllers\Nomination.php(176): view('frontend/spsfn', [...])
 4 SYSTEMPATH\CodeIgniter.php(896): App\Controllers\Nomination->spsfn()
 5 SYSTEMPATH\CodeIgniter.php(466): CodeIgniter\CodeIgniter->runController(Object(App\Controllers\Nomination))
 6 SYSTEMPATH\CodeIgniter.php(349): CodeIgniter\CodeIgniter->handleRequest(null, Object(Config\Cache), false)
 7 FCPATH\index.php(55): CodeIgniter\CodeIgniter->run()
