CRITICAL - 2022-09-19 08:38:26 --> Undefined variable: userdata
in APPPATH\Views\frontend\header.php on line 73.
 1 APPPATH\Views\frontend\header.php(73): CodeIgniter\Debug\Exceptions->errorHandler(8, 'Undefined variable: userdata', 'APPPATH\\Views\\frontend\\header.php', 73, [])
 2 SYSTEMPATH\View\View.php(213): include('APPPATH\\Views\\frontend\\header.php')
 3 SYSTEMPATH\View\View.php(216): CodeIgniter\View\View->CodeIgniter\View\{closure}()
 4 SYSTEMPATH\Common.php(1135): CodeIgniter\View\View->render('frontend/header', [], true)
 5 APPPATH\Controllers\SpecialAwards.php(15): view('frontend/header')
 6 SYSTEMPATH\CodeIgniter.php(896): App\Controllers\SpecialAwards->index()
 7 SYSTEMPATH\CodeIgniter.php(466): CodeIgniter\CodeIgniter->runController(Object(App\Controllers\SpecialAwards))
 8 SYSTEMPATH\CodeIgniter.php(349): CodeIgniter\CodeIgniter->handleRequest(null, Object(Config\Cache), false)
 9 FCPATH\index.php(55): CodeIgniter\CodeIgniter->run()
CRITICAL - 2022-09-19 08:39:59 --> Undefined variable: userdata
in APPPATH\Views\frontend\header.php on line 73.
 1 APPPATH\Views\frontend\header.php(73): CodeIgniter\Debug\Exceptions->errorHandler(8, 'Undefined variable: userdata', 'APPPATH\\Views\\frontend\\header.php', 73, [])
 2 SYSTEMPATH\View\View.php(213): include('APPPATH\\Views\\frontend\\header.php')
 3 SYSTEMPATH\View\View.php(216): CodeIgniter\View\View->CodeIgniter\View\{closure}()
 4 SYSTEMPATH\Common.php(1135): CodeIgniter\View\View->render('frontend/header', [], true)
 5 APPPATH\Controllers\SpecialAwards.php(15): view('frontend/header')
 6 SYSTEMPATH\CodeIgniter.php(896): App\Controllers\SpecialAwards->index()
 7 SYSTEMPATH\CodeIgniter.php(466): CodeIgniter\CodeIgniter->runController(Object(App\Controllers\SpecialAwards))
 8 SYSTEMPATH\CodeIgniter.php(349): CodeIgniter\CodeIgniter->handleRequest(null, Object(Config\Cache), false)
 9 FCPATH\index.php(55): CodeIgniter\CodeIgniter->run()
CRITICAL - 2022-09-19 09:38:04 --> Undefined variable: userdata
in APPPATH\Views\frontend\header.php on line 73.
 1 APPPATH\Views\frontend\header.php(73): CodeIgniter\Debug\Exceptions->errorHandler(8, 'Undefined variable: userdata', 'APPPATH\\Views\\frontend\\header.php', 73, [])
 2 SYSTEMPATH\View\View.php(213): include('APPPATH\\Views\\frontend\\header.php')
 3 SYSTEMPATH\View\View.php(216): CodeIgniter\View\View->CodeIgniter\View\{closure}()
 4 SYSTEMPATH\Common.php(1135): CodeIgniter\View\View->render('frontend/header', [], true)
 5 APPPATH\Controllers\SpecialAwards.php(15): view('frontend/header')
 6 SYSTEMPATH\CodeIgniter.php(896): App\Controllers\SpecialAwards->index()
 7 SYSTEMPATH\CodeIgniter.php(466): CodeIgniter\CodeIgniter->runController(Object(App\Controllers\SpecialAwards))
 8 SYSTEMPATH\CodeIgniter.php(349): CodeIgniter\CodeIgniter->handleRequest(null, Object(Config\Cache), false)
 9 FCPATH\index.php(55): CodeIgniter\CodeIgniter->run()
CRITICAL - 2022-09-19 09:43:37 --> Undefined variable: userdata
in APPPATH\Views\frontend\header.php on line 73.
 1 APPPATH\Views\frontend\header.php(73): CodeIgniter\Debug\Exceptions->errorHandler(8, 'Undefined variable: userdata', 'APPPATH\\Views\\frontend\\header.php', 73, [])
 2 SYSTEMPATH\View\View.php(213): include('APPPATH\\Views\\frontend\\header.php')
 3 SYSTEMPATH\View\View.php(216): CodeIgniter\View\View->CodeIgniter\View\{closure}()
 4 SYSTEMPATH\Common.php(1135): CodeIgniter\View\View->render('frontend/header', [], true)
 5 APPPATH\Controllers\SpecialAwards.php(15): view('frontend/header')
 6 SYSTEMPATH\CodeIgniter.php(896): App\Controllers\SpecialAwards->index()
 7 SYSTEMPATH\CodeIgniter.php(466): CodeIgniter\CodeIgniter->runController(Object(App\Controllers\SpecialAwards))
 8 SYSTEMPATH\CodeIgniter.php(349): CodeIgniter\CodeIgniter->handleRequest(null, Object(Config\Cache), false)
 9 FCPATH\index.php(55): CodeIgniter\CodeIgniter->run()
CRITICAL - 2022-09-19 09:46:28 --> Undefined variable: userdata
in APPPATH\Views\frontend\header.php on line 73.
 1 APPPATH\Views\frontend\header.php(73): CodeIgniter\Debug\Exceptions->errorHandler(8, 'Undefined variable: userdata', 'APPPATH\\Views\\frontend\\header.php', 73, [])
 2 SYSTEMPATH\View\View.php(213): include('APPPATH\\Views\\frontend\\header.php')
 3 SYSTEMPATH\View\View.php(216): CodeIgniter\View\View->CodeIgniter\View\{closure}()
 4 SYSTEMPATH\Common.php(1135): CodeIgniter\View\View->render('frontend/header', [], true)
 5 APPPATH\Controllers\SpecialAwards.php(15): view('frontend/header')
 6 SYSTEMPATH\CodeIgniter.php(896): App\Controllers\SpecialAwards->index()
 7 SYSTEMPATH\CodeIgniter.php(466): CodeIgniter\CodeIgniter->runController(Object(App\Controllers\SpecialAwards))
 8 SYSTEMPATH\CodeIgniter.php(349): CodeIgniter\CodeIgniter->handleRequest(null, Object(Config\Cache), false)
 9 FCPATH\index.php(55): CodeIgniter\CodeIgniter->run()
CRITICAL - 2022-09-19 09:56:27 --> Undefined variable: editdata
in APPPATH\Views\admin\user\changepassword.php on line 16.
 1 APPPATH\Views\admin\user\changepassword.php(16): CodeIgniter\Debug\Exceptions->errorHandler(8, 'Undefined variable: editdata', 'APPPATH\\Views\\admin\\user\\changepassword.php', 16, [...])
 2 SYSTEMPATH\View\View.php(213): include('APPPATH\\Views\\admin\\user\\changepassword.php')
 3 SYSTEMPATH\View\View.php(216): CodeIgniter\View\View->CodeIgniter\View\{closure}()
 4 SYSTEMPATH\Common.php(1135): CodeIgniter\View\View->render('admin/user/changepassword', [], true)
 5 APPPATH\Controllers\Admin\User.php(312): view('admin/user/changepassword', [...])
 6 SYSTEMPATH\CodeIgniter.php(896): App\Controllers\Admin\User->changepassword('2')
 7 SYSTEMPATH\CodeIgniter.php(466): CodeIgniter\CodeIgniter->runController(Object(App\Controllers\Admin\User))
 8 SYSTEMPATH\CodeIgniter.php(349): CodeIgniter\CodeIgniter->handleRequest(null, Object(Config\Cache), false)
 9 FCPATH\index.php(55): CodeIgniter\CodeIgniter->run()
CRITICAL - 2022-09-19 10:30:34 --> syntax error, unexpected '}', expecting elseif (T_ELSEIF) or else (T_ELSE) or endif (T_ENDIF)
in APPPATH\Controllers\Admin\User.php on line 359.
 1 SYSTEMPATH\Autoloader\Autoloader.php(261): CodeIgniter\Autoloader\Autoloader->includeFile('APPPATH\\Controllers\\Admin\\User.php')
 2 SYSTEMPATH\Autoloader\Autoloader.php(239): CodeIgniter\Autoloader\Autoloader->loadInNamespace('App\\Controllers\\Admin\\User')
 3 [internal function]: CodeIgniter\Autoloader\Autoloader->loadClass('App\\Controllers\\Admin\\User')
 4 [internal function]: spl_autoload_call('App\\Controllers\\Admin\\User')
 5 SYSTEMPATH\CodeIgniter.php(846): class_exists('\\App\\Controllers\\Admin\\User', true)
 6 SYSTEMPATH\CodeIgniter.php(453): CodeIgniter\CodeIgniter->startController()
 7 SYSTEMPATH\CodeIgniter.php(349): CodeIgniter\CodeIgniter->handleRequest(null, Object(Config\Cache), false)
 8 FCPATH\index.php(55): CodeIgniter\CodeIgniter->run()
CRITICAL - 2022-09-19 10:31:27 --> Undefined variable: request
in APPPATH\Controllers\Admin\User.php on line 342.
 1 APPPATH\Controllers\Admin\User.php(342): CodeIgniter\Debug\Exceptions->errorHandler(8, 'Undefined variable: request', 'APPPATH\\Controllers\\Admin\\User.php', 342, [...])
 2 SYSTEMPATH\CodeIgniter.php(896): App\Controllers\Admin\User->changepassword('1')
 3 SYSTEMPATH\CodeIgniter.php(466): CodeIgniter\CodeIgniter->runController(Object(App\Controllers\Admin\User))
 4 SYSTEMPATH\CodeIgniter.php(349): CodeIgniter\CodeIgniter->handleRequest(null, Object(Config\Cache), false)
 5 FCPATH\index.php(55): CodeIgniter\CodeIgniter->run()
CRITICAL - 2022-09-19 10:31:57 --> Call to undefined function set_value()
in APPPATH\Views\admin\user\changepassword.php on line 21.
 1 SYSTEMPATH\View\View.php(213): include()
 2 SYSTEMPATH\View\View.php(216): CodeIgniter\View\View->CodeIgniter\View\{closure}()
 3 SYSTEMPATH\Common.php(1135): CodeIgniter\View\View->render('admin/user/changepassword', [], true)
 4 APPPATH\Controllers\Admin\User.php(355): view('admin/user/changepassword', [...])
 5 SYSTEMPATH\CodeIgniter.php(896): App\Controllers\Admin\User->changepassword('1')
 6 SYSTEMPATH\CodeIgniter.php(466): CodeIgniter\CodeIgniter->runController(Object(App\Controllers\Admin\User))
 7 SYSTEMPATH\CodeIgniter.php(349): CodeIgniter\CodeIgniter->handleRequest(null, Object(Config\Cache), false)
 8 FCPATH\index.php(55): CodeIgniter\CodeIgniter->run()
CRITICAL - 2022-09-19 10:32:47 --> Call to undefined function set_value()
in APPPATH\Views\admin\user\changepassword.php on line 21.
 1 SYSTEMPATH\View\View.php(213): include()
 2 SYSTEMPATH\View\View.php(216): CodeIgniter\View\View->CodeIgniter\View\{closure}()
 3 SYSTEMPATH\Common.php(1135): CodeIgniter\View\View->render('admin/user/changepassword', [], true)
 4 APPPATH\Controllers\Admin\User.php(356): view('admin/user/changepassword', [...])
 5 SYSTEMPATH\CodeIgniter.php(896): App\Controllers\Admin\User->changepassword('1')
 6 SYSTEMPATH\CodeIgniter.php(466): CodeIgniter\CodeIgniter->runController(Object(App\Controllers\Admin\User))
 7 SYSTEMPATH\CodeIgniter.php(349): CodeIgniter\CodeIgniter->handleRequest(null, Object(Config\Cache), false)
 8 FCPATH\index.php(55): CodeIgniter\CodeIgniter->run()
