CRITICAL - 2022-09-02 00:59:32 --> unlink(C:\xampp\htdocs\sunpharma\writable\debugbar/debugbar_1662094210.682252.json): No such file or directory
in SYSTEMPATH\Debug\Toolbar\Collectors\History.php on line 76.
 1 [internal function]: CodeIgniter\Debug\Exceptions->errorHandler(2, 'unlink(C:\\xampp\\htdocs\\sunpharma\\writable\\debugbar/debugbar_1662094210.682252.json): No such file or directory', 'SYSTEMPATH\\Debug\\Toolbar\\Collectors\\History.php', 76, [...])
 2 SYSTEMPATH\Debug\Toolbar\Collectors\History.php(76): unlink('ROOTPATH\\writable\\debugbar/debugbar_1662094210.682252.json')
 3 SYSTEMPATH\Debug\Toolbar.php(495): CodeIgniter\Debug\Toolbar\Collectors\History->setFiles('1662098368.154131', 20)
 4 SYSTEMPATH\Debug\Toolbar.php(472): CodeIgniter\Debug\Toolbar->format([...], 'html')
 5 APPPATH\Config\Events.php(46): CodeIgniter\Debug\Toolbar->respond()
 6 SYSTEMPATH\Events\Events.php(149): CodeIgniter\Events\Events::Config\{closure}()
 7 SYSTEMPATH\CodeIgniter.php(326): CodeIgniter\Events\Events::trigger('pre_system')
 8 FCPATH\index.php(55): CodeIgniter\CodeIgniter->run()
CRITICAL - 2022-09-02 01:04:52 --> Undefined index: category
in APPPATH\Controllers\Admin\User.php on line 132.
 1 APPPATH\Controllers\Admin\User.php(132): CodeIgniter\Debug\Exceptions->errorHandler(8, 'Undefined index: category', 'APPPATH\\Controllers\\Admin\\User.php', 132, [...])
 2 SYSTEMPATH\CodeIgniter.php(896): App\Controllers\Admin\User->add('6')
 3 SYSTEMPATH\CodeIgniter.php(466): CodeIgniter\CodeIgniter->runController(Object(App\Controllers\Admin\User))
 4 SYSTEMPATH\CodeIgniter.php(349): CodeIgniter\CodeIgniter->handleRequest(null, Object(Config\Cache), false)
 5 FCPATH\index.php(55): CodeIgniter\CodeIgniter->run()
CRITICAL - 2022-09-02 01:11:02 --> Call to a member function getRowArray() on array
in APPPATH\Controllers\Admin\User.php on line 29.
 1 SYSTEMPATH\CodeIgniter.php(896): App\Controllers\Admin\User->index()
 2 SYSTEMPATH\CodeIgniter.php(466): CodeIgniter\CodeIgniter->runController(Object(App\Controllers\Admin\User))
 3 SYSTEMPATH\CodeIgniter.php(349): CodeIgniter\CodeIgniter->handleRequest(null, Object(Config\Cache), false)
 4 FCPATH\index.php(55): CodeIgniter\CodeIgniter->run()
CRITICAL - 2022-09-02 01:12:20 --> Call to a member function getRowArray() on array
in APPPATH\Controllers\Admin\User.php on line 30.
 1 SYSTEMPATH\CodeIgniter.php(896): App\Controllers\Admin\User->index()
 2 SYSTEMPATH\CodeIgniter.php(466): CodeIgniter\CodeIgniter->runController(Object(App\Controllers\Admin\User))
 3 SYSTEMPATH\CodeIgniter.php(349): CodeIgniter\CodeIgniter->handleRequest(null, Object(Config\Cache), false)
 4 FCPATH\index.php(55): CodeIgniter\CodeIgniter->run()
CRITICAL - 2022-09-02 01:13:42 --> Illegal string offset 'firstname'
in APPPATH\Views\admin\user\list.php on line 45.
 1 APPPATH\Views\admin\user\list.php(45): CodeIgniter\Debug\Exceptions->errorHandler(2, 'Illegal string offset \'firstname\'', 'APPPATH\\Views\\admin\\user\\list.php', 45, [...])
 2 SYSTEMPATH\View\View.php(213): include('APPPATH\\Views\\admin\\user\\list.php')
 3 SYSTEMPATH\View\View.php(216): CodeIgniter\View\View->CodeIgniter\View\{closure}()
 4 SYSTEMPATH\Common.php(1135): CodeIgniter\View\View->render('admin/user/list', [], true)
 5 APPPATH\Controllers\Admin\User.php(42): view('admin/user/list', [...])
 6 SYSTEMPATH\CodeIgniter.php(896): App\Controllers\Admin\User->index()
 7 SYSTEMPATH\CodeIgniter.php(466): CodeIgniter\CodeIgniter->runController(Object(App\Controllers\Admin\User))
 8 SYSTEMPATH\CodeIgniter.php(349): CodeIgniter\CodeIgniter->handleRequest(null, Object(Config\Cache), false)
 9 FCPATH\index.php(55): CodeIgniter\CodeIgniter->run()
CRITICAL - 2022-09-02 02:44:23 --> Undefined variable: editdata
in APPPATH\Views\admin\nominee\view.php on line 97.
 1 APPPATH\Views\admin\nominee\view.php(97): CodeIgniter\Debug\Exceptions->errorHandler(8, 'Undefined variable: editdata', 'APPPATH\\Views\\admin\\nominee\\view.php', 97, [...])
 2 SYSTEMPATH\View\View.php(213): include('APPPATH\\Views\\admin\\nominee\\view.php')
 3 SYSTEMPATH\View\View.php(216): CodeIgniter\View\View->CodeIgniter\View\{closure}()
 4 SYSTEMPATH\Common.php(1135): CodeIgniter\View\View->render('admin/nominee/view', [], true)
 5 APPPATH\Controllers\Admin\Nominee.php(182): view('admin/nominee/view', [...])
 6 SYSTEMPATH\CodeIgniter.php(896): App\Controllers\Admin\Nominee->view('2')
 7 SYSTEMPATH\CodeIgniter.php(466): CodeIgniter\CodeIgniter->runController(Object(App\Controllers\Admin\Nominee))
 8 SYSTEMPATH\CodeIgniter.php(349): CodeIgniter\CodeIgniter->handleRequest(null, Object(Config\Cache), false)
 9 FCPATH\index.php(55): CodeIgniter\CodeIgniter->run()
CRITICAL - 2022-09-02 02:48:21 --> Undefined variable: editdata
in APPPATH\Views\admin\nominee\view.php on line 97.
 1 APPPATH\Views\admin\nominee\view.php(97): CodeIgniter\Debug\Exceptions->errorHandler(8, 'Undefined variable: editdata', 'APPPATH\\Views\\admin\\nominee\\view.php', 97, [...])
 2 SYSTEMPATH\View\View.php(213): include('APPPATH\\Views\\admin\\nominee\\view.php')
 3 SYSTEMPATH\View\View.php(216): CodeIgniter\View\View->CodeIgniter\View\{closure}()
 4 SYSTEMPATH\Common.php(1135): CodeIgniter\View\View->render('admin/nominee/view', [], true)
 5 APPPATH\Controllers\Admin\Nominee.php(182): view('admin/nominee/view', [...])
 6 SYSTEMPATH\CodeIgniter.php(896): App\Controllers\Admin\Nominee->view('2')
 7 SYSTEMPATH\CodeIgniter.php(466): CodeIgniter\CodeIgniter->runController(Object(App\Controllers\Admin\Nominee))
 8 SYSTEMPATH\CodeIgniter.php(349): CodeIgniter\CodeIgniter->handleRequest(null, Object(Config\Cache), false)
 9 FCPATH\index.php(55): CodeIgniter\CodeIgniter->run()
CRITICAL - 2022-09-02 02:50:37 --> Undefined variable: editdata
in APPPATH\Views\admin\nominee\view.php on line 97.
 1 APPPATH\Views\admin\nominee\view.php(97): CodeIgniter\Debug\Exceptions->errorHandler(8, 'Undefined variable: editdata', 'APPPATH\\Views\\admin\\nominee\\view.php', 97, [...])
 2 SYSTEMPATH\View\View.php(213): include('APPPATH\\Views\\admin\\nominee\\view.php')
 3 SYSTEMPATH\View\View.php(216): CodeIgniter\View\View->CodeIgniter\View\{closure}()
 4 SYSTEMPATH\Common.php(1135): CodeIgniter\View\View->render('admin/nominee/view', [], true)
 5 APPPATH\Controllers\Admin\Nominee.php(182): view('admin/nominee/view', [...])
 6 SYSTEMPATH\CodeIgniter.php(896): App\Controllers\Admin\Nominee->view('2')
 7 SYSTEMPATH\CodeIgniter.php(466): CodeIgniter\CodeIgniter->runController(Object(App\Controllers\Admin\Nominee))
 8 SYSTEMPATH\CodeIgniter.php(349): CodeIgniter\CodeIgniter->handleRequest(null, Object(Config\Cache), false)
 9 FCPATH\index.php(55): CodeIgniter\CodeIgniter->run()
CRITICAL - 2022-09-02 02:53:03 --> Call to undefined function set_value()
in APPPATH\Views\admin\nominee\view.php on line 102.
 1 SYSTEMPATH\View\View.php(213): include()
 2 SYSTEMPATH\View\View.php(216): CodeIgniter\View\View->CodeIgniter\View\{closure}()
 3 SYSTEMPATH\Common.php(1135): CodeIgniter\View\View->render('admin/nominee/view', [], true)
 4 APPPATH\Controllers\Admin\Nominee.php(182): view('admin/nominee/view', [...])
 5 SYSTEMPATH\CodeIgniter.php(896): App\Controllers\Admin\Nominee->view('2')
 6 SYSTEMPATH\CodeIgniter.php(466): CodeIgniter\CodeIgniter->runController(Object(App\Controllers\Admin\Nominee))
 7 SYSTEMPATH\CodeIgniter.php(349): CodeIgniter\CodeIgniter->handleRequest(null, Object(Config\Cache), false)
 8 FCPATH\index.php(55): CodeIgniter\CodeIgniter->run()
CRITICAL - 2022-09-02 02:54:13 --> Call to undefined function set_value()
in APPPATH\Views\admin\nominee\view.php on line 102.
 1 SYSTEMPATH\View\View.php(213): include()
 2 SYSTEMPATH\View\View.php(216): CodeIgniter\View\View->CodeIgniter\View\{closure}()
 3 SYSTEMPATH\Common.php(1135): CodeIgniter\View\View->render('admin/nominee/view', [], true)
 4 APPPATH\Controllers\Admin\Nominee.php(182): view('admin/nominee/view', [...])
 5 SYSTEMPATH\CodeIgniter.php(896): App\Controllers\Admin\Nominee->view('2')
 6 SYSTEMPATH\CodeIgniter.php(466): CodeIgniter\CodeIgniter->runController(Object(App\Controllers\Admin\Nominee))
 7 SYSTEMPATH\CodeIgniter.php(349): CodeIgniter\CodeIgniter->handleRequest(null, Object(Config\Cache), false)
 8 FCPATH\index.php(55): CodeIgniter\CodeIgniter->run()
CRITICAL - 2022-09-02 02:54:49 --> Call to undefined function set_value()
in APPPATH\Views\admin\nominee\view.php on line 102.
 1 SYSTEMPATH\View\View.php(213): include()
 2 SYSTEMPATH\View\View.php(216): CodeIgniter\View\View->CodeIgniter\View\{closure}()
 3 SYSTEMPATH\Common.php(1135): CodeIgniter\View\View->render('admin/nominee/view', [], true)
 4 APPPATH\Controllers\Admin\Nominee.php(185): view('admin/nominee/view', [...])
 5 SYSTEMPATH\CodeIgniter.php(896): App\Controllers\Admin\Nominee->view('2')
 6 SYSTEMPATH\CodeIgniter.php(466): CodeIgniter\CodeIgniter->runController(Object(App\Controllers\Admin\Nominee))
 7 SYSTEMPATH\CodeIgniter.php(349): CodeIgniter\CodeIgniter->handleRequest(null, Object(Config\Cache), false)
 8 FCPATH\index.php(55): CodeIgniter\CodeIgniter->run()
CRITICAL - 2022-09-02 02:59:25 --> Call to undefined function set_value()
in APPPATH\Views\admin\nominee\view.php on line 102.
 1 SYSTEMPATH\View\View.php(213): include()
 2 SYSTEMPATH\View\View.php(216): CodeIgniter\View\View->CodeIgniter\View\{closure}()
 3 SYSTEMPATH\Common.php(1135): CodeIgniter\View\View->render('admin/nominee/view', [], true)
 4 APPPATH\Controllers\Admin\Nominee.php(185): view('admin/nominee/view', [...])
 5 SYSTEMPATH\CodeIgniter.php(896): App\Controllers\Admin\Nominee->view('2')
 6 SYSTEMPATH\CodeIgniter.php(466): CodeIgniter\CodeIgniter->runController(Object(App\Controllers\Admin\Nominee))
 7 SYSTEMPATH\CodeIgniter.php(349): CodeIgniter\CodeIgniter->handleRequest(null, Object(Config\Cache), false)
 8 FCPATH\index.php(55): CodeIgniter\CodeIgniter->run()
