CRITICAL - 2022-09-28 02:07:31 --> unlink(C:\xampp\htdocs\sunpharma\writable\debugbar/debugbar_1664182195.164316.json): No such file or directory
in SYSTEMPATH\Debug\Toolbar\Collectors\History.php on line 76.
 1 [internal function]: CodeIgniter\Debug\Exceptions->errorHandler(2, 'unlink(C:\\xampp\\htdocs\\sunpharma\\writable\\debugbar/debugbar_1664182195.164316.json): No such file or directory', 'SYSTEMPATH\\Debug\\Toolbar\\Collectors\\History.php', 76, [...])
 2 SYSTEMPATH\Debug\Toolbar\Collectors\History.php(76): unlink('ROOTPATH\\writable\\debugbar/debugbar_1664182195.164316.json')
 3 SYSTEMPATH\Debug\Toolbar.php(495): CodeIgniter\Debug\Toolbar\Collectors\History->setFiles('1664348846.299355', 20)
 4 SYSTEMPATH\Debug\Toolbar.php(472): CodeIgniter\Debug\Toolbar->format([...], 'html')
 5 APPPATH\Config\Events.php(46): CodeIgniter\Debug\Toolbar->respond()
 6 SYSTEMPATH\Events\Events.php(149): CodeIgniter\Events\Events::Config\{closure}()
 7 SYSTEMPATH\CodeIgniter.php(326): CodeIgniter\Events\Events::trigger('pre_system')
 8 FCPATH\index.php(55): CodeIgniter\CodeIgniter->run()
CRITICAL - 2022-09-28 06:23:31 --> Undefined variable: password
in APPPATH\Views\frontend\dashboard.php on line 90.
 1 APPPATH\Views\frontend\dashboard.php(90): CodeIgniter\Debug\Exceptions->errorHandler(8, 'Undefined variable: password', 'APPPATH\\Views\\frontend\\dashboard.php', 90, [...])
 2 SYSTEMPATH\View\View.php(213): include('APPPATH\\Views\\frontend\\dashboard.php')
 3 SYSTEMPATH\View\View.php(216): CodeIgniter\View\View->CodeIgniter\View\{closure}()
 4 SYSTEMPATH\Common.php(1135): CodeIgniter\View\View->render('frontend/dashboard', [], true)
 5 APPPATH\Controllers\Home.php(39): view('frontend/dashboard', [...])
 6 SYSTEMPATH\CodeIgniter.php(896): App\Controllers\Home->index()
 7 SYSTEMPATH\CodeIgniter.php(466): CodeIgniter\CodeIgniter->runController(Object(App\Controllers\Home))
 8 SYSTEMPATH\CodeIgniter.php(349): CodeIgniter\CodeIgniter->handleRequest(null, Object(Config\Cache), false)
 9 FCPATH\index.php(55): CodeIgniter\CodeIgniter->run()
CRITICAL - 2022-09-28 10:07:40 --> Undefined variable: id
in APPPATH\Controllers\Nomination.php on line 35.
 1 APPPATH\Controllers\Nomination.php(35): CodeIgniter\Debug\Exceptions->errorHandler(8, 'Undefined variable: id', 'APPPATH\\Controllers\\Nomination.php', 35, [...])
 2 SYSTEMPATH\CodeIgniter.php(896): App\Controllers\Nomination->index('yes')
 3 SYSTEMPATH\CodeIgniter.php(466): CodeIgniter\CodeIgniter->runController(Object(App\Controllers\Nomination))
 4 SYSTEMPATH\CodeIgniter.php(349): CodeIgniter\CodeIgniter->handleRequest(null, Object(Config\Cache), false)
 5 FCPATH\index.php(55): CodeIgniter\CodeIgniter->run()
CRITICAL - 2022-09-28 10:10:27 --> Call to undefined function set_select()
in APPPATH\Views\frontend\ssan.php on line 78.
 1 SYSTEMPATH\View\View.php(213): include()
 2 SYSTEMPATH\View\View.php(216): CodeIgniter\View\View->CodeIgniter\View\{closure}()
 3 SYSTEMPATH\Common.php(1135): CodeIgniter\View\View->render('frontend/ssan', [], true)
 4 APPPATH\Controllers\Nomination.php(204): view('frontend/ssan', [...])
 5 SYSTEMPATH\CodeIgniter.php(896): App\Controllers\Nomination->index('yes')
 6 SYSTEMPATH\CodeIgniter.php(466): CodeIgniter\CodeIgniter->runController(Object(App\Controllers\Nomination))
 7 SYSTEMPATH\CodeIgniter.php(349): CodeIgniter\CodeIgniter->handleRequest(null, Object(Config\Cache), false)
 8 FCPATH\index.php(55): CodeIgniter\CodeIgniter->run()
