CRITICAL - 2022-08-26 00:19:49 --> There is no data to insert.
in SYSTEMPATH\BaseModel.php on line 718.
 1 SYSTEMPATH\BaseModel.php(718): CodeIgniter\Database\Exceptions\DataException::forEmptyDataset('insert')
 2 SYSTEMPATH\Model.php(666): CodeIgniter\BaseModel->insert([], false)
 3 SYSTEMPATH\BaseModel.php(658): CodeIgniter\Model->insert([...], false)
 4 APPPATH\Controllers\Nomination.php(96): CodeIgniter\BaseModel->save([...])
 5 SYSTEMPATH\CodeIgniter.php(896): App\Controllers\Nomination->spsfn()
 6 SYSTEMPATH\CodeIgniter.php(466): CodeIgniter\CodeIgniter->runController(Object(App\Controllers\Nomination))
 7 SYSTEMPATH\CodeIgniter.php(349): CodeIgniter\CodeIgniter->handleRequest(null, Object(Config\Cache), false)
 8 FCPATH\index.php(55): CodeIgniter\CodeIgniter->run()
CRITICAL - 2022-08-26 03:09:47 --> Undefined variable: userdata
in APPPATH\Views\frontend\header.php on line 64.
 1 APPPATH\Views\frontend\header.php(64): CodeIgniter\Debug\Exceptions->errorHandler(8, 'Undefined variable: userdata', 'APPPATH\\Views\\frontend\\header.php', 64, [])
 2 SYSTEMPATH\View\View.php(213): include('APPPATH\\Views\\frontend\\header.php')
 3 SYSTEMPATH\View\View.php(216): CodeIgniter\View\View->CodeIgniter\View\{closure}()
 4 SYSTEMPATH\Common.php(1135): CodeIgniter\View\View->render('frontend/header', [], true)
 5 APPPATH\Controllers\User.php(29): view('frontend/header')
 6 SYSTEMPATH\CodeIgniter.php(896): App\Controllers\User->login()
 7 SYSTEMPATH\CodeIgniter.php(466): CodeIgniter\CodeIgniter->runController(Object(App\Controllers\User))
 8 SYSTEMPATH\CodeIgniter.php(349): CodeIgniter\CodeIgniter->handleRequest(null, Object(Config\Cache), false)
 9 FCPATH\index.php(55): CodeIgniter\CodeIgniter->run()
CRITICAL - 2022-08-26 03:11:26 --> Undefined index: isLoggedIn
in APPPATH\Views\frontend\header.php on line 64.
 1 APPPATH\Views\frontend\header.php(64): CodeIgniter\Debug\Exceptions->errorHandler(8, 'Undefined index: isLoggedIn', 'APPPATH\\Views\\frontend\\header.php', 64, [...])
 2 SYSTEMPATH\View\View.php(213): include('APPPATH\\Views\\frontend\\header.php')
 3 SYSTEMPATH\View\View.php(216): CodeIgniter\View\View->CodeIgniter\View\{closure}()
 4 SYSTEMPATH\Common.php(1135): CodeIgniter\View\View->render('frontend/header', [], true)
 5 APPPATH\Controllers\User.php(30): view('frontend/header', [...])
 6 SYSTEMPATH\CodeIgniter.php(896): App\Controllers\User->login()
 7 SYSTEMPATH\CodeIgniter.php(466): CodeIgniter\CodeIgniter->runController(Object(App\Controllers\User))
 8 SYSTEMPATH\CodeIgniter.php(349): CodeIgniter\CodeIgniter->handleRequest(null, Object(Config\Cache), false)
 9 FCPATH\index.php(55): CodeIgniter\CodeIgniter->run()
