CRITICAL - 2022-10-05 07:12:25 --> syntax error, unexpected 'return' (T_RETURN)
in APPPATH\Views\admin\awards\list.php on line 76.
 1 SYSTEMPATH\View\View.php(216): CodeIgniter\View\View->CodeIgniter\View\{closure}()
 2 SYSTEMPATH\Common.php(1135): CodeIgniter\View\View->render('admin/awards/list', [], true)
 3 APPPATH\Controllers\Admin\Awards.php(46): view('admin/awards/list', [...])
 4 SYSTEMPATH\CodeIgniter.php(896): App\Controllers\Admin\Awards->index()
 5 SYSTEMPATH\CodeIgniter.php(466): CodeIgniter\CodeIgniter->runController(Object(App\Controllers\Admin\Awards))
 6 SYSTEMPATH\CodeIgniter.php(349): CodeIgniter\CodeIgniter->handleRequest(null, Object(Config\Cache), false)
 7 FCPATH\index.php(55): CodeIgniter\CodeIgniter->run()
CRITICAL - 2022-10-05 07:12:38 --> Undefined variable: data
in APPPATH\Views\admin\awards\list.php on line 76.
 1 APPPATH\Views\admin\awards\list.php(76): CodeIgniter\Debug\Exceptions->errorHandler(8, 'Undefined variable: data', 'APPPATH\\Views\\admin\\awards\\list.php', 76, [...])
 2 SYSTEMPATH\View\View.php(213): include('APPPATH\\Views\\admin\\awards\\list.php')
 3 SYSTEMPATH\View\View.php(216): CodeIgniter\View\View->CodeIgniter\View\{closure}()
 4 SYSTEMPATH\Common.php(1135): CodeIgniter\View\View->render('admin/awards/list', [], true)
 5 APPPATH\Controllers\Admin\Awards.php(46): view('admin/awards/list', [...])
 6 SYSTEMPATH\CodeIgniter.php(896): App\Controllers\Admin\Awards->index()
 7 SYSTEMPATH\CodeIgniter.php(466): CodeIgniter\CodeIgniter->runController(Object(App\Controllers\Admin\Awards))
 8 SYSTEMPATH\CodeIgniter.php(349): CodeIgniter\CodeIgniter->handleRequest(null, Object(Config\Cache), false)
 9 FCPATH\index.php(55): CodeIgniter\CodeIgniter->run()
CRITICAL - 2022-10-05 08:56:23 --> Argument 3 passed to view() must be of the type array, bool given, called in C:\xampp\htdocs\sunpharma\app\Controllers\Admin\Awards.php on line 41
in SYSTEMPATH\Common.php on line 1121.
 1 APPPATH\Controllers\Admin\Awards.php(41): view('admin/awards/list', [...], true)
 2 SYSTEMPATH\CodeIgniter.php(896): App\Controllers\Admin\Awards->index()
 3 SYSTEMPATH\CodeIgniter.php(466): CodeIgniter\CodeIgniter->runController(Object(App\Controllers\Admin\Awards))
 4 SYSTEMPATH\CodeIgniter.php(349): CodeIgniter\CodeIgniter->handleRequest(null, Object(Config\Cache), false)
 5 FCPATH\index.php(55): CodeIgniter\CodeIgniter->run()
CRITICAL - 2022-10-05 10:20:58 --> Too few arguments to function CodeIgniter\View\View::__construct(), 0 passed in C:\xampp\htdocs\sunpharma\app\Controllers\Admin\Awards.php on line 17 and at least 1 expected
in SYSTEMPATH\View\View.php on line 140.
 1 APPPATH\Controllers\Admin\Awards.php(17): CodeIgniter\View\View->__construct()
 2 SYSTEMPATH\CodeIgniter.php(896): App\Controllers\Admin\Awards->index()
 3 SYSTEMPATH\CodeIgniter.php(466): CodeIgniter\CodeIgniter->runController(Object(App\Controllers\Admin\Awards))
 4 SYSTEMPATH\CodeIgniter.php(349): CodeIgniter\CodeIgniter->handleRequest(null, Object(Config\Cache), false)
 5 FCPATH\index.php(55): CodeIgniter\CodeIgniter->run()
CRITICAL - 2022-10-05 10:22:57 --> Argument 3 passed to CodeIgniter\View\View::renderString() must be of the type bool or null, array given, called in C:\xampp\htdocs\sunpharma\app\Controllers\Admin\Awards.php on line 43
in SYSTEMPATH\View\View.php on line 277.
 1 APPPATH\Controllers\Admin\Awards.php(43): CodeIgniter\View\View->renderString('admin/awards/filter', [...], [...])
 2 SYSTEMPATH\CodeIgniter.php(896): App\Controllers\Admin\Awards->index()
 3 SYSTEMPATH\CodeIgniter.php(466): CodeIgniter\CodeIgniter->runController(Object(App\Controllers\Admin\Awards))
 4 SYSTEMPATH\CodeIgniter.php(349): CodeIgniter\CodeIgniter->handleRequest(null, Object(Config\Cache), false)
 5 FCPATH\index.php(55): CodeIgniter\CodeIgniter->run()
