CRITICAL - 2022-09-23 00:34:23 --> syntax error, unexpected 'return' (T_RETURN), expecting ':'
in APPPATH\Controllers\Admin\Nominee.php on line 79.
 1 SYSTEMPATH\Autoloader\Autoloader.php(261): CodeIgniter\Autoloader\Autoloader->includeFile('APPPATH\\Controllers\\Admin\\Nominee.php')
 2 SYSTEMPATH\Autoloader\Autoloader.php(239): CodeIgniter\Autoloader\Autoloader->loadInNamespace('App\\Controllers\\Admin\\Nominee')
 3 [internal function]: CodeIgniter\Autoloader\Autoloader->loadClass('App\\Controllers\\Admin\\Nominee')
 4 [internal function]: spl_autoload_call('App\\Controllers\\Admin\\Nominee')
 5 SYSTEMPATH\CodeIgniter.php(846): class_exists('\\App\\Controllers\\Admin\\Nominee', true)
 6 SYSTEMPATH\CodeIgniter.php(453): CodeIgniter\CodeIgniter->startController()
 7 SYSTEMPATH\CodeIgniter.php(349): CodeIgniter\CodeIgniter->handleRequest(null, Object(Config\Cache), false)
 8 FCPATH\index.php(55): CodeIgniter\CodeIgniter->run()
CRITICAL - 2022-09-23 00:39:00 --> Undefined variable: editdata
in APPPATH\Controllers\Admin\Nominee.php on line 73.
 1 APPPATH\Controllers\Admin\Nominee.php(73): CodeIgniter\Debug\Exceptions->errorHandler(8, 'Undefined variable: editdata', 'APPPATH\\Controllers\\Admin\\Nominee.php', 73, [...])
 2 SYSTEMPATH\CodeIgniter.php(896): App\Controllers\Admin\Nominee->getApproval('4')
 3 SYSTEMPATH\CodeIgniter.php(466): CodeIgniter\CodeIgniter->runController(Object(App\Controllers\Admin\Nominee))
 4 SYSTEMPATH\CodeIgniter.php(349): CodeIgniter\CodeIgniter->handleRequest(null, Object(Config\Cache), false)
 5 FCPATH\index.php(55): CodeIgniter\CodeIgniter->run()
CRITICAL - 2022-09-23 00:46:31 --> Trying to access array offset on value of type null
in APPPATH\Views\admin\nominee\nominee_view.php on line 37.
 1 APPPATH\Views\admin\nominee\nominee_view.php(37): CodeIgniter\Debug\Exceptions->errorHandler(8, 'Trying to access array offset on value of type null', 'APPPATH\\Views\\admin\\nominee\\nominee_view.php', 37, [...])
 2 SYSTEMPATH\View\View.php(213): include('APPPATH\\Views\\admin\\nominee\\nominee_view.php')
 3 SYSTEMPATH\View\View.php(216): CodeIgniter\View\View->CodeIgniter\View\{closure}()
 4 SYSTEMPATH\Common.php(1135): CodeIgniter\View\View->render('admin/nominee/nominee_view', [], true)
 5 APPPATH\Controllers\Admin\Nominee.php(75): view('admin/nominee/nominee_view', [...])
 6 SYSTEMPATH\CodeIgniter.php(896): App\Controllers\Admin\Nominee->getApproval('FCPATH\\images', 'prod-1.jpg')
 7 SYSTEMPATH\CodeIgniter.php(466): CodeIgniter\CodeIgniter->runController(Object(App\Controllers\Admin\Nominee))
 8 SYSTEMPATH\CodeIgniter.php(349): CodeIgniter\CodeIgniter->handleRequest(null, Object(Config\Cache), false)
 9 FCPATH\index.php(55): CodeIgniter\CodeIgniter->run()
CRITICAL - 2022-09-23 00:46:31 --> Trying to access array offset on value of type null
in APPPATH\Views\admin\nominee\nominee_view.php on line 37.
 1 APPPATH\Views\admin\nominee\nominee_view.php(37): CodeIgniter\Debug\Exceptions->errorHandler(8, 'Trying to access array offset on value of type null', 'APPPATH\\Views\\admin\\nominee\\nominee_view.php', 37, [...])
 2 SYSTEMPATH\View\View.php(213): include('APPPATH\\Views\\admin\\nominee\\nominee_view.php')
 3 SYSTEMPATH\View\View.php(216): CodeIgniter\View\View->CodeIgniter\View\{closure}()
 4 SYSTEMPATH\Common.php(1135): CodeIgniter\View\View->render('admin/nominee/nominee_view', [], true)
 5 APPPATH\Controllers\Admin\Nominee.php(75): view('admin/nominee/nominee_view', [...])
 6 SYSTEMPATH\CodeIgniter.php(896): App\Controllers\Admin\Nominee->getApproval('FCPATH\\images', 'prod-2.jpg')
 7 SYSTEMPATH\CodeIgniter.php(466): CodeIgniter\CodeIgniter->runController(Object(App\Controllers\Admin\Nominee))
 8 SYSTEMPATH\CodeIgniter.php(349): CodeIgniter\CodeIgniter->handleRequest(null, Object(Config\Cache), false)
 9 FCPATH\index.php(55): CodeIgniter\CodeIgniter->run()
CRITICAL - 2022-09-23 00:46:31 --> Trying to access array offset on value of type null
in APPPATH\Views\admin\nominee\nominee_view.php on line 37.
 1 APPPATH\Views\admin\nominee\nominee_view.php(37): CodeIgniter\Debug\Exceptions->errorHandler(8, 'Trying to access array offset on value of type null', 'APPPATH\\Views\\admin\\nominee\\nominee_view.php', 37, [...])
 2 SYSTEMPATH\View\View.php(213): include('APPPATH\\Views\\admin\\nominee\\nominee_view.php')
 3 SYSTEMPATH\View\View.php(216): CodeIgniter\View\View->CodeIgniter\View\{closure}()
 4 SYSTEMPATH\Common.php(1135): CodeIgniter\View\View->render('admin/nominee/nominee_view', [], true)
 5 APPPATH\Controllers\Admin\Nominee.php(75): view('admin/nominee/nominee_view', [...])
 6 SYSTEMPATH\CodeIgniter.php(896): App\Controllers\Admin\Nominee->getApproval('FCPATH\\images', 'prod-5.jpg')
 7 SYSTEMPATH\CodeIgniter.php(466): CodeIgniter\CodeIgniter->runController(Object(App\Controllers\Admin\Nominee))
 8 SYSTEMPATH\CodeIgniter.php(349): CodeIgniter\CodeIgniter->handleRequest(null, Object(Config\Cache), false)
 9 FCPATH\index.php(55): CodeIgniter\CodeIgniter->run()
CRITICAL - 2022-09-23 00:46:31 --> Trying to access array offset on value of type null
in APPPATH\Views\admin\nominee\nominee_view.php on line 37.
 1 APPPATH\Views\admin\nominee\nominee_view.php(37): CodeIgniter\Debug\Exceptions->errorHandler(8, 'Trying to access array offset on value of type null', 'APPPATH\\Views\\admin\\nominee\\nominee_view.php', 37, [...])
 2 SYSTEMPATH\View\View.php(213): include('APPPATH\\Views\\admin\\nominee\\nominee_view.php')
 3 SYSTEMPATH\View\View.php(216): CodeIgniter\View\View->CodeIgniter\View\{closure}()
 4 SYSTEMPATH\Common.php(1135): CodeIgniter\View\View->render('admin/nominee/nominee_view', [], true)
 5 APPPATH\Controllers\Admin\Nominee.php(75): view('admin/nominee/nominee_view', [...])
 6 SYSTEMPATH\CodeIgniter.php(896): App\Controllers\Admin\Nominee->getApproval('FCPATH\\images', 'prod-3.jpg')
 7 SYSTEMPATH\CodeIgniter.php(466): CodeIgniter\CodeIgniter->runController(Object(App\Controllers\Admin\Nominee))
 8 SYSTEMPATH\CodeIgniter.php(349): CodeIgniter\CodeIgniter->handleRequest(null, Object(Config\Cache), false)
 9 FCPATH\index.php(55): CodeIgniter\CodeIgniter->run()
CRITICAL - 2022-09-23 00:46:31 --> Trying to access array offset on value of type null
in APPPATH\Views\admin\nominee\nominee_view.php on line 37.
 1 APPPATH\Views\admin\nominee\nominee_view.php(37): CodeIgniter\Debug\Exceptions->errorHandler(8, 'Trying to access array offset on value of type null', 'APPPATH\\Views\\admin\\nominee\\nominee_view.php', 37, [...])
 2 SYSTEMPATH\View\View.php(213): include('APPPATH\\Views\\admin\\nominee\\nominee_view.php')
 3 SYSTEMPATH\View\View.php(216): CodeIgniter\View\View->CodeIgniter\View\{closure}()
 4 SYSTEMPATH\Common.php(1135): CodeIgniter\View\View->render('admin/nominee/nominee_view', [], true)
 5 APPPATH\Controllers\Admin\Nominee.php(75): view('admin/nominee/nominee_view', [...])
 6 SYSTEMPATH\CodeIgniter.php(896): App\Controllers\Admin\Nominee->getApproval('FCPATH\\images', 'prod-4.jpg')
 7 SYSTEMPATH\CodeIgniter.php(466): CodeIgniter\CodeIgniter->runController(Object(App\Controllers\Admin\Nominee))
 8 SYSTEMPATH\CodeIgniter.php(349): CodeIgniter\CodeIgniter->handleRequest(null, Object(Config\Cache), false)
 9 FCPATH\index.php(55): CodeIgniter\CodeIgniter->run()
CRITICAL - 2022-09-23 01:02:50 --> Trying to access array offset on value of type null
in APPPATH\Views\admin\nominee\nominee_view.php on line 37.
 1 APPPATH\Views\admin\nominee\nominee_view.php(37): CodeIgniter\Debug\Exceptions->errorHandler(8, 'Trying to access array offset on value of type null', 'APPPATH\\Views\\admin\\nominee\\nominee_view.php', 37, [...])
 2 SYSTEMPATH\View\View.php(213): include('APPPATH\\Views\\admin\\nominee\\nominee_view.php')
 3 SYSTEMPATH\View\View.php(216): CodeIgniter\View\View->CodeIgniter\View\{closure}()
 4 SYSTEMPATH\Common.php(1135): CodeIgniter\View\View->render('admin/nominee/nominee_view', [], true)
 5 APPPATH\Controllers\Admin\Nominee.php(74): view('admin/nominee/nominee_view', [...])
 6 SYSTEMPATH\CodeIgniter.php(896): App\Controllers\Admin\Nominee->getApproval('4')
 7 SYSTEMPATH\CodeIgniter.php(466): CodeIgniter\CodeIgniter->runController(Object(App\Controllers\Admin\Nominee))
 8 SYSTEMPATH\CodeIgniter.php(349): CodeIgniter\CodeIgniter->handleRequest(null, Object(Config\Cache), false)
 9 FCPATH\index.php(55): CodeIgniter\CodeIgniter->run()
CRITICAL - 2022-09-23 01:09:18 --> Trying to access array offset on value of type null
in APPPATH\Views\admin\nominee\nominee_view.php on line 37.
 1 APPPATH\Views\admin\nominee\nominee_view.php(37): CodeIgniter\Debug\Exceptions->errorHandler(8, 'Trying to access array offset on value of type null', 'APPPATH\\Views\\admin\\nominee\\nominee_view.php', 37, [...])
 2 SYSTEMPATH\View\View.php(213): include('APPPATH\\Views\\admin\\nominee\\nominee_view.php')
 3 SYSTEMPATH\View\View.php(216): CodeIgniter\View\View->CodeIgniter\View\{closure}()
 4 SYSTEMPATH\Common.php(1135): CodeIgniter\View\View->render('admin/nominee/nominee_view', [], true)
 5 APPPATH\Controllers\Admin\Nominee.php(75): view('admin/nominee/nominee_view', [...])
 6 SYSTEMPATH\CodeIgniter.php(896): App\Controllers\Admin\Nominee->getApproval('FCPATH\\images', 'prod-1.jpg')
 7 SYSTEMPATH\CodeIgniter.php(466): CodeIgniter\CodeIgniter->runController(Object(App\Controllers\Admin\Nominee))
 8 SYSTEMPATH\CodeIgniter.php(349): CodeIgniter\CodeIgniter->handleRequest(null, Object(Config\Cache), false)
 9 FCPATH\index.php(55): CodeIgniter\CodeIgniter->run()
CRITICAL - 2022-09-23 01:09:18 --> Trying to access array offset on value of type null
in APPPATH\Views\admin\nominee\nominee_view.php on line 37.
 1 APPPATH\Views\admin\nominee\nominee_view.php(37): CodeIgniter\Debug\Exceptions->errorHandler(8, 'Trying to access array offset on value of type null', 'APPPATH\\Views\\admin\\nominee\\nominee_view.php', 37, [...])
 2 SYSTEMPATH\View\View.php(213): include('APPPATH\\Views\\admin\\nominee\\nominee_view.php')
 3 SYSTEMPATH\View\View.php(216): CodeIgniter\View\View->CodeIgniter\View\{closure}()
 4 SYSTEMPATH\Common.php(1135): CodeIgniter\View\View->render('admin/nominee/nominee_view', [], true)
 5 APPPATH\Controllers\Admin\Nominee.php(75): view('admin/nominee/nominee_view', [...])
 6 SYSTEMPATH\CodeIgniter.php(896): App\Controllers\Admin\Nominee->getApproval('FCPATH\\images', 'prod-2.jpg')
 7 SYSTEMPATH\CodeIgniter.php(466): CodeIgniter\CodeIgniter->runController(Object(App\Controllers\Admin\Nominee))
 8 SYSTEMPATH\CodeIgniter.php(349): CodeIgniter\CodeIgniter->handleRequest(null, Object(Config\Cache), false)
 9 FCPATH\index.php(55): CodeIgniter\CodeIgniter->run()
CRITICAL - 2022-09-23 01:09:18 --> Trying to access array offset on value of type null
in APPPATH\Views\admin\nominee\nominee_view.php on line 37.
 1 APPPATH\Views\admin\nominee\nominee_view.php(37): CodeIgniter\Debug\Exceptions->errorHandler(8, 'Trying to access array offset on value of type null', 'APPPATH\\Views\\admin\\nominee\\nominee_view.php', 37, [...])
 2 SYSTEMPATH\View\View.php(213): include('APPPATH\\Views\\admin\\nominee\\nominee_view.php')
 3 SYSTEMPATH\View\View.php(216): CodeIgniter\View\View->CodeIgniter\View\{closure}()
 4 SYSTEMPATH\Common.php(1135): CodeIgniter\View\View->render('admin/nominee/nominee_view', [], true)
 5 APPPATH\Controllers\Admin\Nominee.php(75): view('admin/nominee/nominee_view', [...])
 6 SYSTEMPATH\CodeIgniter.php(896): App\Controllers\Admin\Nominee->getApproval('FCPATH\\images', 'prod-3.jpg')
 7 SYSTEMPATH\CodeIgniter.php(466): CodeIgniter\CodeIgniter->runController(Object(App\Controllers\Admin\Nominee))
 8 SYSTEMPATH\CodeIgniter.php(349): CodeIgniter\CodeIgniter->handleRequest(null, Object(Config\Cache), false)
 9 FCPATH\index.php(55): CodeIgniter\CodeIgniter->run()
CRITICAL - 2022-09-23 01:09:18 --> Trying to access array offset on value of type null
in APPPATH\Views\admin\nominee\nominee_view.php on line 37.
 1 APPPATH\Views\admin\nominee\nominee_view.php(37): CodeIgniter\Debug\Exceptions->errorHandler(8, 'Trying to access array offset on value of type null', 'APPPATH\\Views\\admin\\nominee\\nominee_view.php', 37, [...])
 2 SYSTEMPATH\View\View.php(213): include('APPPATH\\Views\\admin\\nominee\\nominee_view.php')
 3 SYSTEMPATH\View\View.php(216): CodeIgniter\View\View->CodeIgniter\View\{closure}()
 4 SYSTEMPATH\Common.php(1135): CodeIgniter\View\View->render('admin/nominee/nominee_view', [], true)
 5 APPPATH\Controllers\Admin\Nominee.php(75): view('admin/nominee/nominee_view', [...])
 6 SYSTEMPATH\CodeIgniter.php(896): App\Controllers\Admin\Nominee->getApproval('FCPATH\\images', 'prod-5.jpg')
 7 SYSTEMPATH\CodeIgniter.php(466): CodeIgniter\CodeIgniter->runController(Object(App\Controllers\Admin\Nominee))
 8 SYSTEMPATH\CodeIgniter.php(349): CodeIgniter\CodeIgniter->handleRequest(null, Object(Config\Cache), false)
 9 FCPATH\index.php(55): CodeIgniter\CodeIgniter->run()
CRITICAL - 2022-09-23 01:09:18 --> Trying to access array offset on value of type null
in APPPATH\Views\admin\nominee\nominee_view.php on line 37.
 1 APPPATH\Views\admin\nominee\nominee_view.php(37): CodeIgniter\Debug\Exceptions->errorHandler(8, 'Trying to access array offset on value of type null', 'APPPATH\\Views\\admin\\nominee\\nominee_view.php', 37, [...])
 2 SYSTEMPATH\View\View.php(213): include('APPPATH\\Views\\admin\\nominee\\nominee_view.php')
 3 SYSTEMPATH\View\View.php(216): CodeIgniter\View\View->CodeIgniter\View\{closure}()
 4 SYSTEMPATH\Common.php(1135): CodeIgniter\View\View->render('admin/nominee/nominee_view', [], true)
 5 APPPATH\Controllers\Admin\Nominee.php(75): view('admin/nominee/nominee_view', [...])
 6 SYSTEMPATH\CodeIgniter.php(896): App\Controllers\Admin\Nominee->getApproval('FCPATH\\images', 'prod-4.jpg')
 7 SYSTEMPATH\CodeIgniter.php(466): CodeIgniter\CodeIgniter->runController(Object(App\Controllers\Admin\Nominee))
 8 SYSTEMPATH\CodeIgniter.php(349): CodeIgniter\CodeIgniter->handleRequest(null, Object(Config\Cache), false)
 9 FCPATH\index.php(55): CodeIgniter\CodeIgniter->run()
CRITICAL - 2022-09-23 01:09:43 --> Trying to access array offset on value of type null
in APPPATH\Views\admin\nominee\nominee_view.php on line 37.
 1 APPPATH\Views\admin\nominee\nominee_view.php(37): CodeIgniter\Debug\Exceptions->errorHandler(8, 'Trying to access array offset on value of type null', 'APPPATH\\Views\\admin\\nominee\\nominee_view.php', 37, [...])
 2 SYSTEMPATH\View\View.php(213): include('APPPATH\\Views\\admin\\nominee\\nominee_view.php')
 3 SYSTEMPATH\View\View.php(216): CodeIgniter\View\View->CodeIgniter\View\{closure}()
 4 SYSTEMPATH\Common.php(1135): CodeIgniter\View\View->render('admin/nominee/nominee_view', [], true)
 5 APPPATH\Controllers\Admin\Nominee.php(75): view('admin/nominee/nominee_view', [...])
 6 SYSTEMPATH\CodeIgniter.php(896): App\Controllers\Admin\Nominee->getApproval('FCPATH\\images', 'prod-1.jpg')
 7 SYSTEMPATH\CodeIgniter.php(466): CodeIgniter\CodeIgniter->runController(Object(App\Controllers\Admin\Nominee))
 8 SYSTEMPATH\CodeIgniter.php(349): CodeIgniter\CodeIgniter->handleRequest(null, Object(Config\Cache), false)
 9 FCPATH\index.php(55): CodeIgniter\CodeIgniter->run()
CRITICAL - 2022-09-23 01:09:43 --> Trying to access array offset on value of type null
in APPPATH\Views\admin\nominee\nominee_view.php on line 37.
 1 APPPATH\Views\admin\nominee\nominee_view.php(37): CodeIgniter\Debug\Exceptions->errorHandler(8, 'Trying to access array offset on value of type null', 'APPPATH\\Views\\admin\\nominee\\nominee_view.php', 37, [...])
 2 SYSTEMPATH\View\View.php(213): include('APPPATH\\Views\\admin\\nominee\\nominee_view.php')
 3 SYSTEMPATH\View\View.php(216): CodeIgniter\View\View->CodeIgniter\View\{closure}()
 4 SYSTEMPATH\Common.php(1135): CodeIgniter\View\View->render('admin/nominee/nominee_view', [], true)
 5 APPPATH\Controllers\Admin\Nominee.php(75): view('admin/nominee/nominee_view', [...])
 6 SYSTEMPATH\CodeIgniter.php(896): App\Controllers\Admin\Nominee->getApproval('FCPATH\\images', 'prod-2.jpg')
 7 SYSTEMPATH\CodeIgniter.php(466): CodeIgniter\CodeIgniter->runController(Object(App\Controllers\Admin\Nominee))
 8 SYSTEMPATH\CodeIgniter.php(349): CodeIgniter\CodeIgniter->handleRequest(null, Object(Config\Cache), false)
 9 FCPATH\index.php(55): CodeIgniter\CodeIgniter->run()
CRITICAL - 2022-09-23 01:09:43 --> Trying to access array offset on value of type null
in APPPATH\Views\admin\nominee\nominee_view.php on line 37.
 1 APPPATH\Views\admin\nominee\nominee_view.php(37): CodeIgniter\Debug\Exceptions->errorHandler(8, 'Trying to access array offset on value of type null', 'APPPATH\\Views\\admin\\nominee\\nominee_view.php', 37, [...])
 2 SYSTEMPATH\View\View.php(213): include('APPPATH\\Views\\admin\\nominee\\nominee_view.php')
 3 SYSTEMPATH\View\View.php(216): CodeIgniter\View\View->CodeIgniter\View\{closure}()
 4 SYSTEMPATH\Common.php(1135): CodeIgniter\View\View->render('admin/nominee/nominee_view', [], true)
 5 APPPATH\Controllers\Admin\Nominee.php(75): view('admin/nominee/nominee_view', [...])
 6 SYSTEMPATH\CodeIgniter.php(896): App\Controllers\Admin\Nominee->getApproval('FCPATH\\images', 'prod-3.jpg')
 7 SYSTEMPATH\CodeIgniter.php(466): CodeIgniter\CodeIgniter->runController(Object(App\Controllers\Admin\Nominee))
 8 SYSTEMPATH\CodeIgniter.php(349): CodeIgniter\CodeIgniter->handleRequest(null, Object(Config\Cache), false)
 9 FCPATH\index.php(55): CodeIgniter\CodeIgniter->run()
CRITICAL - 2022-09-23 01:09:43 --> Trying to access array offset on value of type null
in APPPATH\Views\admin\nominee\nominee_view.php on line 37.
 1 APPPATH\Views\admin\nominee\nominee_view.php(37): CodeIgniter\Debug\Exceptions->errorHandler(8, 'Trying to access array offset on value of type null', 'APPPATH\\Views\\admin\\nominee\\nominee_view.php', 37, [...])
 2 SYSTEMPATH\View\View.php(213): include('APPPATH\\Views\\admin\\nominee\\nominee_view.php')
 3 SYSTEMPATH\View\View.php(216): CodeIgniter\View\View->CodeIgniter\View\{closure}()
 4 SYSTEMPATH\Common.php(1135): CodeIgniter\View\View->render('admin/nominee/nominee_view', [], true)
 5 APPPATH\Controllers\Admin\Nominee.php(75): view('admin/nominee/nominee_view', [...])
 6 SYSTEMPATH\CodeIgniter.php(896): App\Controllers\Admin\Nominee->getApproval('FCPATH\\images', 'prod-5.jpg')
 7 SYSTEMPATH\CodeIgniter.php(466): CodeIgniter\CodeIgniter->runController(Object(App\Controllers\Admin\Nominee))
 8 SYSTEMPATH\CodeIgniter.php(349): CodeIgniter\CodeIgniter->handleRequest(null, Object(Config\Cache), false)
 9 FCPATH\index.php(55): CodeIgniter\CodeIgniter->run()
CRITICAL - 2022-09-23 01:09:43 --> Trying to access array offset on value of type null
in APPPATH\Views\admin\nominee\nominee_view.php on line 37.
 1 APPPATH\Views\admin\nominee\nominee_view.php(37): CodeIgniter\Debug\Exceptions->errorHandler(8, 'Trying to access array offset on value of type null', 'APPPATH\\Views\\admin\\nominee\\nominee_view.php', 37, [...])
 2 SYSTEMPATH\View\View.php(213): include('APPPATH\\Views\\admin\\nominee\\nominee_view.php')
 3 SYSTEMPATH\View\View.php(216): CodeIgniter\View\View->CodeIgniter\View\{closure}()
 4 SYSTEMPATH\Common.php(1135): CodeIgniter\View\View->render('admin/nominee/nominee_view', [], true)
 5 APPPATH\Controllers\Admin\Nominee.php(75): view('admin/nominee/nominee_view', [...])
 6 SYSTEMPATH\CodeIgniter.php(896): App\Controllers\Admin\Nominee->getApproval('FCPATH\\images', 'prod-4.jpg')
 7 SYSTEMPATH\CodeIgniter.php(466): CodeIgniter\CodeIgniter->runController(Object(App\Controllers\Admin\Nominee))
 8 SYSTEMPATH\CodeIgniter.php(349): CodeIgniter\CodeIgniter->handleRequest(null, Object(Config\Cache), false)
 9 FCPATH\index.php(55): CodeIgniter\CodeIgniter->run()
CRITICAL - 2022-09-23 01:09:47 --> Trying to access array offset on value of type null
in APPPATH\Views\admin\nominee\nominee_view.php on line 37.
 1 APPPATH\Views\admin\nominee\nominee_view.php(37): CodeIgniter\Debug\Exceptions->errorHandler(8, 'Trying to access array offset on value of type null', 'APPPATH\\Views\\admin\\nominee\\nominee_view.php', 37, [...])
 2 SYSTEMPATH\View\View.php(213): include('APPPATH\\Views\\admin\\nominee\\nominee_view.php')
 3 SYSTEMPATH\View\View.php(216): CodeIgniter\View\View->CodeIgniter\View\{closure}()
 4 SYSTEMPATH\Common.php(1135): CodeIgniter\View\View->render('admin/nominee/nominee_view', [], true)
 5 APPPATH\Controllers\Admin\Nominee.php(75): view('admin/nominee/nominee_view', [...])
 6 SYSTEMPATH\CodeIgniter.php(896): App\Controllers\Admin\Nominee->getApproval('FCPATH\\images', 'prod-1.jpg')
 7 SYSTEMPATH\CodeIgniter.php(466): CodeIgniter\CodeIgniter->runController(Object(App\Controllers\Admin\Nominee))
 8 SYSTEMPATH\CodeIgniter.php(349): CodeIgniter\CodeIgniter->handleRequest(null, Object(Config\Cache), false)
 9 FCPATH\index.php(55): CodeIgniter\CodeIgniter->run()
CRITICAL - 2022-09-23 01:09:47 --> Trying to access array offset on value of type null
in APPPATH\Views\admin\nominee\nominee_view.php on line 37.
 1 APPPATH\Views\admin\nominee\nominee_view.php(37): CodeIgniter\Debug\Exceptions->errorHandler(8, 'Trying to access array offset on value of type null', 'APPPATH\\Views\\admin\\nominee\\nominee_view.php', 37, [...])
 2 SYSTEMPATH\View\View.php(213): include('APPPATH\\Views\\admin\\nominee\\nominee_view.php')
 3 SYSTEMPATH\View\View.php(216): CodeIgniter\View\View->CodeIgniter\View\{closure}()
 4 SYSTEMPATH\Common.php(1135): CodeIgniter\View\View->render('admin/nominee/nominee_view', [], true)
 5 APPPATH\Controllers\Admin\Nominee.php(75): view('admin/nominee/nominee_view', [...])
 6 SYSTEMPATH\CodeIgniter.php(896): App\Controllers\Admin\Nominee->getApproval('FCPATH\\images', 'prod-2.jpg')
 7 SYSTEMPATH\CodeIgniter.php(466): CodeIgniter\CodeIgniter->runController(Object(App\Controllers\Admin\Nominee))
 8 SYSTEMPATH\CodeIgniter.php(349): CodeIgniter\CodeIgniter->handleRequest(null, Object(Config\Cache), false)
 9 FCPATH\index.php(55): CodeIgniter\CodeIgniter->run()
CRITICAL - 2022-09-23 01:09:47 --> Trying to access array offset on value of type null
in APPPATH\Views\admin\nominee\nominee_view.php on line 37.
 1 APPPATH\Views\admin\nominee\nominee_view.php(37): CodeIgniter\Debug\Exceptions->errorHandler(8, 'Trying to access array offset on value of type null', 'APPPATH\\Views\\admin\\nominee\\nominee_view.php', 37, [...])
 2 SYSTEMPATH\View\View.php(213): include('APPPATH\\Views\\admin\\nominee\\nominee_view.php')
 3 SYSTEMPATH\View\View.php(216): CodeIgniter\View\View->CodeIgniter\View\{closure}()
 4 SYSTEMPATH\Common.php(1135): CodeIgniter\View\View->render('admin/nominee/nominee_view', [], true)
 5 APPPATH\Controllers\Admin\Nominee.php(75): view('admin/nominee/nominee_view', [...])
 6 SYSTEMPATH\CodeIgniter.php(896): App\Controllers\Admin\Nominee->getApproval('FCPATH\\images', 'prod-3.jpg')
 7 SYSTEMPATH\CodeIgniter.php(466): CodeIgniter\CodeIgniter->runController(Object(App\Controllers\Admin\Nominee))
 8 SYSTEMPATH\CodeIgniter.php(349): CodeIgniter\CodeIgniter->handleRequest(null, Object(Config\Cache), false)
 9 FCPATH\index.php(55): CodeIgniter\CodeIgniter->run()
CRITICAL - 2022-09-23 01:09:47 --> Trying to access array offset on value of type null
in APPPATH\Views\admin\nominee\nominee_view.php on line 37.
 1 APPPATH\Views\admin\nominee\nominee_view.php(37): CodeIgniter\Debug\Exceptions->errorHandler(8, 'Trying to access array offset on value of type null', 'APPPATH\\Views\\admin\\nominee\\nominee_view.php', 37, [...])
 2 SYSTEMPATH\View\View.php(213): include('APPPATH\\Views\\admin\\nominee\\nominee_view.php')
 3 SYSTEMPATH\View\View.php(216): CodeIgniter\View\View->CodeIgniter\View\{closure}()
 4 SYSTEMPATH\Common.php(1135): CodeIgniter\View\View->render('admin/nominee/nominee_view', [], true)
 5 APPPATH\Controllers\Admin\Nominee.php(75): view('admin/nominee/nominee_view', [...])
 6 SYSTEMPATH\CodeIgniter.php(896): App\Controllers\Admin\Nominee->getApproval('FCPATH\\images', 'prod-4.jpg')
 7 SYSTEMPATH\CodeIgniter.php(466): CodeIgniter\CodeIgniter->runController(Object(App\Controllers\Admin\Nominee))
 8 SYSTEMPATH\CodeIgniter.php(349): CodeIgniter\CodeIgniter->handleRequest(null, Object(Config\Cache), false)
 9 FCPATH\index.php(55): CodeIgniter\CodeIgniter->run()
CRITICAL - 2022-09-23 01:09:47 --> Trying to access array offset on value of type null
in APPPATH\Views\admin\nominee\nominee_view.php on line 37.
 1 APPPATH\Views\admin\nominee\nominee_view.php(37): CodeIgniter\Debug\Exceptions->errorHandler(8, 'Trying to access array offset on value of type null', 'APPPATH\\Views\\admin\\nominee\\nominee_view.php', 37, [...])
 2 SYSTEMPATH\View\View.php(213): include('APPPATH\\Views\\admin\\nominee\\nominee_view.php')
 3 SYSTEMPATH\View\View.php(216): CodeIgniter\View\View->CodeIgniter\View\{closure}()
 4 SYSTEMPATH\Common.php(1135): CodeIgniter\View\View->render('admin/nominee/nominee_view', [], true)
 5 APPPATH\Controllers\Admin\Nominee.php(75): view('admin/nominee/nominee_view', [...])
 6 SYSTEMPATH\CodeIgniter.php(896): App\Controllers\Admin\Nominee->getApproval('FCPATH\\images', 'prod-5.jpg')
 7 SYSTEMPATH\CodeIgniter.php(466): CodeIgniter\CodeIgniter->runController(Object(App\Controllers\Admin\Nominee))
 8 SYSTEMPATH\CodeIgniter.php(349): CodeIgniter\CodeIgniter->handleRequest(null, Object(Config\Cache), false)
 9 FCPATH\index.php(55): CodeIgniter\CodeIgniter->run()
CRITICAL - 2022-09-23 01:10:18 --> Undefined index: address
in APPPATH\Views\admin\nominee\nominee_view.php on line 39.
 1 APPPATH\Views\admin\nominee\nominee_view.php(39): CodeIgniter\Debug\Exceptions->errorHandler(8, 'Undefined index: address', 'APPPATH\\Views\\admin\\nominee\\nominee_view.php', 39, [...])
 2 SYSTEMPATH\View\View.php(213): include('APPPATH\\Views\\admin\\nominee\\nominee_view.php')
 3 SYSTEMPATH\View\View.php(216): CodeIgniter\View\View->CodeIgniter\View\{closure}()
 4 SYSTEMPATH\Common.php(1135): CodeIgniter\View\View->render('admin/nominee/nominee_view', [], true)
 5 APPPATH\Controllers\Admin\Nominee.php(75): view('admin/nominee/nominee_view', [...])
 6 SYSTEMPATH\CodeIgniter.php(896): App\Controllers\Admin\Nominee->getApproval('6')
 7 SYSTEMPATH\CodeIgniter.php(466): CodeIgniter\CodeIgniter->runController(Object(App\Controllers\Admin\Nominee))
 8 SYSTEMPATH\CodeIgniter.php(349): CodeIgniter\CodeIgniter->handleRequest(null, Object(Config\Cache), false)
 9 FCPATH\index.php(55): CodeIgniter\CodeIgniter->run()
CRITICAL - 2022-09-23 01:10:44 --> Trying to access array offset on value of type null
in APPPATH\Views\admin\nominee\nominee_view.php on line 37.
 1 APPPATH\Views\admin\nominee\nominee_view.php(37): CodeIgniter\Debug\Exceptions->errorHandler(8, 'Trying to access array offset on value of type null', 'APPPATH\\Views\\admin\\nominee\\nominee_view.php', 37, [...])
 2 SYSTEMPATH\View\View.php(213): include('APPPATH\\Views\\admin\\nominee\\nominee_view.php')
 3 SYSTEMPATH\View\View.php(216): CodeIgniter\View\View->CodeIgniter\View\{closure}()
 4 SYSTEMPATH\Common.php(1135): CodeIgniter\View\View->render('admin/nominee/nominee_view', [], true)
 5 APPPATH\Controllers\Admin\Nominee.php(75): view('admin/nominee/nominee_view', [...])
 6 SYSTEMPATH\CodeIgniter.php(896): App\Controllers\Admin\Nominee->getApproval('FCPATH\\images', 'prod-1.jpg')
 7 SYSTEMPATH\CodeIgniter.php(466): CodeIgniter\CodeIgniter->runController(Object(App\Controllers\Admin\Nominee))
 8 SYSTEMPATH\CodeIgniter.php(349): CodeIgniter\CodeIgniter->handleRequest(null, Object(Config\Cache), false)
 9 FCPATH\index.php(55): CodeIgniter\CodeIgniter->run()
CRITICAL - 2022-09-23 01:10:44 --> Trying to access array offset on value of type null
in APPPATH\Views\admin\nominee\nominee_view.php on line 37.
 1 APPPATH\Views\admin\nominee\nominee_view.php(37): CodeIgniter\Debug\Exceptions->errorHandler(8, 'Trying to access array offset on value of type null', 'APPPATH\\Views\\admin\\nominee\\nominee_view.php', 37, [...])
 2 SYSTEMPATH\View\View.php(213): include('APPPATH\\Views\\admin\\nominee\\nominee_view.php')
 3 SYSTEMPATH\View\View.php(216): CodeIgniter\View\View->CodeIgniter\View\{closure}()
 4 SYSTEMPATH\Common.php(1135): CodeIgniter\View\View->render('admin/nominee/nominee_view', [], true)
 5 APPPATH\Controllers\Admin\Nominee.php(75): view('admin/nominee/nominee_view', [...])
 6 SYSTEMPATH\CodeIgniter.php(896): App\Controllers\Admin\Nominee->getApproval('FCPATH\\images', 'prod-2.jpg')
 7 SYSTEMPATH\CodeIgniter.php(466): CodeIgniter\CodeIgniter->runController(Object(App\Controllers\Admin\Nominee))
 8 SYSTEMPATH\CodeIgniter.php(349): CodeIgniter\CodeIgniter->handleRequest(null, Object(Config\Cache), false)
 9 FCPATH\index.php(55): CodeIgniter\CodeIgniter->run()
CRITICAL - 2022-09-23 01:10:44 --> Trying to access array offset on value of type null
in APPPATH\Views\admin\nominee\nominee_view.php on line 37.
 1 APPPATH\Views\admin\nominee\nominee_view.php(37): CodeIgniter\Debug\Exceptions->errorHandler(8, 'Trying to access array offset on value of type null', 'APPPATH\\Views\\admin\\nominee\\nominee_view.php', 37, [...])
 2 SYSTEMPATH\View\View.php(213): include('APPPATH\\Views\\admin\\nominee\\nominee_view.php')
 3 SYSTEMPATH\View\View.php(216): CodeIgniter\View\View->CodeIgniter\View\{closure}()
 4 SYSTEMPATH\Common.php(1135): CodeIgniter\View\View->render('admin/nominee/nominee_view', [], true)
 5 APPPATH\Controllers\Admin\Nominee.php(75): view('admin/nominee/nominee_view', [...])
 6 SYSTEMPATH\CodeIgniter.php(896): App\Controllers\Admin\Nominee->getApproval('FCPATH\\images', 'prod-5.jpg')
 7 SYSTEMPATH\CodeIgniter.php(466): CodeIgniter\CodeIgniter->runController(Object(App\Controllers\Admin\Nominee))
 8 SYSTEMPATH\CodeIgniter.php(349): CodeIgniter\CodeIgniter->handleRequest(null, Object(Config\Cache), false)
 9 FCPATH\index.php(55): CodeIgniter\CodeIgniter->run()
CRITICAL - 2022-09-23 01:10:44 --> Trying to access array offset on value of type null
in APPPATH\Views\admin\nominee\nominee_view.php on line 37.
 1 APPPATH\Views\admin\nominee\nominee_view.php(37): CodeIgniter\Debug\Exceptions->errorHandler(8, 'Trying to access array offset on value of type null', 'APPPATH\\Views\\admin\\nominee\\nominee_view.php', 37, [...])
 2 SYSTEMPATH\View\View.php(213): include('APPPATH\\Views\\admin\\nominee\\nominee_view.php')
 3 SYSTEMPATH\View\View.php(216): CodeIgniter\View\View->CodeIgniter\View\{closure}()
 4 SYSTEMPATH\Common.php(1135): CodeIgniter\View\View->render('admin/nominee/nominee_view', [], true)
 5 APPPATH\Controllers\Admin\Nominee.php(75): view('admin/nominee/nominee_view', [...])
 6 SYSTEMPATH\CodeIgniter.php(896): App\Controllers\Admin\Nominee->getApproval('FCPATH\\images', 'prod-4.jpg')
 7 SYSTEMPATH\CodeIgniter.php(466): CodeIgniter\CodeIgniter->runController(Object(App\Controllers\Admin\Nominee))
 8 SYSTEMPATH\CodeIgniter.php(349): CodeIgniter\CodeIgniter->handleRequest(null, Object(Config\Cache), false)
 9 FCPATH\index.php(55): CodeIgniter\CodeIgniter->run()
CRITICAL - 2022-09-23 01:10:44 --> Trying to access array offset on value of type null
in APPPATH\Views\admin\nominee\nominee_view.php on line 37.
 1 APPPATH\Views\admin\nominee\nominee_view.php(37): CodeIgniter\Debug\Exceptions->errorHandler(8, 'Trying to access array offset on value of type null', 'APPPATH\\Views\\admin\\nominee\\nominee_view.php', 37, [...])
 2 SYSTEMPATH\View\View.php(213): include('APPPATH\\Views\\admin\\nominee\\nominee_view.php')
 3 SYSTEMPATH\View\View.php(216): CodeIgniter\View\View->CodeIgniter\View\{closure}()
 4 SYSTEMPATH\Common.php(1135): CodeIgniter\View\View->render('admin/nominee/nominee_view', [], true)
 5 APPPATH\Controllers\Admin\Nominee.php(75): view('admin/nominee/nominee_view', [...])
 6 SYSTEMPATH\CodeIgniter.php(896): App\Controllers\Admin\Nominee->getApproval('FCPATH\\images', 'prod-3.jpg')
 7 SYSTEMPATH\CodeIgniter.php(466): CodeIgniter\CodeIgniter->runController(Object(App\Controllers\Admin\Nominee))
 8 SYSTEMPATH\CodeIgniter.php(349): CodeIgniter\CodeIgniter->handleRequest(null, Object(Config\Cache), false)
 9 FCPATH\index.php(55): CodeIgniter\CodeIgniter->run()
CRITICAL - 2022-09-23 01:11:02 --> Trying to access array offset on value of type null
in APPPATH\Views\admin\nominee\nominee_view.php on line 37.
 1 APPPATH\Views\admin\nominee\nominee_view.php(37): CodeIgniter\Debug\Exceptions->errorHandler(8, 'Trying to access array offset on value of type null', 'APPPATH\\Views\\admin\\nominee\\nominee_view.php', 37, [...])
 2 SYSTEMPATH\View\View.php(213): include('APPPATH\\Views\\admin\\nominee\\nominee_view.php')
 3 SYSTEMPATH\View\View.php(216): CodeIgniter\View\View->CodeIgniter\View\{closure}()
 4 SYSTEMPATH\Common.php(1135): CodeIgniter\View\View->render('admin/nominee/nominee_view', [], true)
 5 APPPATH\Controllers\Admin\Nominee.php(75): view('admin/nominee/nominee_view', [...])
 6 SYSTEMPATH\CodeIgniter.php(896): App\Controllers\Admin\Nominee->getApproval('FCPATH\\images', 'prod-1.jpg')
 7 SYSTEMPATH\CodeIgniter.php(466): CodeIgniter\CodeIgniter->runController(Object(App\Controllers\Admin\Nominee))
 8 SYSTEMPATH\CodeIgniter.php(349): CodeIgniter\CodeIgniter->handleRequest(null, Object(Config\Cache), false)
 9 FCPATH\index.php(55): CodeIgniter\CodeIgniter->run()
CRITICAL - 2022-09-23 01:11:02 --> Trying to access array offset on value of type null
in APPPATH\Views\admin\nominee\nominee_view.php on line 37.
 1 APPPATH\Views\admin\nominee\nominee_view.php(37): CodeIgniter\Debug\Exceptions->errorHandler(8, 'Trying to access array offset on value of type null', 'APPPATH\\Views\\admin\\nominee\\nominee_view.php', 37, [...])
 2 SYSTEMPATH\View\View.php(213): include('APPPATH\\Views\\admin\\nominee\\nominee_view.php')
 3 SYSTEMPATH\View\View.php(216): CodeIgniter\View\View->CodeIgniter\View\{closure}()
 4 SYSTEMPATH\Common.php(1135): CodeIgniter\View\View->render('admin/nominee/nominee_view', [], true)
 5 APPPATH\Controllers\Admin\Nominee.php(75): view('admin/nominee/nominee_view', [...])
 6 SYSTEMPATH\CodeIgniter.php(896): App\Controllers\Admin\Nominee->getApproval('FCPATH\\images', 'prod-2.jpg')
 7 SYSTEMPATH\CodeIgniter.php(466): CodeIgniter\CodeIgniter->runController(Object(App\Controllers\Admin\Nominee))
 8 SYSTEMPATH\CodeIgniter.php(349): CodeIgniter\CodeIgniter->handleRequest(null, Object(Config\Cache), false)
 9 FCPATH\index.php(55): CodeIgniter\CodeIgniter->run()
CRITICAL - 2022-09-23 01:11:02 --> Trying to access array offset on value of type null
in APPPATH\Views\admin\nominee\nominee_view.php on line 37.
 1 APPPATH\Views\admin\nominee\nominee_view.php(37): CodeIgniter\Debug\Exceptions->errorHandler(8, 'Trying to access array offset on value of type null', 'APPPATH\\Views\\admin\\nominee\\nominee_view.php', 37, [...])
 2 SYSTEMPATH\View\View.php(213): include('APPPATH\\Views\\admin\\nominee\\nominee_view.php')
 3 SYSTEMPATH\View\View.php(216): CodeIgniter\View\View->CodeIgniter\View\{closure}()
 4 SYSTEMPATH\Common.php(1135): CodeIgniter\View\View->render('admin/nominee/nominee_view', [], true)
 5 APPPATH\Controllers\Admin\Nominee.php(75): view('admin/nominee/nominee_view', [...])
 6 SYSTEMPATH\CodeIgniter.php(896): App\Controllers\Admin\Nominee->getApproval('FCPATH\\images', 'prod-4.jpg')
 7 SYSTEMPATH\CodeIgniter.php(466): CodeIgniter\CodeIgniter->runController(Object(App\Controllers\Admin\Nominee))
 8 SYSTEMPATH\CodeIgniter.php(349): CodeIgniter\CodeIgniter->handleRequest(null, Object(Config\Cache), false)
 9 FCPATH\index.php(55): CodeIgniter\CodeIgniter->run()
CRITICAL - 2022-09-23 01:11:02 --> Trying to access array offset on value of type null
in APPPATH\Views\admin\nominee\nominee_view.php on line 37.
 1 APPPATH\Views\admin\nominee\nominee_view.php(37): CodeIgniter\Debug\Exceptions->errorHandler(8, 'Trying to access array offset on value of type null', 'APPPATH\\Views\\admin\\nominee\\nominee_view.php', 37, [...])
 2 SYSTEMPATH\View\View.php(213): include('APPPATH\\Views\\admin\\nominee\\nominee_view.php')
 3 SYSTEMPATH\View\View.php(216): CodeIgniter\View\View->CodeIgniter\View\{closure}()
 4 SYSTEMPATH\Common.php(1135): CodeIgniter\View\View->render('admin/nominee/nominee_view', [], true)
 5 APPPATH\Controllers\Admin\Nominee.php(75): view('admin/nominee/nominee_view', [...])
 6 SYSTEMPATH\CodeIgniter.php(896): App\Controllers\Admin\Nominee->getApproval('FCPATH\\images', 'prod-3.jpg')
 7 SYSTEMPATH\CodeIgniter.php(466): CodeIgniter\CodeIgniter->runController(Object(App\Controllers\Admin\Nominee))
 8 SYSTEMPATH\CodeIgniter.php(349): CodeIgniter\CodeIgniter->handleRequest(null, Object(Config\Cache), false)
 9 FCPATH\index.php(55): CodeIgniter\CodeIgniter->run()
CRITICAL - 2022-09-23 01:11:02 --> Trying to access array offset on value of type null
in APPPATH\Views\admin\nominee\nominee_view.php on line 37.
 1 APPPATH\Views\admin\nominee\nominee_view.php(37): CodeIgniter\Debug\Exceptions->errorHandler(8, 'Trying to access array offset on value of type null', 'APPPATH\\Views\\admin\\nominee\\nominee_view.php', 37, [...])
 2 SYSTEMPATH\View\View.php(213): include('APPPATH\\Views\\admin\\nominee\\nominee_view.php')
 3 SYSTEMPATH\View\View.php(216): CodeIgniter\View\View->CodeIgniter\View\{closure}()
 4 SYSTEMPATH\Common.php(1135): CodeIgniter\View\View->render('admin/nominee/nominee_view', [], true)
 5 APPPATH\Controllers\Admin\Nominee.php(75): view('admin/nominee/nominee_view', [...])
 6 SYSTEMPATH\CodeIgniter.php(896): App\Controllers\Admin\Nominee->getApproval('FCPATH\\images', 'prod-5.jpg')
 7 SYSTEMPATH\CodeIgniter.php(466): CodeIgniter\CodeIgniter->runController(Object(App\Controllers\Admin\Nominee))
 8 SYSTEMPATH\CodeIgniter.php(349): CodeIgniter\CodeIgniter->handleRequest(null, Object(Config\Cache), false)
 9 FCPATH\index.php(55): CodeIgniter\CodeIgniter->run()
CRITICAL - 2022-09-23 01:11:30 --> Trying to access array offset on value of type null
in APPPATH\Views\admin\nominee\nominee_view.php on line 37.
 1 APPPATH\Views\admin\nominee\nominee_view.php(37): CodeIgniter\Debug\Exceptions->errorHandler(8, 'Trying to access array offset on value of type null', 'APPPATH\\Views\\admin\\nominee\\nominee_view.php', 37, [...])
 2 SYSTEMPATH\View\View.php(213): include('APPPATH\\Views\\admin\\nominee\\nominee_view.php')
 3 SYSTEMPATH\View\View.php(216): CodeIgniter\View\View->CodeIgniter\View\{closure}()
 4 SYSTEMPATH\Common.php(1135): CodeIgniter\View\View->render('admin/nominee/nominee_view', [], true)
 5 APPPATH\Controllers\Admin\Nominee.php(75): view('admin/nominee/nominee_view', [...])
 6 SYSTEMPATH\CodeIgniter.php(896): App\Controllers\Admin\Nominee->getApproval('FCPATH\\images', 'prod-1.jpg')
 7 SYSTEMPATH\CodeIgniter.php(466): CodeIgniter\CodeIgniter->runController(Object(App\Controllers\Admin\Nominee))
 8 SYSTEMPATH\CodeIgniter.php(349): CodeIgniter\CodeIgniter->handleRequest(null, Object(Config\Cache), false)
 9 FCPATH\index.php(55): CodeIgniter\CodeIgniter->run()
CRITICAL - 2022-09-23 01:11:30 --> Trying to access array offset on value of type null
in APPPATH\Views\admin\nominee\nominee_view.php on line 37.
 1 APPPATH\Views\admin\nominee\nominee_view.php(37): CodeIgniter\Debug\Exceptions->errorHandler(8, 'Trying to access array offset on value of type null', 'APPPATH\\Views\\admin\\nominee\\nominee_view.php', 37, [...])
 2 SYSTEMPATH\View\View.php(213): include('APPPATH\\Views\\admin\\nominee\\nominee_view.php')
 3 SYSTEMPATH\View\View.php(216): CodeIgniter\View\View->CodeIgniter\View\{closure}()
 4 SYSTEMPATH\Common.php(1135): CodeIgniter\View\View->render('admin/nominee/nominee_view', [], true)
 5 APPPATH\Controllers\Admin\Nominee.php(75): view('admin/nominee/nominee_view', [...])
 6 SYSTEMPATH\CodeIgniter.php(896): App\Controllers\Admin\Nominee->getApproval('FCPATH\\images', 'prod-2.jpg')
 7 SYSTEMPATH\CodeIgniter.php(466): CodeIgniter\CodeIgniter->runController(Object(App\Controllers\Admin\Nominee))
 8 SYSTEMPATH\CodeIgniter.php(349): CodeIgniter\CodeIgniter->handleRequest(null, Object(Config\Cache), false)
 9 FCPATH\index.php(55): CodeIgniter\CodeIgniter->run()
CRITICAL - 2022-09-23 01:11:30 --> Trying to access array offset on value of type null
in APPPATH\Views\admin\nominee\nominee_view.php on line 37.
 1 APPPATH\Views\admin\nominee\nominee_view.php(37): CodeIgniter\Debug\Exceptions->errorHandler(8, 'Trying to access array offset on value of type null', 'APPPATH\\Views\\admin\\nominee\\nominee_view.php', 37, [...])
 2 SYSTEMPATH\View\View.php(213): include('APPPATH\\Views\\admin\\nominee\\nominee_view.php')
 3 SYSTEMPATH\View\View.php(216): CodeIgniter\View\View->CodeIgniter\View\{closure}()
 4 SYSTEMPATH\Common.php(1135): CodeIgniter\View\View->render('admin/nominee/nominee_view', [], true)
 5 APPPATH\Controllers\Admin\Nominee.php(75): view('admin/nominee/nominee_view', [...])
 6 SYSTEMPATH\CodeIgniter.php(896): App\Controllers\Admin\Nominee->getApproval('FCPATH\\images', 'prod-3.jpg')
 7 SYSTEMPATH\CodeIgniter.php(466): CodeIgniter\CodeIgniter->runController(Object(App\Controllers\Admin\Nominee))
 8 SYSTEMPATH\CodeIgniter.php(349): CodeIgniter\CodeIgniter->handleRequest(null, Object(Config\Cache), false)
 9 FCPATH\index.php(55): CodeIgniter\CodeIgniter->run()
CRITICAL - 2022-09-23 01:11:30 --> Trying to access array offset on value of type null
in APPPATH\Views\admin\nominee\nominee_view.php on line 37.
 1 APPPATH\Views\admin\nominee\nominee_view.php(37): CodeIgniter\Debug\Exceptions->errorHandler(8, 'Trying to access array offset on value of type null', 'APPPATH\\Views\\admin\\nominee\\nominee_view.php', 37, [...])
 2 SYSTEMPATH\View\View.php(213): include('APPPATH\\Views\\admin\\nominee\\nominee_view.php')
 3 SYSTEMPATH\View\View.php(216): CodeIgniter\View\View->CodeIgniter\View\{closure}()
 4 SYSTEMPATH\Common.php(1135): CodeIgniter\View\View->render('admin/nominee/nominee_view', [], true)
 5 APPPATH\Controllers\Admin\Nominee.php(75): view('admin/nominee/nominee_view', [...])
 6 SYSTEMPATH\CodeIgniter.php(896): App\Controllers\Admin\Nominee->getApproval('FCPATH\\images', 'prod-5.jpg')
 7 SYSTEMPATH\CodeIgniter.php(466): CodeIgniter\CodeIgniter->runController(Object(App\Controllers\Admin\Nominee))
 8 SYSTEMPATH\CodeIgniter.php(349): CodeIgniter\CodeIgniter->handleRequest(null, Object(Config\Cache), false)
 9 FCPATH\index.php(55): CodeIgniter\CodeIgniter->run()
CRITICAL - 2022-09-23 01:11:30 --> Trying to access array offset on value of type null
in APPPATH\Views\admin\nominee\nominee_view.php on line 37.
 1 APPPATH\Views\admin\nominee\nominee_view.php(37): CodeIgniter\Debug\Exceptions->errorHandler(8, 'Trying to access array offset on value of type null', 'APPPATH\\Views\\admin\\nominee\\nominee_view.php', 37, [...])
 2 SYSTEMPATH\View\View.php(213): include('APPPATH\\Views\\admin\\nominee\\nominee_view.php')
 3 SYSTEMPATH\View\View.php(216): CodeIgniter\View\View->CodeIgniter\View\{closure}()
 4 SYSTEMPATH\Common.php(1135): CodeIgniter\View\View->render('admin/nominee/nominee_view', [], true)
 5 APPPATH\Controllers\Admin\Nominee.php(75): view('admin/nominee/nominee_view', [...])
 6 SYSTEMPATH\CodeIgniter.php(896): App\Controllers\Admin\Nominee->getApproval('FCPATH\\images', 'prod-4.jpg')
 7 SYSTEMPATH\CodeIgniter.php(466): CodeIgniter\CodeIgniter->runController(Object(App\Controllers\Admin\Nominee))
 8 SYSTEMPATH\CodeIgniter.php(349): CodeIgniter\CodeIgniter->handleRequest(null, Object(Config\Cache), false)
 9 FCPATH\index.php(55): CodeIgniter\CodeIgniter->run()
CRITICAL - 2022-09-23 01:22:40 --> Trying to access array offset on value of type null
in APPPATH\Views\admin\nominee\nominee_view.php on line 37.
 1 APPPATH\Views\admin\nominee\nominee_view.php(37): CodeIgniter\Debug\Exceptions->errorHandler(8, 'Trying to access array offset on value of type null', 'APPPATH\\Views\\admin\\nominee\\nominee_view.php', 37, [...])
 2 SYSTEMPATH\View\View.php(213): include('APPPATH\\Views\\admin\\nominee\\nominee_view.php')
 3 SYSTEMPATH\View\View.php(216): CodeIgniter\View\View->CodeIgniter\View\{closure}()
 4 SYSTEMPATH\Common.php(1135): CodeIgniter\View\View->render('admin/nominee/nominee_view', [], true)
 5 APPPATH\Controllers\Admin\Nominee.php(75): view('admin/nominee/nominee_view', [...])
 6 SYSTEMPATH\CodeIgniter.php(896): App\Controllers\Admin\Nominee->getApproval('FCPATH\\images', 'prod-2.jpg')
 7 SYSTEMPATH\CodeIgniter.php(466): CodeIgniter\CodeIgniter->runController(Object(App\Controllers\Admin\Nominee))
 8 SYSTEMPATH\CodeIgniter.php(349): CodeIgniter\CodeIgniter->handleRequest(null, Object(Config\Cache), false)
 9 FCPATH\index.php(55): CodeIgniter\CodeIgniter->run()
CRITICAL - 2022-09-23 01:22:40 --> Trying to access array offset on value of type null
in APPPATH\Views\admin\nominee\nominee_view.php on line 37.
 1 APPPATH\Views\admin\nominee\nominee_view.php(37): CodeIgniter\Debug\Exceptions->errorHandler(8, 'Trying to access array offset on value of type null', 'APPPATH\\Views\\admin\\nominee\\nominee_view.php', 37, [...])
 2 SYSTEMPATH\View\View.php(213): include('APPPATH\\Views\\admin\\nominee\\nominee_view.php')
 3 SYSTEMPATH\View\View.php(216): CodeIgniter\View\View->CodeIgniter\View\{closure}()
 4 SYSTEMPATH\Common.php(1135): CodeIgniter\View\View->render('admin/nominee/nominee_view', [], true)
 5 APPPATH\Controllers\Admin\Nominee.php(75): view('admin/nominee/nominee_view', [...])
 6 SYSTEMPATH\CodeIgniter.php(896): App\Controllers\Admin\Nominee->getApproval('FCPATH\\images', 'prod-1.jpg')
 7 SYSTEMPATH\CodeIgniter.php(466): CodeIgniter\CodeIgniter->runController(Object(App\Controllers\Admin\Nominee))
 8 SYSTEMPATH\CodeIgniter.php(349): CodeIgniter\CodeIgniter->handleRequest(null, Object(Config\Cache), false)
 9 FCPATH\index.php(55): CodeIgniter\CodeIgniter->run()
CRITICAL - 2022-09-23 01:22:40 --> Trying to access array offset on value of type null
in APPPATH\Views\admin\nominee\nominee_view.php on line 37.
 1 APPPATH\Views\admin\nominee\nominee_view.php(37): CodeIgniter\Debug\Exceptions->errorHandler(8, 'Trying to access array offset on value of type null', 'APPPATH\\Views\\admin\\nominee\\nominee_view.php', 37, [...])
 2 SYSTEMPATH\View\View.php(213): include('APPPATH\\Views\\admin\\nominee\\nominee_view.php')
 3 SYSTEMPATH\View\View.php(216): CodeIgniter\View\View->CodeIgniter\View\{closure}()
 4 SYSTEMPATH\Common.php(1135): CodeIgniter\View\View->render('admin/nominee/nominee_view', [], true)
 5 APPPATH\Controllers\Admin\Nominee.php(75): view('admin/nominee/nominee_view', [...])
 6 SYSTEMPATH\CodeIgniter.php(896): App\Controllers\Admin\Nominee->getApproval('FCPATH\\images', 'prod-5.jpg')
 7 SYSTEMPATH\CodeIgniter.php(466): CodeIgniter\CodeIgniter->runController(Object(App\Controllers\Admin\Nominee))
 8 SYSTEMPATH\CodeIgniter.php(349): CodeIgniter\CodeIgniter->handleRequest(null, Object(Config\Cache), false)
 9 FCPATH\index.php(55): CodeIgniter\CodeIgniter->run()
CRITICAL - 2022-09-23 01:22:40 --> Trying to access array offset on value of type null
in APPPATH\Views\admin\nominee\nominee_view.php on line 37.
 1 APPPATH\Views\admin\nominee\nominee_view.php(37): CodeIgniter\Debug\Exceptions->errorHandler(8, 'Trying to access array offset on value of type null', 'APPPATH\\Views\\admin\\nominee\\nominee_view.php', 37, [...])
 2 SYSTEMPATH\View\View.php(213): include('APPPATH\\Views\\admin\\nominee\\nominee_view.php')
 3 SYSTEMPATH\View\View.php(216): CodeIgniter\View\View->CodeIgniter\View\{closure}()
 4 SYSTEMPATH\Common.php(1135): CodeIgniter\View\View->render('admin/nominee/nominee_view', [], true)
 5 APPPATH\Controllers\Admin\Nominee.php(75): view('admin/nominee/nominee_view', [...])
 6 SYSTEMPATH\CodeIgniter.php(896): App\Controllers\Admin\Nominee->getApproval('FCPATH\\images', 'prod-4.jpg')
 7 SYSTEMPATH\CodeIgniter.php(466): CodeIgniter\CodeIgniter->runController(Object(App\Controllers\Admin\Nominee))
 8 SYSTEMPATH\CodeIgniter.php(349): CodeIgniter\CodeIgniter->handleRequest(null, Object(Config\Cache), false)
 9 FCPATH\index.php(55): CodeIgniter\CodeIgniter->run()
CRITICAL - 2022-09-23 01:22:40 --> Trying to access array offset on value of type null
in APPPATH\Views\admin\nominee\nominee_view.php on line 37.
 1 APPPATH\Views\admin\nominee\nominee_view.php(37): CodeIgniter\Debug\Exceptions->errorHandler(8, 'Trying to access array offset on value of type null', 'APPPATH\\Views\\admin\\nominee\\nominee_view.php', 37, [...])
 2 SYSTEMPATH\View\View.php(213): include('APPPATH\\Views\\admin\\nominee\\nominee_view.php')
 3 SYSTEMPATH\View\View.php(216): CodeIgniter\View\View->CodeIgniter\View\{closure}()
 4 SYSTEMPATH\Common.php(1135): CodeIgniter\View\View->render('admin/nominee/nominee_view', [], true)
 5 APPPATH\Controllers\Admin\Nominee.php(75): view('admin/nominee/nominee_view', [...])
 6 SYSTEMPATH\CodeIgniter.php(896): App\Controllers\Admin\Nominee->getApproval('FCPATH\\images', 'prod-3.jpg')
 7 SYSTEMPATH\CodeIgniter.php(466): CodeIgniter\CodeIgniter->runController(Object(App\Controllers\Admin\Nominee))
 8 SYSTEMPATH\CodeIgniter.php(349): CodeIgniter\CodeIgniter->handleRequest(null, Object(Config\Cache), false)
 9 FCPATH\index.php(55): CodeIgniter\CodeIgniter->run()
CRITICAL - 2022-09-23 01:24:35 --> Trying to access array offset on value of type null
in APPPATH\Views\admin\nominee\nominee_view.php on line 37.
 1 APPPATH\Views\admin\nominee\nominee_view.php(37): CodeIgniter\Debug\Exceptions->errorHandler(8, 'Trying to access array offset on value of type null', 'APPPATH\\Views\\admin\\nominee\\nominee_view.php', 37, [...])
 2 SYSTEMPATH\View\View.php(213): include('APPPATH\\Views\\admin\\nominee\\nominee_view.php')
 3 SYSTEMPATH\View\View.php(216): CodeIgniter\View\View->CodeIgniter\View\{closure}()
 4 SYSTEMPATH\Common.php(1135): CodeIgniter\View\View->render('admin/nominee/nominee_view', [], true)
 5 APPPATH\Controllers\Admin\Nominee.php(75): view('admin/nominee/nominee_view', [...])
 6 SYSTEMPATH\CodeIgniter.php(896): App\Controllers\Admin\Nominee->getApproval('FCPATH\\images', 'prod-1.jpg')
 7 SYSTEMPATH\CodeIgniter.php(466): CodeIgniter\CodeIgniter->runController(Object(App\Controllers\Admin\Nominee))
 8 SYSTEMPATH\CodeIgniter.php(349): CodeIgniter\CodeIgniter->handleRequest(null, Object(Config\Cache), false)
 9 FCPATH\index.php(55): CodeIgniter\CodeIgniter->run()
CRITICAL - 2022-09-23 01:24:36 --> Trying to access array offset on value of type null
in APPPATH\Views\admin\nominee\nominee_view.php on line 37.
 1 APPPATH\Views\admin\nominee\nominee_view.php(37): CodeIgniter\Debug\Exceptions->errorHandler(8, 'Trying to access array offset on value of type null', 'APPPATH\\Views\\admin\\nominee\\nominee_view.php', 37, [...])
 2 SYSTEMPATH\View\View.php(213): include('APPPATH\\Views\\admin\\nominee\\nominee_view.php')
 3 SYSTEMPATH\View\View.php(216): CodeIgniter\View\View->CodeIgniter\View\{closure}()
 4 SYSTEMPATH\Common.php(1135): CodeIgniter\View\View->render('admin/nominee/nominee_view', [], true)
 5 APPPATH\Controllers\Admin\Nominee.php(75): view('admin/nominee/nominee_view', [...])
 6 SYSTEMPATH\CodeIgniter.php(896): App\Controllers\Admin\Nominee->getApproval('FCPATH\\images', 'prod-2.jpg')
 7 SYSTEMPATH\CodeIgniter.php(466): CodeIgniter\CodeIgniter->runController(Object(App\Controllers\Admin\Nominee))
 8 SYSTEMPATH\CodeIgniter.php(349): CodeIgniter\CodeIgniter->handleRequest(null, Object(Config\Cache), false)
 9 FCPATH\index.php(55): CodeIgniter\CodeIgniter->run()
CRITICAL - 2022-09-23 01:24:36 --> Trying to access array offset on value of type null
in APPPATH\Views\admin\nominee\nominee_view.php on line 37.
 1 APPPATH\Views\admin\nominee\nominee_view.php(37): CodeIgniter\Debug\Exceptions->errorHandler(8, 'Trying to access array offset on value of type null', 'APPPATH\\Views\\admin\\nominee\\nominee_view.php', 37, [...])
 2 SYSTEMPATH\View\View.php(213): include('APPPATH\\Views\\admin\\nominee\\nominee_view.php')
 3 SYSTEMPATH\View\View.php(216): CodeIgniter\View\View->CodeIgniter\View\{closure}()
 4 SYSTEMPATH\Common.php(1135): CodeIgniter\View\View->render('admin/nominee/nominee_view', [], true)
 5 APPPATH\Controllers\Admin\Nominee.php(75): view('admin/nominee/nominee_view', [...])
 6 SYSTEMPATH\CodeIgniter.php(896): App\Controllers\Admin\Nominee->getApproval('FCPATH\\images', 'prod-3.jpg')
 7 SYSTEMPATH\CodeIgniter.php(466): CodeIgniter\CodeIgniter->runController(Object(App\Controllers\Admin\Nominee))
 8 SYSTEMPATH\CodeIgniter.php(349): CodeIgniter\CodeIgniter->handleRequest(null, Object(Config\Cache), false)
 9 FCPATH\index.php(55): CodeIgniter\CodeIgniter->run()
CRITICAL - 2022-09-23 01:24:36 --> Trying to access array offset on value of type null
in APPPATH\Views\admin\nominee\nominee_view.php on line 37.
 1 APPPATH\Views\admin\nominee\nominee_view.php(37): CodeIgniter\Debug\Exceptions->errorHandler(8, 'Trying to access array offset on value of type null', 'APPPATH\\Views\\admin\\nominee\\nominee_view.php', 37, [...])
 2 SYSTEMPATH\View\View.php(213): include('APPPATH\\Views\\admin\\nominee\\nominee_view.php')
 3 SYSTEMPATH\View\View.php(216): CodeIgniter\View\View->CodeIgniter\View\{closure}()
 4 SYSTEMPATH\Common.php(1135): CodeIgniter\View\View->render('admin/nominee/nominee_view', [], true)
 5 APPPATH\Controllers\Admin\Nominee.php(75): view('admin/nominee/nominee_view', [...])
 6 SYSTEMPATH\CodeIgniter.php(896): App\Controllers\Admin\Nominee->getApproval('FCPATH\\images', 'prod-5.jpg')
 7 SYSTEMPATH\CodeIgniter.php(466): CodeIgniter\CodeIgniter->runController(Object(App\Controllers\Admin\Nominee))
 8 SYSTEMPATH\CodeIgniter.php(349): CodeIgniter\CodeIgniter->handleRequest(null, Object(Config\Cache), false)
 9 FCPATH\index.php(55): CodeIgniter\CodeIgniter->run()
CRITICAL - 2022-09-23 01:24:36 --> Trying to access array offset on value of type null
in APPPATH\Views\admin\nominee\nominee_view.php on line 37.
 1 APPPATH\Views\admin\nominee\nominee_view.php(37): CodeIgniter\Debug\Exceptions->errorHandler(8, 'Trying to access array offset on value of type null', 'APPPATH\\Views\\admin\\nominee\\nominee_view.php', 37, [...])
 2 SYSTEMPATH\View\View.php(213): include('APPPATH\\Views\\admin\\nominee\\nominee_view.php')
 3 SYSTEMPATH\View\View.php(216): CodeIgniter\View\View->CodeIgniter\View\{closure}()
 4 SYSTEMPATH\Common.php(1135): CodeIgniter\View\View->render('admin/nominee/nominee_view', [], true)
 5 APPPATH\Controllers\Admin\Nominee.php(75): view('admin/nominee/nominee_view', [...])
 6 SYSTEMPATH\CodeIgniter.php(896): App\Controllers\Admin\Nominee->getApproval('FCPATH\\images', 'prod-4.jpg')
 7 SYSTEMPATH\CodeIgniter.php(466): CodeIgniter\CodeIgniter->runController(Object(App\Controllers\Admin\Nominee))
 8 SYSTEMPATH\CodeIgniter.php(349): CodeIgniter\CodeIgniter->handleRequest(null, Object(Config\Cache), false)
 9 FCPATH\index.php(55): CodeIgniter\CodeIgniter->run()
CRITICAL - 2022-09-23 01:25:39 --> Trying to access array offset on value of type null
in APPPATH\Views\admin\nominee\nominee_view.php on line 37.
 1 APPPATH\Views\admin\nominee\nominee_view.php(37): CodeIgniter\Debug\Exceptions->errorHandler(8, 'Trying to access array offset on value of type null', 'APPPATH\\Views\\admin\\nominee\\nominee_view.php', 37, [...])
 2 SYSTEMPATH\View\View.php(213): include('APPPATH\\Views\\admin\\nominee\\nominee_view.php')
 3 SYSTEMPATH\View\View.php(216): CodeIgniter\View\View->CodeIgniter\View\{closure}()
 4 SYSTEMPATH\Common.php(1135): CodeIgniter\View\View->render('admin/nominee/nominee_view', [], true)
 5 APPPATH\Controllers\Admin\Nominee.php(75): view('admin/nominee/nominee_view', [...])
 6 SYSTEMPATH\CodeIgniter.php(896): App\Controllers\Admin\Nominee->getApproval('FCPATH\\images', 'prod-1.jpg')
 7 SYSTEMPATH\CodeIgniter.php(466): CodeIgniter\CodeIgniter->runController(Object(App\Controllers\Admin\Nominee))
 8 SYSTEMPATH\CodeIgniter.php(349): CodeIgniter\CodeIgniter->handleRequest(null, Object(Config\Cache), false)
 9 FCPATH\index.php(55): CodeIgniter\CodeIgniter->run()
CRITICAL - 2022-09-23 01:25:39 --> Trying to access array offset on value of type null
in APPPATH\Views\admin\nominee\nominee_view.php on line 37.
 1 APPPATH\Views\admin\nominee\nominee_view.php(37): CodeIgniter\Debug\Exceptions->errorHandler(8, 'Trying to access array offset on value of type null', 'APPPATH\\Views\\admin\\nominee\\nominee_view.php', 37, [...])
 2 SYSTEMPATH\View\View.php(213): include('APPPATH\\Views\\admin\\nominee\\nominee_view.php')
 3 SYSTEMPATH\View\View.php(216): CodeIgniter\View\View->CodeIgniter\View\{closure}()
 4 SYSTEMPATH\Common.php(1135): CodeIgniter\View\View->render('admin/nominee/nominee_view', [], true)
 5 APPPATH\Controllers\Admin\Nominee.php(75): view('admin/nominee/nominee_view', [...])
 6 SYSTEMPATH\CodeIgniter.php(896): App\Controllers\Admin\Nominee->getApproval('FCPATH\\images', 'prod-2.jpg')
 7 SYSTEMPATH\CodeIgniter.php(466): CodeIgniter\CodeIgniter->runController(Object(App\Controllers\Admin\Nominee))
 8 SYSTEMPATH\CodeIgniter.php(349): CodeIgniter\CodeIgniter->handleRequest(null, Object(Config\Cache), false)
 9 FCPATH\index.php(55): CodeIgniter\CodeIgniter->run()
CRITICAL - 2022-09-23 01:25:39 --> Trying to access array offset on value of type null
in APPPATH\Views\admin\nominee\nominee_view.php on line 37.
 1 APPPATH\Views\admin\nominee\nominee_view.php(37): CodeIgniter\Debug\Exceptions->errorHandler(8, 'Trying to access array offset on value of type null', 'APPPATH\\Views\\admin\\nominee\\nominee_view.php', 37, [...])
 2 SYSTEMPATH\View\View.php(213): include('APPPATH\\Views\\admin\\nominee\\nominee_view.php')
 3 SYSTEMPATH\View\View.php(216): CodeIgniter\View\View->CodeIgniter\View\{closure}()
 4 SYSTEMPATH\Common.php(1135): CodeIgniter\View\View->render('admin/nominee/nominee_view', [], true)
 5 APPPATH\Controllers\Admin\Nominee.php(75): view('admin/nominee/nominee_view', [...])
 6 SYSTEMPATH\CodeIgniter.php(896): App\Controllers\Admin\Nominee->getApproval('FCPATH\\images', 'prod-3.jpg')
 7 SYSTEMPATH\CodeIgniter.php(466): CodeIgniter\CodeIgniter->runController(Object(App\Controllers\Admin\Nominee))
 8 SYSTEMPATH\CodeIgniter.php(349): CodeIgniter\CodeIgniter->handleRequest(null, Object(Config\Cache), false)
 9 FCPATH\index.php(55): CodeIgniter\CodeIgniter->run()
CRITICAL - 2022-09-23 01:25:39 --> Trying to access array offset on value of type null
in APPPATH\Views\admin\nominee\nominee_view.php on line 37.
 1 APPPATH\Views\admin\nominee\nominee_view.php(37): CodeIgniter\Debug\Exceptions->errorHandler(8, 'Trying to access array offset on value of type null', 'APPPATH\\Views\\admin\\nominee\\nominee_view.php', 37, [...])
 2 SYSTEMPATH\View\View.php(213): include('APPPATH\\Views\\admin\\nominee\\nominee_view.php')
 3 SYSTEMPATH\View\View.php(216): CodeIgniter\View\View->CodeIgniter\View\{closure}()
 4 SYSTEMPATH\Common.php(1135): CodeIgniter\View\View->render('admin/nominee/nominee_view', [], true)
 5 APPPATH\Controllers\Admin\Nominee.php(75): view('admin/nominee/nominee_view', [...])
 6 SYSTEMPATH\CodeIgniter.php(896): App\Controllers\Admin\Nominee->getApproval('FCPATH\\images', 'prod-5.jpg')
 7 SYSTEMPATH\CodeIgniter.php(466): CodeIgniter\CodeIgniter->runController(Object(App\Controllers\Admin\Nominee))
 8 SYSTEMPATH\CodeIgniter.php(349): CodeIgniter\CodeIgniter->handleRequest(null, Object(Config\Cache), false)
 9 FCPATH\index.php(55): CodeIgniter\CodeIgniter->run()
CRITICAL - 2022-09-23 01:25:39 --> Trying to access array offset on value of type null
in APPPATH\Views\admin\nominee\nominee_view.php on line 37.
 1 APPPATH\Views\admin\nominee\nominee_view.php(37): CodeIgniter\Debug\Exceptions->errorHandler(8, 'Trying to access array offset on value of type null', 'APPPATH\\Views\\admin\\nominee\\nominee_view.php', 37, [...])
 2 SYSTEMPATH\View\View.php(213): include('APPPATH\\Views\\admin\\nominee\\nominee_view.php')
 3 SYSTEMPATH\View\View.php(216): CodeIgniter\View\View->CodeIgniter\View\{closure}()
 4 SYSTEMPATH\Common.php(1135): CodeIgniter\View\View->render('admin/nominee/nominee_view', [], true)
 5 APPPATH\Controllers\Admin\Nominee.php(75): view('admin/nominee/nominee_view', [...])
 6 SYSTEMPATH\CodeIgniter.php(896): App\Controllers\Admin\Nominee->getApproval('FCPATH\\images', 'prod-4.jpg')
 7 SYSTEMPATH\CodeIgniter.php(466): CodeIgniter\CodeIgniter->runController(Object(App\Controllers\Admin\Nominee))
 8 SYSTEMPATH\CodeIgniter.php(349): CodeIgniter\CodeIgniter->handleRequest(null, Object(Config\Cache), false)
 9 FCPATH\index.php(55): CodeIgniter\CodeIgniter->run()
CRITICAL - 2022-09-23 01:26:02 --> Trying to access array offset on value of type null
in APPPATH\Views\admin\nominee\nominee_view.php on line 37.
 1 APPPATH\Views\admin\nominee\nominee_view.php(37): CodeIgniter\Debug\Exceptions->errorHandler(8, 'Trying to access array offset on value of type null', 'APPPATH\\Views\\admin\\nominee\\nominee_view.php', 37, [...])
 2 SYSTEMPATH\View\View.php(213): include('APPPATH\\Views\\admin\\nominee\\nominee_view.php')
 3 SYSTEMPATH\View\View.php(216): CodeIgniter\View\View->CodeIgniter\View\{closure}()
 4 SYSTEMPATH\Common.php(1135): CodeIgniter\View\View->render('admin/nominee/nominee_view', [], true)
 5 APPPATH\Controllers\Admin\Nominee.php(75): view('admin/nominee/nominee_view', [...])
 6 SYSTEMPATH\CodeIgniter.php(896): App\Controllers\Admin\Nominee->getApproval('FCPATH\\images', 'prod-2.jpg')
 7 SYSTEMPATH\CodeIgniter.php(466): CodeIgniter\CodeIgniter->runController(Object(App\Controllers\Admin\Nominee))
 8 SYSTEMPATH\CodeIgniter.php(349): CodeIgniter\CodeIgniter->handleRequest(null, Object(Config\Cache), false)
 9 FCPATH\index.php(55): CodeIgniter\CodeIgniter->run()
CRITICAL - 2022-09-23 01:26:02 --> Trying to access array offset on value of type null
in APPPATH\Views\admin\nominee\nominee_view.php on line 37.
 1 APPPATH\Views\admin\nominee\nominee_view.php(37): CodeIgniter\Debug\Exceptions->errorHandler(8, 'Trying to access array offset on value of type null', 'APPPATH\\Views\\admin\\nominee\\nominee_view.php', 37, [...])
 2 SYSTEMPATH\View\View.php(213): include('APPPATH\\Views\\admin\\nominee\\nominee_view.php')
 3 SYSTEMPATH\View\View.php(216): CodeIgniter\View\View->CodeIgniter\View\{closure}()
 4 SYSTEMPATH\Common.php(1135): CodeIgniter\View\View->render('admin/nominee/nominee_view', [], true)
 5 APPPATH\Controllers\Admin\Nominee.php(75): view('admin/nominee/nominee_view', [...])
 6 SYSTEMPATH\CodeIgniter.php(896): App\Controllers\Admin\Nominee->getApproval('FCPATH\\images', 'prod-1.jpg')
 7 SYSTEMPATH\CodeIgniter.php(466): CodeIgniter\CodeIgniter->runController(Object(App\Controllers\Admin\Nominee))
 8 SYSTEMPATH\CodeIgniter.php(349): CodeIgniter\CodeIgniter->handleRequest(null, Object(Config\Cache), false)
 9 FCPATH\index.php(55): CodeIgniter\CodeIgniter->run()
CRITICAL - 2022-09-23 01:26:02 --> Trying to access array offset on value of type null
in APPPATH\Views\admin\nominee\nominee_view.php on line 37.
 1 APPPATH\Views\admin\nominee\nominee_view.php(37): CodeIgniter\Debug\Exceptions->errorHandler(8, 'Trying to access array offset on value of type null', 'APPPATH\\Views\\admin\\nominee\\nominee_view.php', 37, [...])
 2 SYSTEMPATH\View\View.php(213): include('APPPATH\\Views\\admin\\nominee\\nominee_view.php')
 3 SYSTEMPATH\View\View.php(216): CodeIgniter\View\View->CodeIgniter\View\{closure}()
 4 SYSTEMPATH\Common.php(1135): CodeIgniter\View\View->render('admin/nominee/nominee_view', [], true)
 5 APPPATH\Controllers\Admin\Nominee.php(75): view('admin/nominee/nominee_view', [...])
 6 SYSTEMPATH\CodeIgniter.php(896): App\Controllers\Admin\Nominee->getApproval('FCPATH\\images', 'prod-3.jpg')
 7 SYSTEMPATH\CodeIgniter.php(466): CodeIgniter\CodeIgniter->runController(Object(App\Controllers\Admin\Nominee))
 8 SYSTEMPATH\CodeIgniter.php(349): CodeIgniter\CodeIgniter->handleRequest(null, Object(Config\Cache), false)
 9 FCPATH\index.php(55): CodeIgniter\CodeIgniter->run()
CRITICAL - 2022-09-23 01:26:02 --> Trying to access array offset on value of type null
in APPPATH\Views\admin\nominee\nominee_view.php on line 37.
 1 APPPATH\Views\admin\nominee\nominee_view.php(37): CodeIgniter\Debug\Exceptions->errorHandler(8, 'Trying to access array offset on value of type null', 'APPPATH\\Views\\admin\\nominee\\nominee_view.php', 37, [...])
 2 SYSTEMPATH\View\View.php(213): include('APPPATH\\Views\\admin\\nominee\\nominee_view.php')
 3 SYSTEMPATH\View\View.php(216): CodeIgniter\View\View->CodeIgniter\View\{closure}()
 4 SYSTEMPATH\Common.php(1135): CodeIgniter\View\View->render('admin/nominee/nominee_view', [], true)
 5 APPPATH\Controllers\Admin\Nominee.php(75): view('admin/nominee/nominee_view', [...])
 6 SYSTEMPATH\CodeIgniter.php(896): App\Controllers\Admin\Nominee->getApproval('FCPATH\\images', 'prod-4.jpg')
 7 SYSTEMPATH\CodeIgniter.php(466): CodeIgniter\CodeIgniter->runController(Object(App\Controllers\Admin\Nominee))
 8 SYSTEMPATH\CodeIgniter.php(349): CodeIgniter\CodeIgniter->handleRequest(null, Object(Config\Cache), false)
 9 FCPATH\index.php(55): CodeIgniter\CodeIgniter->run()
CRITICAL - 2022-09-23 01:26:02 --> Trying to access array offset on value of type null
in APPPATH\Views\admin\nominee\nominee_view.php on line 37.
 1 APPPATH\Views\admin\nominee\nominee_view.php(37): CodeIgniter\Debug\Exceptions->errorHandler(8, 'Trying to access array offset on value of type null', 'APPPATH\\Views\\admin\\nominee\\nominee_view.php', 37, [...])
 2 SYSTEMPATH\View\View.php(213): include('APPPATH\\Views\\admin\\nominee\\nominee_view.php')
 3 SYSTEMPATH\View\View.php(216): CodeIgniter\View\View->CodeIgniter\View\{closure}()
 4 SYSTEMPATH\Common.php(1135): CodeIgniter\View\View->render('admin/nominee/nominee_view', [], true)
 5 APPPATH\Controllers\Admin\Nominee.php(75): view('admin/nominee/nominee_view', [...])
 6 SYSTEMPATH\CodeIgniter.php(896): App\Controllers\Admin\Nominee->getApproval('FCPATH\\images', 'prod-5.jpg')
 7 SYSTEMPATH\CodeIgniter.php(466): CodeIgniter\CodeIgniter->runController(Object(App\Controllers\Admin\Nominee))
 8 SYSTEMPATH\CodeIgniter.php(349): CodeIgniter\CodeIgniter->handleRequest(null, Object(Config\Cache), false)
 9 FCPATH\index.php(55): CodeIgniter\CodeIgniter->run()
CRITICAL - 2022-09-23 01:26:47 --> Trying to access array offset on value of type null
in APPPATH\Views\admin\nominee\nominee_view.php on line 37.
 1 APPPATH\Views\admin\nominee\nominee_view.php(37): CodeIgniter\Debug\Exceptions->errorHandler(8, 'Trying to access array offset on value of type null', 'APPPATH\\Views\\admin\\nominee\\nominee_view.php', 37, [...])
 2 SYSTEMPATH\View\View.php(213): include('APPPATH\\Views\\admin\\nominee\\nominee_view.php')
 3 SYSTEMPATH\View\View.php(216): CodeIgniter\View\View->CodeIgniter\View\{closure}()
 4 SYSTEMPATH\Common.php(1135): CodeIgniter\View\View->render('admin/nominee/nominee_view', [], true)
 5 APPPATH\Controllers\Admin\Nominee.php(75): view('admin/nominee/nominee_view', [...])
 6 SYSTEMPATH\CodeIgniter.php(896): App\Controllers\Admin\Nominee->getApproval('FCPATH\\images', 'prod-1.jpg')
 7 SYSTEMPATH\CodeIgniter.php(466): CodeIgniter\CodeIgniter->runController(Object(App\Controllers\Admin\Nominee))
 8 SYSTEMPATH\CodeIgniter.php(349): CodeIgniter\CodeIgniter->handleRequest(null, Object(Config\Cache), false)
 9 FCPATH\index.php(55): CodeIgniter\CodeIgniter->run()
CRITICAL - 2022-09-23 01:26:47 --> Trying to access array offset on value of type null
in APPPATH\Views\admin\nominee\nominee_view.php on line 37.
 1 APPPATH\Views\admin\nominee\nominee_view.php(37): CodeIgniter\Debug\Exceptions->errorHandler(8, 'Trying to access array offset on value of type null', 'APPPATH\\Views\\admin\\nominee\\nominee_view.php', 37, [...])
 2 SYSTEMPATH\View\View.php(213): include('APPPATH\\Views\\admin\\nominee\\nominee_view.php')
 3 SYSTEMPATH\View\View.php(216): CodeIgniter\View\View->CodeIgniter\View\{closure}()
 4 SYSTEMPATH\Common.php(1135): CodeIgniter\View\View->render('admin/nominee/nominee_view', [], true)
 5 APPPATH\Controllers\Admin\Nominee.php(75): view('admin/nominee/nominee_view', [...])
 6 SYSTEMPATH\CodeIgniter.php(896): App\Controllers\Admin\Nominee->getApproval('FCPATH\\images', 'prod-2.jpg')
 7 SYSTEMPATH\CodeIgniter.php(466): CodeIgniter\CodeIgniter->runController(Object(App\Controllers\Admin\Nominee))
 8 SYSTEMPATH\CodeIgniter.php(349): CodeIgniter\CodeIgniter->handleRequest(null, Object(Config\Cache), false)
 9 FCPATH\index.php(55): CodeIgniter\CodeIgniter->run()
CRITICAL - 2022-09-23 01:26:47 --> Trying to access array offset on value of type null
in APPPATH\Views\admin\nominee\nominee_view.php on line 37.
 1 APPPATH\Views\admin\nominee\nominee_view.php(37): CodeIgniter\Debug\Exceptions->errorHandler(8, 'Trying to access array offset on value of type null', 'APPPATH\\Views\\admin\\nominee\\nominee_view.php', 37, [...])
 2 SYSTEMPATH\View\View.php(213): include('APPPATH\\Views\\admin\\nominee\\nominee_view.php')
 3 SYSTEMPATH\View\View.php(216): CodeIgniter\View\View->CodeIgniter\View\{closure}()
 4 SYSTEMPATH\Common.php(1135): CodeIgniter\View\View->render('admin/nominee/nominee_view', [], true)
 5 APPPATH\Controllers\Admin\Nominee.php(75): view('admin/nominee/nominee_view', [...])
 6 SYSTEMPATH\CodeIgniter.php(896): App\Controllers\Admin\Nominee->getApproval('FCPATH\\images', 'prod-5.jpg')
 7 SYSTEMPATH\CodeIgniter.php(466): CodeIgniter\CodeIgniter->runController(Object(App\Controllers\Admin\Nominee))
 8 SYSTEMPATH\CodeIgniter.php(349): CodeIgniter\CodeIgniter->handleRequest(null, Object(Config\Cache), false)
 9 FCPATH\index.php(55): CodeIgniter\CodeIgniter->run()
CRITICAL - 2022-09-23 01:26:47 --> Trying to access array offset on value of type null
in APPPATH\Views\admin\nominee\nominee_view.php on line 37.
 1 APPPATH\Views\admin\nominee\nominee_view.php(37): CodeIgniter\Debug\Exceptions->errorHandler(8, 'Trying to access array offset on value of type null', 'APPPATH\\Views\\admin\\nominee\\nominee_view.php', 37, [...])
 2 SYSTEMPATH\View\View.php(213): include('APPPATH\\Views\\admin\\nominee\\nominee_view.php')
 3 SYSTEMPATH\View\View.php(216): CodeIgniter\View\View->CodeIgniter\View\{closure}()
 4 SYSTEMPATH\Common.php(1135): CodeIgniter\View\View->render('admin/nominee/nominee_view', [], true)
 5 APPPATH\Controllers\Admin\Nominee.php(75): view('admin/nominee/nominee_view', [...])
 6 SYSTEMPATH\CodeIgniter.php(896): App\Controllers\Admin\Nominee->getApproval('FCPATH\\images', 'prod-3.jpg')
 7 SYSTEMPATH\CodeIgniter.php(466): CodeIgniter\CodeIgniter->runController(Object(App\Controllers\Admin\Nominee))
 8 SYSTEMPATH\CodeIgniter.php(349): CodeIgniter\CodeIgniter->handleRequest(null, Object(Config\Cache), false)
 9 FCPATH\index.php(55): CodeIgniter\CodeIgniter->run()
CRITICAL - 2022-09-23 01:26:47 --> Trying to access array offset on value of type null
in APPPATH\Views\admin\nominee\nominee_view.php on line 37.
 1 APPPATH\Views\admin\nominee\nominee_view.php(37): CodeIgniter\Debug\Exceptions->errorHandler(8, 'Trying to access array offset on value of type null', 'APPPATH\\Views\\admin\\nominee\\nominee_view.php', 37, [...])
 2 SYSTEMPATH\View\View.php(213): include('APPPATH\\Views\\admin\\nominee\\nominee_view.php')
 3 SYSTEMPATH\View\View.php(216): CodeIgniter\View\View->CodeIgniter\View\{closure}()
 4 SYSTEMPATH\Common.php(1135): CodeIgniter\View\View->render('admin/nominee/nominee_view', [], true)
 5 APPPATH\Controllers\Admin\Nominee.php(75): view('admin/nominee/nominee_view', [...])
 6 SYSTEMPATH\CodeIgniter.php(896): App\Controllers\Admin\Nominee->getApproval('FCPATH\\images', 'prod-4.jpg')
 7 SYSTEMPATH\CodeIgniter.php(466): CodeIgniter\CodeIgniter->runController(Object(App\Controllers\Admin\Nominee))
 8 SYSTEMPATH\CodeIgniter.php(349): CodeIgniter\CodeIgniter->handleRequest(null, Object(Config\Cache), false)
 9 FCPATH\index.php(55): CodeIgniter\CodeIgniter->run()
CRITICAL - 2022-09-23 01:27:13 --> Trying to access array offset on value of type null
in APPPATH\Views\admin\nominee\nominee_view.php on line 37.
 1 APPPATH\Views\admin\nominee\nominee_view.php(37): CodeIgniter\Debug\Exceptions->errorHandler(8, 'Trying to access array offset on value of type null', 'APPPATH\\Views\\admin\\nominee\\nominee_view.php', 37, [...])
 2 SYSTEMPATH\View\View.php(213): include('APPPATH\\Views\\admin\\nominee\\nominee_view.php')
 3 SYSTEMPATH\View\View.php(216): CodeIgniter\View\View->CodeIgniter\View\{closure}()
 4 SYSTEMPATH\Common.php(1135): CodeIgniter\View\View->render('admin/nominee/nominee_view', [], true)
 5 APPPATH\Controllers\Admin\Nominee.php(75): view('admin/nominee/nominee_view', [...])
 6 SYSTEMPATH\CodeIgniter.php(896): App\Controllers\Admin\Nominee->getApproval('FCPATH\\images', 'prod-2.jpg')
 7 SYSTEMPATH\CodeIgniter.php(466): CodeIgniter\CodeIgniter->runController(Object(App\Controllers\Admin\Nominee))
 8 SYSTEMPATH\CodeIgniter.php(349): CodeIgniter\CodeIgniter->handleRequest(null, Object(Config\Cache), false)
 9 FCPATH\index.php(55): CodeIgniter\CodeIgniter->run()
CRITICAL - 2022-09-23 01:27:13 --> Trying to access array offset on value of type null
in APPPATH\Views\admin\nominee\nominee_view.php on line 37.
 1 APPPATH\Views\admin\nominee\nominee_view.php(37): CodeIgniter\Debug\Exceptions->errorHandler(8, 'Trying to access array offset on value of type null', 'APPPATH\\Views\\admin\\nominee\\nominee_view.php', 37, [...])
 2 SYSTEMPATH\View\View.php(213): include('APPPATH\\Views\\admin\\nominee\\nominee_view.php')
 3 SYSTEMPATH\View\View.php(216): CodeIgniter\View\View->CodeIgniter\View\{closure}()
 4 SYSTEMPATH\Common.php(1135): CodeIgniter\View\View->render('admin/nominee/nominee_view', [], true)
 5 APPPATH\Controllers\Admin\Nominee.php(75): view('admin/nominee/nominee_view', [...])
 6 SYSTEMPATH\CodeIgniter.php(896): App\Controllers\Admin\Nominee->getApproval('FCPATH\\images', 'prod-1.jpg')
 7 SYSTEMPATH\CodeIgniter.php(466): CodeIgniter\CodeIgniter->runController(Object(App\Controllers\Admin\Nominee))
 8 SYSTEMPATH\CodeIgniter.php(349): CodeIgniter\CodeIgniter->handleRequest(null, Object(Config\Cache), false)
 9 FCPATH\index.php(55): CodeIgniter\CodeIgniter->run()
CRITICAL - 2022-09-23 01:27:13 --> Trying to access array offset on value of type null
in APPPATH\Views\admin\nominee\nominee_view.php on line 37.
 1 APPPATH\Views\admin\nominee\nominee_view.php(37): CodeIgniter\Debug\Exceptions->errorHandler(8, 'Trying to access array offset on value of type null', 'APPPATH\\Views\\admin\\nominee\\nominee_view.php', 37, [...])
 2 SYSTEMPATH\View\View.php(213): include('APPPATH\\Views\\admin\\nominee\\nominee_view.php')
 3 SYSTEMPATH\View\View.php(216): CodeIgniter\View\View->CodeIgniter\View\{closure}()
 4 SYSTEMPATH\Common.php(1135): CodeIgniter\View\View->render('admin/nominee/nominee_view', [], true)
 5 APPPATH\Controllers\Admin\Nominee.php(75): view('admin/nominee/nominee_view', [...])
 6 SYSTEMPATH\CodeIgniter.php(896): App\Controllers\Admin\Nominee->getApproval('FCPATH\\images', 'prod-5.jpg')
 7 SYSTEMPATH\CodeIgniter.php(466): CodeIgniter\CodeIgniter->runController(Object(App\Controllers\Admin\Nominee))
 8 SYSTEMPATH\CodeIgniter.php(349): CodeIgniter\CodeIgniter->handleRequest(null, Object(Config\Cache), false)
 9 FCPATH\index.php(55): CodeIgniter\CodeIgniter->run()
CRITICAL - 2022-09-23 01:27:13 --> Trying to access array offset on value of type null
in APPPATH\Views\admin\nominee\nominee_view.php on line 37.
 1 APPPATH\Views\admin\nominee\nominee_view.php(37): CodeIgniter\Debug\Exceptions->errorHandler(8, 'Trying to access array offset on value of type null', 'APPPATH\\Views\\admin\\nominee\\nominee_view.php', 37, [...])
 2 SYSTEMPATH\View\View.php(213): include('APPPATH\\Views\\admin\\nominee\\nominee_view.php')
 3 SYSTEMPATH\View\View.php(216): CodeIgniter\View\View->CodeIgniter\View\{closure}()
 4 SYSTEMPATH\Common.php(1135): CodeIgniter\View\View->render('admin/nominee/nominee_view', [], true)
 5 APPPATH\Controllers\Admin\Nominee.php(75): view('admin/nominee/nominee_view', [...])
 6 SYSTEMPATH\CodeIgniter.php(896): App\Controllers\Admin\Nominee->getApproval('FCPATH\\images', 'prod-4.jpg')
 7 SYSTEMPATH\CodeIgniter.php(466): CodeIgniter\CodeIgniter->runController(Object(App\Controllers\Admin\Nominee))
 8 SYSTEMPATH\CodeIgniter.php(349): CodeIgniter\CodeIgniter->handleRequest(null, Object(Config\Cache), false)
 9 FCPATH\index.php(55): CodeIgniter\CodeIgniter->run()
CRITICAL - 2022-09-23 01:27:13 --> Trying to access array offset on value of type null
in APPPATH\Views\admin\nominee\nominee_view.php on line 37.
 1 APPPATH\Views\admin\nominee\nominee_view.php(37): CodeIgniter\Debug\Exceptions->errorHandler(8, 'Trying to access array offset on value of type null', 'APPPATH\\Views\\admin\\nominee\\nominee_view.php', 37, [...])
 2 SYSTEMPATH\View\View.php(213): include('APPPATH\\Views\\admin\\nominee\\nominee_view.php')
 3 SYSTEMPATH\View\View.php(216): CodeIgniter\View\View->CodeIgniter\View\{closure}()
 4 SYSTEMPATH\Common.php(1135): CodeIgniter\View\View->render('admin/nominee/nominee_view', [], true)
 5 APPPATH\Controllers\Admin\Nominee.php(75): view('admin/nominee/nominee_view', [...])
 6 SYSTEMPATH\CodeIgniter.php(896): App\Controllers\Admin\Nominee->getApproval('FCPATH\\images', 'prod-3.jpg')
 7 SYSTEMPATH\CodeIgniter.php(466): CodeIgniter\CodeIgniter->runController(Object(App\Controllers\Admin\Nominee))
 8 SYSTEMPATH\CodeIgniter.php(349): CodeIgniter\CodeIgniter->handleRequest(null, Object(Config\Cache), false)
 9 FCPATH\index.php(55): CodeIgniter\CodeIgniter->run()
CRITICAL - 2022-09-23 01:28:05 --> Trying to access array offset on value of type null
in APPPATH\Views\admin\nominee\nominee_view.php on line 37.
 1 APPPATH\Views\admin\nominee\nominee_view.php(37): CodeIgniter\Debug\Exceptions->errorHandler(8, 'Trying to access array offset on value of type null', 'APPPATH\\Views\\admin\\nominee\\nominee_view.php', 37, [...])
 2 SYSTEMPATH\View\View.php(213): include('APPPATH\\Views\\admin\\nominee\\nominee_view.php')
 3 SYSTEMPATH\View\View.php(216): CodeIgniter\View\View->CodeIgniter\View\{closure}()
 4 SYSTEMPATH\Common.php(1135): CodeIgniter\View\View->render('admin/nominee/nominee_view', [], true)
 5 APPPATH\Controllers\Admin\Nominee.php(75): view('admin/nominee/nominee_view', [...])
 6 SYSTEMPATH\CodeIgniter.php(896): App\Controllers\Admin\Nominee->getApproval('FCPATH\\images', 'prod-1.jpg')
 7 SYSTEMPATH\CodeIgniter.php(466): CodeIgniter\CodeIgniter->runController(Object(App\Controllers\Admin\Nominee))
 8 SYSTEMPATH\CodeIgniter.php(349): CodeIgniter\CodeIgniter->handleRequest(null, Object(Config\Cache), false)
 9 FCPATH\index.php(55): CodeIgniter\CodeIgniter->run()
CRITICAL - 2022-09-23 01:28:05 --> Trying to access array offset on value of type null
in APPPATH\Views\admin\nominee\nominee_view.php on line 37.
 1 APPPATH\Views\admin\nominee\nominee_view.php(37): CodeIgniter\Debug\Exceptions->errorHandler(8, 'Trying to access array offset on value of type null', 'APPPATH\\Views\\admin\\nominee\\nominee_view.php', 37, [...])
 2 SYSTEMPATH\View\View.php(213): include('APPPATH\\Views\\admin\\nominee\\nominee_view.php')
 3 SYSTEMPATH\View\View.php(216): CodeIgniter\View\View->CodeIgniter\View\{closure}()
 4 SYSTEMPATH\Common.php(1135): CodeIgniter\View\View->render('admin/nominee/nominee_view', [], true)
 5 APPPATH\Controllers\Admin\Nominee.php(75): view('admin/nominee/nominee_view', [...])
 6 SYSTEMPATH\CodeIgniter.php(896): App\Controllers\Admin\Nominee->getApproval('FCPATH\\images', 'prod-5.jpg')
 7 SYSTEMPATH\CodeIgniter.php(466): CodeIgniter\CodeIgniter->runController(Object(App\Controllers\Admin\Nominee))
 8 SYSTEMPATH\CodeIgniter.php(349): CodeIgniter\CodeIgniter->handleRequest(null, Object(Config\Cache), false)
 9 FCPATH\index.php(55): CodeIgniter\CodeIgniter->run()
CRITICAL - 2022-09-23 01:28:05 --> Trying to access array offset on value of type null
in APPPATH\Views\admin\nominee\nominee_view.php on line 37.
 1 APPPATH\Views\admin\nominee\nominee_view.php(37): CodeIgniter\Debug\Exceptions->errorHandler(8, 'Trying to access array offset on value of type null', 'APPPATH\\Views\\admin\\nominee\\nominee_view.php', 37, [...])
 2 SYSTEMPATH\View\View.php(213): include('APPPATH\\Views\\admin\\nominee\\nominee_view.php')
 3 SYSTEMPATH\View\View.php(216): CodeIgniter\View\View->CodeIgniter\View\{closure}()
 4 SYSTEMPATH\Common.php(1135): CodeIgniter\View\View->render('admin/nominee/nominee_view', [], true)
 5 APPPATH\Controllers\Admin\Nominee.php(75): view('admin/nominee/nominee_view', [...])
 6 SYSTEMPATH\CodeIgniter.php(896): App\Controllers\Admin\Nominee->getApproval('FCPATH\\images', 'prod-3.jpg')
 7 SYSTEMPATH\CodeIgniter.php(466): CodeIgniter\CodeIgniter->runController(Object(App\Controllers\Admin\Nominee))
 8 SYSTEMPATH\CodeIgniter.php(349): CodeIgniter\CodeIgniter->handleRequest(null, Object(Config\Cache), false)
 9 FCPATH\index.php(55): CodeIgniter\CodeIgniter->run()
CRITICAL - 2022-09-23 01:28:05 --> Trying to access array offset on value of type null
in APPPATH\Views\admin\nominee\nominee_view.php on line 37.
 1 APPPATH\Views\admin\nominee\nominee_view.php(37): CodeIgniter\Debug\Exceptions->errorHandler(8, 'Trying to access array offset on value of type null', 'APPPATH\\Views\\admin\\nominee\\nominee_view.php', 37, [...])
 2 SYSTEMPATH\View\View.php(213): include('APPPATH\\Views\\admin\\nominee\\nominee_view.php')
 3 SYSTEMPATH\View\View.php(216): CodeIgniter\View\View->CodeIgniter\View\{closure}()
 4 SYSTEMPATH\Common.php(1135): CodeIgniter\View\View->render('admin/nominee/nominee_view', [], true)
 5 APPPATH\Controllers\Admin\Nominee.php(75): view('admin/nominee/nominee_view', [...])
 6 SYSTEMPATH\CodeIgniter.php(896): App\Controllers\Admin\Nominee->getApproval('FCPATH\\images', 'prod-2.jpg')
 7 SYSTEMPATH\CodeIgniter.php(466): CodeIgniter\CodeIgniter->runController(Object(App\Controllers\Admin\Nominee))
 8 SYSTEMPATH\CodeIgniter.php(349): CodeIgniter\CodeIgniter->handleRequest(null, Object(Config\Cache), false)
 9 FCPATH\index.php(55): CodeIgniter\CodeIgniter->run()
CRITICAL - 2022-09-23 01:28:05 --> Trying to access array offset on value of type null
in APPPATH\Views\admin\nominee\nominee_view.php on line 37.
 1 APPPATH\Views\admin\nominee\nominee_view.php(37): CodeIgniter\Debug\Exceptions->errorHandler(8, 'Trying to access array offset on value of type null', 'APPPATH\\Views\\admin\\nominee\\nominee_view.php', 37, [...])
 2 SYSTEMPATH\View\View.php(213): include('APPPATH\\Views\\admin\\nominee\\nominee_view.php')
 3 SYSTEMPATH\View\View.php(216): CodeIgniter\View\View->CodeIgniter\View\{closure}()
 4 SYSTEMPATH\Common.php(1135): CodeIgniter\View\View->render('admin/nominee/nominee_view', [], true)
 5 APPPATH\Controllers\Admin\Nominee.php(75): view('admin/nominee/nominee_view', [...])
 6 SYSTEMPATH\CodeIgniter.php(896): App\Controllers\Admin\Nominee->getApproval('FCPATH\\images', 'prod-4.jpg')
 7 SYSTEMPATH\CodeIgniter.php(466): CodeIgniter\CodeIgniter->runController(Object(App\Controllers\Admin\Nominee))
 8 SYSTEMPATH\CodeIgniter.php(349): CodeIgniter\CodeIgniter->handleRequest(null, Object(Config\Cache), false)
 9 FCPATH\index.php(55): CodeIgniter\CodeIgniter->run()
CRITICAL - 2022-09-23 01:28:33 --> Trying to access array offset on value of type null
in APPPATH\Views\admin\nominee\nominee_view.php on line 37.
 1 APPPATH\Views\admin\nominee\nominee_view.php(37): CodeIgniter\Debug\Exceptions->errorHandler(8, 'Trying to access array offset on value of type null', 'APPPATH\\Views\\admin\\nominee\\nominee_view.php', 37, [...])
 2 SYSTEMPATH\View\View.php(213): include('APPPATH\\Views\\admin\\nominee\\nominee_view.php')
 3 SYSTEMPATH\View\View.php(216): CodeIgniter\View\View->CodeIgniter\View\{closure}()
 4 SYSTEMPATH\Common.php(1135): CodeIgniter\View\View->render('admin/nominee/nominee_view', [], true)
 5 APPPATH\Controllers\Admin\Nominee.php(75): view('admin/nominee/nominee_view', [...])
 6 SYSTEMPATH\CodeIgniter.php(896): App\Controllers\Admin\Nominee->getApproval('FCPATH\\images', 'prod-1.jpg')
 7 SYSTEMPATH\CodeIgniter.php(466): CodeIgniter\CodeIgniter->runController(Object(App\Controllers\Admin\Nominee))
 8 SYSTEMPATH\CodeIgniter.php(349): CodeIgniter\CodeIgniter->handleRequest(null, Object(Config\Cache), false)
 9 FCPATH\index.php(55): CodeIgniter\CodeIgniter->run()
CRITICAL - 2022-09-23 01:28:33 --> Trying to access array offset on value of type null
in APPPATH\Views\admin\nominee\nominee_view.php on line 37.
 1 APPPATH\Views\admin\nominee\nominee_view.php(37): CodeIgniter\Debug\Exceptions->errorHandler(8, 'Trying to access array offset on value of type null', 'APPPATH\\Views\\admin\\nominee\\nominee_view.php', 37, [...])
 2 SYSTEMPATH\View\View.php(213): include('APPPATH\\Views\\admin\\nominee\\nominee_view.php')
 3 SYSTEMPATH\View\View.php(216): CodeIgniter\View\View->CodeIgniter\View\{closure}()
 4 SYSTEMPATH\Common.php(1135): CodeIgniter\View\View->render('admin/nominee/nominee_view', [], true)
 5 APPPATH\Controllers\Admin\Nominee.php(75): view('admin/nominee/nominee_view', [...])
 6 SYSTEMPATH\CodeIgniter.php(896): App\Controllers\Admin\Nominee->getApproval('FCPATH\\images', 'prod-2.jpg')
 7 SYSTEMPATH\CodeIgniter.php(466): CodeIgniter\CodeIgniter->runController(Object(App\Controllers\Admin\Nominee))
 8 SYSTEMPATH\CodeIgniter.php(349): CodeIgniter\CodeIgniter->handleRequest(null, Object(Config\Cache), false)
 9 FCPATH\index.php(55): CodeIgniter\CodeIgniter->run()
CRITICAL - 2022-09-23 01:28:33 --> Trying to access array offset on value of type null
in APPPATH\Views\admin\nominee\nominee_view.php on line 37.
 1 APPPATH\Views\admin\nominee\nominee_view.php(37): CodeIgniter\Debug\Exceptions->errorHandler(8, 'Trying to access array offset on value of type null', 'APPPATH\\Views\\admin\\nominee\\nominee_view.php', 37, [...])
 2 SYSTEMPATH\View\View.php(213): include('APPPATH\\Views\\admin\\nominee\\nominee_view.php')
 3 SYSTEMPATH\View\View.php(216): CodeIgniter\View\View->CodeIgniter\View\{closure}()
 4 SYSTEMPATH\Common.php(1135): CodeIgniter\View\View->render('admin/nominee/nominee_view', [], true)
 5 APPPATH\Controllers\Admin\Nominee.php(75): view('admin/nominee/nominee_view', [...])
 6 SYSTEMPATH\CodeIgniter.php(896): App\Controllers\Admin\Nominee->getApproval('FCPATH\\images', 'prod-5.jpg')
 7 SYSTEMPATH\CodeIgniter.php(466): CodeIgniter\CodeIgniter->runController(Object(App\Controllers\Admin\Nominee))
 8 SYSTEMPATH\CodeIgniter.php(349): CodeIgniter\CodeIgniter->handleRequest(null, Object(Config\Cache), false)
 9 FCPATH\index.php(55): CodeIgniter\CodeIgniter->run()
CRITICAL - 2022-09-23 01:28:33 --> Trying to access array offset on value of type null
in APPPATH\Views\admin\nominee\nominee_view.php on line 37.
 1 APPPATH\Views\admin\nominee\nominee_view.php(37): CodeIgniter\Debug\Exceptions->errorHandler(8, 'Trying to access array offset on value of type null', 'APPPATH\\Views\\admin\\nominee\\nominee_view.php', 37, [...])
 2 SYSTEMPATH\View\View.php(213): include('APPPATH\\Views\\admin\\nominee\\nominee_view.php')
 3 SYSTEMPATH\View\View.php(216): CodeIgniter\View\View->CodeIgniter\View\{closure}()
 4 SYSTEMPATH\Common.php(1135): CodeIgniter\View\View->render('admin/nominee/nominee_view', [], true)
 5 APPPATH\Controllers\Admin\Nominee.php(75): view('admin/nominee/nominee_view', [...])
 6 SYSTEMPATH\CodeIgniter.php(896): App\Controllers\Admin\Nominee->getApproval('FCPATH\\images', 'prod-4.jpg')
 7 SYSTEMPATH\CodeIgniter.php(466): CodeIgniter\CodeIgniter->runController(Object(App\Controllers\Admin\Nominee))
 8 SYSTEMPATH\CodeIgniter.php(349): CodeIgniter\CodeIgniter->handleRequest(null, Object(Config\Cache), false)
 9 FCPATH\index.php(55): CodeIgniter\CodeIgniter->run()
CRITICAL - 2022-09-23 01:28:33 --> Trying to access array offset on value of type null
in APPPATH\Views\admin\nominee\nominee_view.php on line 37.
 1 APPPATH\Views\admin\nominee\nominee_view.php(37): CodeIgniter\Debug\Exceptions->errorHandler(8, 'Trying to access array offset on value of type null', 'APPPATH\\Views\\admin\\nominee\\nominee_view.php', 37, [...])
 2 SYSTEMPATH\View\View.php(213): include('APPPATH\\Views\\admin\\nominee\\nominee_view.php')
 3 SYSTEMPATH\View\View.php(216): CodeIgniter\View\View->CodeIgniter\View\{closure}()
 4 SYSTEMPATH\Common.php(1135): CodeIgniter\View\View->render('admin/nominee/nominee_view', [], true)
 5 APPPATH\Controllers\Admin\Nominee.php(75): view('admin/nominee/nominee_view', [...])
 6 SYSTEMPATH\CodeIgniter.php(896): App\Controllers\Admin\Nominee->getApproval('FCPATH\\images', 'prod-3.jpg')
 7 SYSTEMPATH\CodeIgniter.php(466): CodeIgniter\CodeIgniter->runController(Object(App\Controllers\Admin\Nominee))
 8 SYSTEMPATH\CodeIgniter.php(349): CodeIgniter\CodeIgniter->handleRequest(null, Object(Config\Cache), false)
 9 FCPATH\index.php(55): CodeIgniter\CodeIgniter->run()
CRITICAL - 2022-09-23 02:10:34 --> Trying to access array offset on value of type null
in APPPATH\Views\admin\nominee\nominee_view.php on line 17.
 1 APPPATH\Views\admin\nominee\nominee_view.php(17): CodeIgniter\Debug\Exceptions->errorHandler(8, 'Trying to access array offset on value of type null', 'APPPATH\\Views\\admin\\nominee\\nominee_view.php', 17, [...])
 2 SYSTEMPATH\View\View.php(213): include('APPPATH\\Views\\admin\\nominee\\nominee_view.php')
 3 SYSTEMPATH\View\View.php(216): CodeIgniter\View\View->CodeIgniter\View\{closure}()
 4 SYSTEMPATH\Common.php(1135): CodeIgniter\View\View->render('admin/nominee/nominee_view', [], true)
 5 APPPATH\Controllers\Admin\Nominee.php(75): view('admin/nominee/nominee_view', [...])
 6 SYSTEMPATH\CodeIgniter.php(896): App\Controllers\Admin\Nominee->getApproval('7')
 7 SYSTEMPATH\CodeIgniter.php(466): CodeIgniter\CodeIgniter->runController(Object(App\Controllers\Admin\Nominee))
 8 SYSTEMPATH\CodeIgniter.php(349): CodeIgniter\CodeIgniter->handleRequest(null, Object(Config\Cache), false)
 9 FCPATH\index.php(55): CodeIgniter\CodeIgniter->run()
