CRITICAL - 2022-09-09 00:28:00 --> Undefined variable: roles
in APPPATH\Views\admin\nomination\add.php on line 38.
 1 APPPATH\Views\admin\nomination\add.php(38): CodeIgniter\Debug\Exceptions->errorHandler(8, 'Undefined variable: roles', 'APPPATH\\Views\\admin\\nomination\\add.php', 38, [...])
 2 SYSTEMPATH\View\View.php(213): include('APPPATH\\Views\\admin\\nomination\\add.php')
 3 SYSTEMPATH\View\View.php(216): CodeIgniter\View\View->CodeIgniter\View\{closure}()
 4 SYSTEMPATH\Common.php(1135): CodeIgniter\View\View->render('admin/nomination/add', [], true)
 5 APPPATH\Controllers\Admin\Nomination.php(116): view('admin/nomination/add', [...])
 6 SYSTEMPATH\CodeIgniter.php(896): App\Controllers\Admin\Nomination->add()
 7 SYSTEMPATH\CodeIgniter.php(466): CodeIgniter\CodeIgniter->runController(Object(App\Controllers\Admin\Nomination))
 8 SYSTEMPATH\CodeIgniter.php(349): CodeIgniter\CodeIgniter->handleRequest(null, Object(Config\Cache), false)
 9 FCPATH\index.php(55): CodeIgniter\CodeIgniter->run()
CRITICAL - 2022-09-09 00:35:38 --> Call to a member function getResultArray() on array
in APPPATH\Controllers\Admin\Nomination.php on line 50.
 1 SYSTEMPATH\CodeIgniter.php(896): App\Controllers\Admin\Nomination->add()
 2 SYSTEMPATH\CodeIgniter.php(466): CodeIgniter\CodeIgniter->runController(Object(App\Controllers\Admin\Nomination))
 3 SYSTEMPATH\CodeIgniter.php(349): CodeIgniter\CodeIgniter->handleRequest(null, Object(Config\Cache), false)
 4 FCPATH\index.php(55): CodeIgniter\CodeIgniter->run()
CRITICAL - 2022-09-09 00:37:32 --> Call to a member function getResultArray() on array
in APPPATH\Controllers\Admin\Nomination.php on line 52.
 1 SYSTEMPATH\CodeIgniter.php(896): App\Controllers\Admin\Nomination->add()
 2 SYSTEMPATH\CodeIgniter.php(466): CodeIgniter\CodeIgniter->runController(Object(App\Controllers\Admin\Nomination))
 3 SYSTEMPATH\CodeIgniter.php(349): CodeIgniter\CodeIgniter->handleRequest(null, Object(Config\Cache), false)
 4 FCPATH\index.php(55): CodeIgniter\CodeIgniter->run()
CRITICAL - 2022-09-09 00:47:46 --> Undefined index: name
in APPPATH\Views\admin\nomination\list.php on line 42.
 1 APPPATH\Views\admin\nomination\list.php(42): CodeIgniter\Debug\Exceptions->errorHandler(8, 'Undefined index: name', 'APPPATH\\Views\\admin\\nomination\\list.php', 42, [...])
 2 SYSTEMPATH\View\View.php(213): include('APPPATH\\Views\\admin\\nomination\\list.php')
 3 SYSTEMPATH\View\View.php(216): CodeIgniter\View\View->CodeIgniter\View\{closure}()
 4 SYSTEMPATH\Common.php(1135): CodeIgniter\View\View->render('admin/nomination/list', [], true)
 5 APPPATH\Controllers\Admin\Nomination.php(29): view('admin/nomination/list', [...])
 6 SYSTEMPATH\CodeIgniter.php(896): App\Controllers\Admin\Nomination->index()
 7 SYSTEMPATH\CodeIgniter.php(466): CodeIgniter\CodeIgniter->runController(Object(App\Controllers\Admin\Nomination))
 8 SYSTEMPATH\CodeIgniter.php(349): CodeIgniter\CodeIgniter->handleRequest(null, Object(Config\Cache), false)
 9 FCPATH\index.php(55): CodeIgniter\CodeIgniter->run()
