CRITICAL - 2022-11-10 19:08:37 --> unlink(C:\xampp\htdocs\sunpharma\writable\debugbar/debugbar_1668074087.230775.json): No such file or directory
in SYSTEMPATH\Debug\Toolbar\Collectors\History.php on line 76.
 1 [internal function]: CodeIgniter\Debug\Exceptions->errorHandler(2, 'unlink(C:\\xampp\\htdocs\\sunpharma\\writable\\debugbar/debugbar_1668074087.230775.json): No such file or directory', 'SYSTEMPATH\\Debug\\Toolbar\\Collectors\\History.php', 76, [...])
 2 SYSTEMPATH\Debug\Toolbar\Collectors\History.php(76): unlink('ROOTPATH\\writable\\debugbar/debugbar_1668074087.230775.json')
 3 SYSTEMPATH\Debug\Toolbar.php(495): CodeIgniter\Debug\Toolbar\Collectors\History->setFiles('1668128912.362025', 20)
 4 SYSTEMPATH\Debug\Toolbar.php(472): CodeIgniter\Debug\Toolbar->format([...], 'html')
 5 APPPATH\Config\Events.php(46): CodeIgniter\Debug\Toolbar->respond()
 6 SYSTEMPATH\Events\Events.php(149): CodeIgniter\Events\Events::Config\{closure}()
 7 SYSTEMPATH\CodeIgniter.php(326): CodeIgniter\Events\Events::trigger('pre_system')
 8 FCPATH\index.php(55): CodeIgniter\CodeIgniter->run()
CRITICAL - 2022-11-10 20:22:23 --> Undefined index: naminator_photo
in APPPATH\Views\admin\awards\list.php on line 69.
 1 APPPATH\Views\admin\awards\list.php(69): CodeIgniter\Debug\Exceptions->errorHandler(8, 'Undefined index: naminator_photo', 'APPPATH\\Views\\admin\\awards\\list.php', 69, [...])
 2 SYSTEMPATH\View\View.php(213): include('APPPATH\\Views\\admin\\awards\\list.php')
 3 SYSTEMPATH\View\View.php(216): CodeIgniter\View\View->CodeIgniter\View\{closure}()
 4 SYSTEMPATH\Common.php(1135): CodeIgniter\View\View->render('admin/awards/list', [], true)
 5 APPPATH\Controllers\Admin\Awards.php(68): view('admin/awards/list', [...])
 6 SYSTEMPATH\CodeIgniter.php(896): App\Controllers\Admin\Awards->index()
 7 SYSTEMPATH\CodeIgniter.php(466): CodeIgniter\CodeIgniter->runController(Object(App\Controllers\Admin\Awards))
 8 SYSTEMPATH\CodeIgniter.php(349): CodeIgniter\CodeIgniter->handleRequest(null, Object(Config\Cache), false)
 9 FCPATH\index.php(55): CodeIgniter\CodeIgniter->run()
CRITICAL - 2022-11-10 20:59:54 --> Undefined variable: juryLists
in APPPATH\Views\admin\awards\list.php on line 172.
 1 APPPATH\Views\admin\awards\list.php(172): CodeIgniter\Debug\Exceptions->errorHandler(8, 'Undefined variable: juryLists', 'APPPATH\\Views\\admin\\awards\\list.php', 172, [...])
 2 SYSTEMPATH\View\View.php(213): include('APPPATH\\Views\\admin\\awards\\list.php')
 3 SYSTEMPATH\View\View.php(216): CodeIgniter\View\View->CodeIgniter\View\{closure}()
 4 SYSTEMPATH\Common.php(1135): CodeIgniter\View\View->render('admin/awards/list', [], true)
 5 APPPATH\Controllers\Admin\Awards.php(69): view('admin/awards/list', [...])
 6 SYSTEMPATH\CodeIgniter.php(896): App\Controllers\Admin\Awards->index()
 7 SYSTEMPATH\CodeIgniter.php(466): CodeIgniter\CodeIgniter->runController(Object(App\Controllers\Admin\Awards))
 8 SYSTEMPATH\CodeIgniter.php(349): CodeIgniter\CodeIgniter->handleRequest(null, Object(Config\Cache), false)
 9 FCPATH\index.php(55): CodeIgniter\CodeIgniter->run()
CRITICAL - 2022-11-10 21:38:28 --> Undefined variable: request
in APPPATH\Controllers\Admin\Awards.php on line 173.
 1 APPPATH\Controllers\Admin\Awards.php(173): CodeIgniter\Debug\Exceptions->errorHandler(8, 'Undefined variable: request', 'APPPATH\\Controllers\\Admin\\Awards.php', 173, [...])
 2 SYSTEMPATH\CodeIgniter.php(896): App\Controllers\Admin\Awards->getJuryListsByNominee('6')
 3 SYSTEMPATH\CodeIgniter.php(466): CodeIgniter\CodeIgniter->runController(Object(App\Controllers\Admin\Awards))
 4 SYSTEMPATH\CodeIgniter.php(349): CodeIgniter\CodeIgniter->handleRequest(null, Object(Config\Cache), false)
 5 FCPATH\index.php(55): CodeIgniter\CodeIgniter->run()
