CRITICAL - 2022-10-12 07:41:03 --> preg_match() expects parameter 2 to be string, array given
in SYSTEMPATH\Validation\Validation.php on line 283.
 1 [internal function]: CodeIgniter\Debug\Exceptions->errorHandler(2, 'preg_match() expects parameter 2 to be string, array given', 'SYSTEMPATH\\Validation\\Validation.php', 283, [...])
 2 SYSTEMPATH\Validation\Validation.php(283): preg_match('/(.*?)\\[(.*)\\]/', [...], null)
 3 SYSTEMPATH\Validation\Validation.php(173): CodeIgniter\Validation\Validation->processRules('0', '0', null, [...], [...])
 4 SYSTEMPATH\Controller.php(140): CodeIgniter\Validation\Validation->run()
 5 APPPATH\Controllers\Nomination.php(246): CodeIgniter\Controller->validate([...])
 6 SYSTEMPATH\CodeIgniter.php(896): App\Controllers\Nomination->spsfn()
 7 SYSTEMPATH\CodeIgniter.php(466): CodeIgniter\CodeIgniter->runController(Object(App\Controllers\Nomination))
 8 SYSTEMPATH\CodeIgniter.php(349): CodeIgniter\CodeIgniter->handleRequest(null, Object(Config\Cache), false)
 9 FCPATH\index.php(55): CodeIgniter\CodeIgniter->run()
CRITICAL - 2022-10-12 07:41:34 --> Undefined index: login_id
in APPPATH\Controllers\Nomination.php on line 289.
 1 APPPATH\Controllers\Nomination.php(289): CodeIgniter\Debug\Exceptions->errorHandler(8, 'Undefined index: login_id', 'APPPATH\\Controllers\\Nomination.php', 289, [...])
 2 SYSTEMPATH\CodeIgniter.php(896): App\Controllers\Nomination->spsfn()
 3 SYSTEMPATH\CodeIgniter.php(466): CodeIgniter\CodeIgniter->runController(Object(App\Controllers\Nomination))
 4 SYSTEMPATH\CodeIgniter.php(349): CodeIgniter\CodeIgniter->handleRequest(null, Object(Config\Cache), false)
 5 FCPATH\index.php(55): CodeIgniter\CodeIgniter->run()
CRITICAL - 2022-10-12 07:42:26 --> Undefined index: login_id
in APPPATH\Controllers\Nomination.php on line 289.
 1 APPPATH\Controllers\Nomination.php(289): CodeIgniter\Debug\Exceptions->errorHandler(8, 'Undefined index: login_id', 'APPPATH\\Controllers\\Nomination.php', 289, [...])
 2 SYSTEMPATH\CodeIgniter.php(896): App\Controllers\Nomination->spsfn()
 3 SYSTEMPATH\CodeIgniter.php(466): CodeIgniter\CodeIgniter->runController(Object(App\Controllers\Nomination))
 4 SYSTEMPATH\CodeIgniter.php(349): CodeIgniter\CodeIgniter->handleRequest(null, Object(Config\Cache), false)
 5 FCPATH\index.php(55): CodeIgniter\CodeIgniter->run()
CRITICAL - 2022-10-12 07:44:25 --> Undefined index: login_id
in APPPATH\Controllers\Nomination.php on line 289.
 1 APPPATH\Controllers\Nomination.php(289): CodeIgniter\Debug\Exceptions->errorHandler(8, 'Undefined index: login_id', 'APPPATH\\Controllers\\Nomination.php', 289, [...])
 2 SYSTEMPATH\CodeIgniter.php(896): App\Controllers\Nomination->spsfn()
 3 SYSTEMPATH\CodeIgniter.php(466): CodeIgniter\CodeIgniter->runController(Object(App\Controllers\Nomination))
 4 SYSTEMPATH\CodeIgniter.php(349): CodeIgniter\CodeIgniter->handleRequest(null, Object(Config\Cache), false)
 5 FCPATH\index.php(55): CodeIgniter\CodeIgniter->run()
CRITICAL - 2022-10-12 07:45:12 --> preg_match() expects parameter 2 to be string, array given
in SYSTEMPATH\Validation\Validation.php on line 283.
 1 [internal function]: CodeIgniter\Debug\Exceptions->errorHandler(2, 'preg_match() expects parameter 2 to be string, array given', 'SYSTEMPATH\\Validation\\Validation.php', 283, [...])
 2 SYSTEMPATH\Validation\Validation.php(283): preg_match('/(.*?)\\[(.*)\\]/', [...], null)
 3 SYSTEMPATH\Validation\Validation.php(173): CodeIgniter\Validation\Validation->processRules('0', '0', null, [...], [...])
 4 SYSTEMPATH\Controller.php(140): CodeIgniter\Validation\Validation->run()
 5 APPPATH\Controllers\Nomination.php(246): CodeIgniter\Controller->validate([...])
 6 SYSTEMPATH\CodeIgniter.php(896): App\Controllers\Nomination->spsfn()
 7 SYSTEMPATH\CodeIgniter.php(466): CodeIgniter\CodeIgniter->runController(Object(App\Controllers\Nomination))
 8 SYSTEMPATH\CodeIgniter.php(349): CodeIgniter\CodeIgniter->handleRequest(null, Object(Config\Cache), false)
 9 FCPATH\index.php(55): CodeIgniter\CodeIgniter->run()
CRITICAL - 2022-10-12 07:45:21 --> Undefined variable: nominationModel
in APPPATH\Controllers\Nomination.php on line 324.
 1 APPPATH\Controllers\Nomination.php(324): CodeIgniter\Debug\Exceptions->errorHandler(8, 'Undefined variable: nominationModel', 'APPPATH\\Controllers\\Nomination.php', 324, [...])
 2 SYSTEMPATH\CodeIgniter.php(896): App\Controllers\Nomination->spsfn()
 3 SYSTEMPATH\CodeIgniter.php(466): CodeIgniter\CodeIgniter->runController(Object(App\Controllers\Nomination))
 4 SYSTEMPATH\CodeIgniter.php(349): CodeIgniter\CodeIgniter->handleRequest(null, Object(Config\Cache), false)
 5 FCPATH\index.php(55): CodeIgniter\CodeIgniter->run()
CRITICAL - 2022-10-12 07:45:54 --> preg_match() expects parameter 2 to be string, array given
in SYSTEMPATH\Validation\Validation.php on line 283.
 1 [internal function]: CodeIgniter\Debug\Exceptions->errorHandler(2, 'preg_match() expects parameter 2 to be string, array given', 'SYSTEMPATH\\Validation\\Validation.php', 283, [...])
 2 SYSTEMPATH\Validation\Validation.php(283): preg_match('/(.*?)\\[(.*)\\]/', [...], null)
 3 SYSTEMPATH\Validation\Validation.php(173): CodeIgniter\Validation\Validation->processRules('0', '0', null, [...], [...])
 4 SYSTEMPATH\Controller.php(140): CodeIgniter\Validation\Validation->run()
 5 APPPATH\Controllers\Nomination.php(247): CodeIgniter\Controller->validate([...])
 6 SYSTEMPATH\CodeIgniter.php(896): App\Controllers\Nomination->spsfn()
 7 SYSTEMPATH\CodeIgniter.php(466): CodeIgniter\CodeIgniter->runController(Object(App\Controllers\Nomination))
 8 SYSTEMPATH\CodeIgniter.php(349): CodeIgniter\CodeIgniter->handleRequest(null, Object(Config\Cache), false)
 9 FCPATH\index.php(55): CodeIgniter\CodeIgniter->run()
CRITICAL - 2022-10-12 07:45:58 --> preg_match() expects parameter 2 to be string, array given
in SYSTEMPATH\Validation\Validation.php on line 283.
 1 [internal function]: CodeIgniter\Debug\Exceptions->errorHandler(2, 'preg_match() expects parameter 2 to be string, array given', 'SYSTEMPATH\\Validation\\Validation.php', 283, [...])
 2 SYSTEMPATH\Validation\Validation.php(283): preg_match('/(.*?)\\[(.*)\\]/', [...], null)
 3 SYSTEMPATH\Validation\Validation.php(173): CodeIgniter\Validation\Validation->processRules('0', '0', null, [...], [...])
 4 SYSTEMPATH\Controller.php(140): CodeIgniter\Validation\Validation->run()
 5 APPPATH\Controllers\Nomination.php(247): CodeIgniter\Controller->validate([...])
 6 SYSTEMPATH\CodeIgniter.php(896): App\Controllers\Nomination->spsfn()
 7 SYSTEMPATH\CodeIgniter.php(466): CodeIgniter\CodeIgniter->runController(Object(App\Controllers\Nomination))
 8 SYSTEMPATH\CodeIgniter.php(349): CodeIgniter\CodeIgniter->handleRequest(null, Object(Config\Cache), false)
 9 FCPATH\index.php(55): CodeIgniter\CodeIgniter->run()
CRITICAL - 2022-10-12 08:00:52 --> preg_match() expects parameter 2 to be string, array given
in SYSTEMPATH\Validation\Validation.php on line 283.
 1 [internal function]: CodeIgniter\Debug\Exceptions->errorHandler(2, 'preg_match() expects parameter 2 to be string, array given', 'SYSTEMPATH\\Validation\\Validation.php', 283, [...])
 2 SYSTEMPATH\Validation\Validation.php(283): preg_match('/(.*?)\\[(.*)\\]/', [...], null)
 3 SYSTEMPATH\Validation\Validation.php(173): CodeIgniter\Validation\Validation->processRules('0', '0', null, [...], [...])
 4 SYSTEMPATH\Controller.php(140): CodeIgniter\Validation\Validation->run()
 5 APPPATH\Controllers\Nomination.php(249): CodeIgniter\Controller->validate([...])
 6 SYSTEMPATH\CodeIgniter.php(896): App\Controllers\Nomination->spsfn()
 7 SYSTEMPATH\CodeIgniter.php(466): CodeIgniter\CodeIgniter->runController(Object(App\Controllers\Nomination))
 8 SYSTEMPATH\CodeIgniter.php(349): CodeIgniter\CodeIgniter->handleRequest(null, Object(Config\Cache), false)
 9 FCPATH\index.php(55): CodeIgniter\CodeIgniter->run()
CRITICAL - 2022-10-12 08:03:47 --> preg_match() expects parameter 2 to be string, array given
in SYSTEMPATH\Validation\Validation.php on line 283.
 1 [internal function]: CodeIgniter\Debug\Exceptions->errorHandler(2, 'preg_match() expects parameter 2 to be string, array given', 'SYSTEMPATH\\Validation\\Validation.php', 283, [...])
 2 SYSTEMPATH\Validation\Validation.php(283): preg_match('/(.*?)\\[(.*)\\]/', [...], null)
 3 SYSTEMPATH\Validation\Validation.php(173): CodeIgniter\Validation\Validation->processRules('0', '0', null, [...], [...])
 4 SYSTEMPATH\Controller.php(140): CodeIgniter\Validation\Validation->run()
 5 APPPATH\Controllers\Nomination.php(251): CodeIgniter\Controller->validate([...])
 6 SYSTEMPATH\CodeIgniter.php(896): App\Controllers\Nomination->spsfn()
 7 SYSTEMPATH\CodeIgniter.php(466): CodeIgniter\CodeIgniter->runController(Object(App\Controllers\Nomination))
 8 SYSTEMPATH\CodeIgniter.php(349): CodeIgniter\CodeIgniter->handleRequest(null, Object(Config\Cache), false)
 9 FCPATH\index.php(55): CodeIgniter\CodeIgniter->run()
CRITICAL - 2022-10-12 23:57:17 --> Trying to access array offset on value of type int
in APPPATH\Controllers\User.php on line 25.
 1 APPPATH\Controllers\User.php(25): CodeIgniter\Debug\Exceptions->errorHandler(8, 'Trying to access array offset on value of type int', 'APPPATH\\Controllers\\User.php', 25, [...])
 2 SYSTEMPATH\CodeIgniter.php(896): App\Controllers\User->login()
 3 SYSTEMPATH\CodeIgniter.php(466): CodeIgniter\CodeIgniter->runController(Object(App\Controllers\User))
 4 SYSTEMPATH\CodeIgniter.php(349): CodeIgniter\CodeIgniter->handleRequest(null, Object(Config\Cache), false)
 5 FCPATH\index.php(55): CodeIgniter\CodeIgniter->run()
